Using pre-set license
Built from '2022.3/staging' branch; Version is '2022.3.17f1 (4fc78088f837) revision 5228416'; Using compiler version '192829333'; Build Type 'Release'
OS: 'Windows 11  (10.0.22631) 64bit Core' Language: 'en' Physical Memory: 16003 MB
BatchMode: 1, IsHumanControllingUs: 0, StartBugReporterOnCrash: 0, Is64bit: 1, IsPro: 1

COMMAND LINE ARGUMENTS:
C:\Program Files\Unity\Hub\Editor\2022.3.17f1\Editor\Unity.exe
-adb2
-batchMode
-noUpm
-name
AssetImportWorker5
-projectPath
C:/Users/ricok/OneDrive/Documents/GitHub/From-the-Shadows/From the Shadows
-logFile
Logs/AssetImportWorker5.log
-srvPort
62689
Successfully changed project path to: C:/Users/ricok/OneDrive/Documents/GitHub/From-the-Shadows/From the Shadows
C:/Users/ricok/OneDrive/Documents/GitHub/From-the-Shadows/From the Shadows
[UnityMemory] Configuration Parameters - Can be set up in boot.config
    "memorysetup-bucket-allocator-granularity=16"
    "memorysetup-bucket-allocator-bucket-count=8"
    "memorysetup-bucket-allocator-block-size=33554432"
    "memorysetup-bucket-allocator-block-count=8"
    "memorysetup-main-allocator-block-size=16777216"
    "memorysetup-thread-allocator-block-size=16777216"
    "memorysetup-gfx-main-allocator-block-size=16777216"
    "memorysetup-gfx-thread-allocator-block-size=16777216"
    "memorysetup-cache-allocator-block-size=4194304"
    "memorysetup-typetree-allocator-block-size=2097152"
    "memorysetup-profiler-bucket-allocator-granularity=16"
    "memorysetup-profiler-bucket-allocator-bucket-count=8"
    "memorysetup-profiler-bucket-allocator-block-size=33554432"
    "memorysetup-profiler-bucket-allocator-block-count=8"
    "memorysetup-profiler-allocator-block-size=16777216"
    "memorysetup-profiler-editor-allocator-block-size=1048576"
    "memorysetup-temp-allocator-size-main=16777216"
    "memorysetup-job-temp-allocator-block-size=2097152"
    "memorysetup-job-temp-allocator-block-size-background=1048576"
    "memorysetup-job-temp-allocator-reduction-small-platforms=262144"
    "memorysetup-allocator-temp-initial-block-size-main=262144"
    "memorysetup-allocator-temp-initial-block-size-worker=262144"
    "memorysetup-temp-allocator-size-background-worker=32768"
    "memorysetup-temp-allocator-size-job-worker=262144"
    "memorysetup-temp-allocator-size-preload-manager=33554432"
    "memorysetup-temp-allocator-size-nav-mesh-worker=65536"
    "memorysetup-temp-allocator-size-audio-worker=65536"
    "memorysetup-temp-allocator-size-cloud-worker=32768"
    "memorysetup-temp-allocator-size-gi-baking-worker=262144"
    "memorysetup-temp-allocator-size-gfx=262144"
Player connection [34880] Host "[IP] 10.252.1.248 [Port] 0 [Flags] 2 [Guid] 3511994750 [EditorId] 3511994750 [Version] 1048832 [Id] WindowsEditor(7,Akumu-M16) [Debug] 1 [PackageName] WindowsEditor [ProjectName] Editor" joined multi-casting on [225.0.0.222:54997]...

Player connection [34880] Host "[IP] 10.252.1.248 [Port] 0 [Flags] 2 [Guid] 3511994750 [EditorId] 3511994750 [Version] 1048832 [Id] WindowsEditor(7,Akumu-M16) [Debug] 1 [PackageName] WindowsEditor [ProjectName] Editor" joined alternative multi-casting on [225.0.0.222:34997]...

[Physics::Module] Initialized MultithreadedJobDispatcher with 19 workers.
Refreshing native plugins compatible for Editor in 23.66 ms, found 3 plugins.
Preloading 0 native plugins for Editor in 0.00 ms.
Initialize engine version: 2022.3.17f1 (4fc78088f837)
[Subsystems] Discovering subsystems at path C:/Program Files/Unity/Hub/Editor/2022.3.17f1/Editor/Data/Resources/UnitySubsystems
[Subsystems] Discovering subsystems at path C:/Users/ricok/OneDrive/Documents/GitHub/From-the-Shadows/From the Shadows/Assets
GfxDevice: creating device client; threaded=0; jobified=0
Direct3D:
    Version:  Direct3D 11.0 [level 11.1]
    Renderer: NVIDIA GeForce RTX 4070 Laptop GPU (ID=0x2860)
    Vendor:   NVIDIA
    VRAM:     7962 MB
    Driver:   31.0.15.2901
Initialize mono
Mono path[0] = 'C:/Program Files/Unity/Hub/Editor/2022.3.17f1/Editor/Data/Managed'
Mono path[1] = 'C:/Program Files/Unity/Hub/Editor/2022.3.17f1/Editor/Data/MonoBleedingEdge/lib/mono/unityjit-win32'
Mono config path = 'C:/Program Files/Unity/Hub/Editor/2022.3.17f1/Editor/Data/MonoBleedingEdge/etc'
Using monoOptions --debugger-agent=transport=dt_socket,embedding=1,server=y,suspend=n,address=127.0.0.1:56928
Begin MonoManager ReloadAssembly
Registering precompiled unity dll's ...
Register platform support module: C:/Program Files/Unity/Hub/Editor/2022.3.17f1/Editor/Data/PlaybackEngines/WindowsStandaloneSupport/UnityEditor.WindowsStandalone.Extensions.dll
Registered in 0.006788 seconds.
- Loaded All Assemblies, in  0.410 seconds
Native extension for WindowsStandalone target not found
Mono: successfully reloaded assembly
- Finished resetting the current domain, in  0.191 seconds
Domain Reload Profiling: 601ms
	BeginReloadAssembly (225ms)
		ExecutionOrderSort (0ms)
		DisableScriptedObjects (0ms)
		BackupInstance (0ms)
		ReleaseScriptingObjects (0ms)
		CreateAndSetChildDomain (0ms)
	RebuildCommonClasses (23ms)
	RebuildNativeTypeToScriptingClass (7ms)
	initialDomainReloadingComplete (43ms)
	LoadAllAssembliesAndSetupDomain (111ms)
		LoadAssemblies (221ms)
		RebuildTransferFunctionScriptingTraits (0ms)
		AnalyzeDomain (110ms)
			TypeCache.Refresh (109ms)
				TypeCache.ScanAssembly (100ms)
			ScanForSourceGeneratedMonoScriptInfo (0ms)
			ResolveRequiredComponents (0ms)
	FinalizeReload (192ms)
		ReleaseScriptCaches (0ms)
		RebuildScriptCaches (0ms)
		SetupLoadedEditorAssemblies (150ms)
			LogAssemblyErrors (0ms)
			InitializePlatformSupportModulesInManaged (5ms)
			SetLoadedEditorAssemblies (5ms)
			RefreshPlugins (0ms)
			BeforeProcessingInitializeOnLoad (2ms)
			ProcessInitializeOnLoadAttributes (101ms)
			ProcessInitializeOnLoadMethodAttributes (37ms)
			AfterProcessingInitializeOnLoad (0ms)
			EditorAssembliesLoaded (0ms)
		ExecutionOrderSort2 (0ms)
		AwakeInstancesAfterBackupRestoration (0ms)
========================================================================
Worker process is ready to serve import requests
Begin MonoManager ReloadAssembly
- Loaded All Assemblies, in  0.544 seconds
Refreshing native plugins compatible for Editor in 4.45 ms, found 3 plugins.
Native extension for WindowsStandalone target not found
Package Manager log level set to [2]
[Package Manager] Server::EnsureServerProcessIsRunning -- launch failed, reason: Unity was launched with the -noUpm command-line argument
[Package Manager] UpmClient::Send -- Unable to send message (not connected to UPM process).
[Package Manager] Cannot connect to Unity Package Manager local server
Mono: successfully reloaded assembly
- Finished resetting the current domain, in  0.420 seconds
Domain Reload Profiling: 960ms
	BeginReloadAssembly (112ms)
		ExecutionOrderSort (0ms)
		DisableScriptedObjects (4ms)
		BackupInstance (0ms)
		ReleaseScriptingObjects (0ms)
		CreateAndSetChildDomain (14ms)
	RebuildCommonClasses (25ms)
	RebuildNativeTypeToScriptingClass (8ms)
	initialDomainReloadingComplete (30ms)
	LoadAllAssembliesAndSetupDomain (364ms)
		LoadAssemblies (311ms)
		RebuildTransferFunctionScriptingTraits (0ms)
		AnalyzeDomain (122ms)
			TypeCache.Refresh (109ms)
				TypeCache.ScanAssembly (98ms)
			ScanForSourceGeneratedMonoScriptInfo (9ms)
			ResolveRequiredComponents (2ms)
	FinalizeReload (420ms)
		ReleaseScriptCaches (0ms)
		RebuildScriptCaches (0ms)
		SetupLoadedEditorAssemblies (312ms)
			LogAssemblyErrors (0ms)
			InitializePlatformSupportModulesInManaged (4ms)
			SetLoadedEditorAssemblies (3ms)
			RefreshPlugins (0ms)
			BeforeProcessingInitializeOnLoad (42ms)
			ProcessInitializeOnLoadAttributes (244ms)
			ProcessInitializeOnLoadMethodAttributes (14ms)
			AfterProcessingInitializeOnLoad (5ms)
			EditorAssembliesLoaded (0ms)
		ExecutionOrderSort2 (0ms)
		AwakeInstancesAfterBackupRestoration (5ms)
Launched and connected shader compiler UnityShaderCompiler.exe after 0.05 seconds
Refreshing native plugins compatible for Editor in 2.54 ms, found 3 plugins.
Preloading 0 native plugins for Editor in 0.00 ms.
Unloading 3161 Unused Serialized files (Serialized files now loaded: 0)
Unloading 32 unused Assets / (57.2 KB). Loaded Objects now: 3642.
Memory consumption went from 137.2 MB to 137.2 MB.
Total: 2.351200 ms (FindLiveObjects: 0.161900 ms CreateObjectMapping: 0.063000 ms MarkObjects: 2.032200 ms  DeleteObjects: 0.093100 ms)

AssetImportParameters requested are different than current active one (requested -> active):
  custom:container-demuxer-ogg: 62fdf1f143b41e24485cea50d1cbac27 -> 
  custom:video-codec-MediaFoundation-h265: 746d11721c4dcdbdad8f713fa42b33f4 -> 
  custom:video-decoder-ogg-theora: a1e56fd34408186e4bbccfd4996cb3dc -> 
  custom:framework-win-MediaFoundation: 216162199b28c13a410421893ffa2e32 -> 
  custom:CustomObjectIndexerAttribute: 6d391050e5a25f67b0a2c618074f2cd9 -> 
  custom:container-demuxer-webm: 4f35f7cbe854078d1ac9338744f61a02 -> 
  custom:container-muxer-webm: aa71ff27fc2769a1b78a27578f13a17b -> 
  custom:video-decoder-webm-vp8: 9c59270c3fd7afecdb556c50c9e8de78 -> 
  custom:SearchIndexIgnoredProperties: e643bd26f0fe6173181afceb89e7c659 -> 
  custom:AudioImporter_EditorPlatform: d09bf68614088b80899f8185d706f6e7 -> 
  custom:video-encoder-webm-vp8: eb34c28f22e8b96e1ab97ce403110664 -> 
  custom:audio-decoder-ogg-vorbis: bf7c407c2cedff20999df2af8eb42d56 -> 
  custom:audio-encoder-webm-vorbis: bf7c407c2cedff20999df2af8eb42d56 -> 
========================================================================
Received Import Request.
  Time since last request: 51658.644081 seconds.
  path: Assets/Invector-3rdPersonController_LITE/3D Models/Others/IcePhysics.physicMaterial
  artifactKey: Guid(b13e3a928ea3ce147ab377c119d0b9e7) Importer(815301076,1909f56bfc062723c751e8b465ee728b)
Start importing Assets/Invector-3rdPersonController_LITE/3D Models/Others/IcePhysics.physicMaterial using Guid(b13e3a928ea3ce147ab377c119d0b9e7) Importer(815301076,1909f56bfc062723c751e8b465ee728b)  -> (artifact id: '6cb7ca174ded9293a5c30d1a69ef77d4') in 0.010653 seconds
Number of updated asset objects reloaded before import = 0
Number of asset objects unloaded after import = 1
========================================================================
Received Import Request.
  Time since last request: 0.000012 seconds.
  path: Assets/Invector-3rdPersonController_LITE/3D Models/Others/invector-icon.fbx
  artifactKey: Guid(82d677cc46649fa4cb8988583aaa1623) Importer(815301076,1909f56bfc062723c751e8b465ee728b)
Start importing Assets/Invector-3rdPersonController_LITE/3D Models/Others/invector-icon.fbx using Guid(82d677cc46649fa4cb8988583aaa1623) Importer(815301076,1909f56bfc062723c751e8b465ee728b)  -> (artifact id: '77681c4d747a37305ed2b1604d15ab65') in 0.118539 seconds
Number of updated asset objects reloaded before import = 0
Number of asset objects unloaded after import = 18
========================================================================
Received Import Request.
  Time since last request: 2.312589 seconds.
  path: Assets/Invector-3rdPersonController_LITE/3D Models/Others/Materials/blue_floor_Tiled.mat
  artifactKey: Guid(b5318195f3001224f8d89ed125cd996b) Importer(815301076,1909f56bfc062723c751e8b465ee728b)
Start importing Assets/Invector-3rdPersonController_LITE/3D Models/Others/Materials/blue_floor_Tiled.mat using Guid(b5318195f3001224f8d89ed125cd996b) Importer(815301076,1909f56bfc062723c751e8b465ee728b)  -> (artifact id: 'dc0b19392159a30f2d2747c860978187') in 0.249045 seconds
Number of updated asset objects reloaded before import = 0
Number of asset objects unloaded after import = 4
========================================================================
Received Import Request.
  Time since last request: 19.000793 seconds.
  path: Assets/PolygonSamurai/Materials/PolygonSamurai_Clouds_Mat.mat
  artifactKey: Guid(2b4db85464d9b394c9dc14cc2fba12ad) Importer(815301076,1909f56bfc062723c751e8b465ee728b)
Start importing Assets/PolygonSamurai/Materials/PolygonSamurai_Clouds_Mat.mat using Guid(2b4db85464d9b394c9dc14cc2fba12ad) Importer(815301076,1909f56bfc062723c751e8b465ee728b)  -> (artifact id: 'a0bc397dea5fec8658f6662590632c16') in 0.009181 seconds
Number of updated asset objects reloaded before import = 0
Number of asset objects unloaded after import = 1
========================================================================
Received Import Request.
  Time since last request: 0.000100 seconds.
  path: Assets/PolygonSamurai/Materials/PolygonSamurai_Mat_04.mat
  artifactKey: Guid(812c74b7f623a484c94aab57ba457ede) Importer(815301076,1909f56bfc062723c751e8b465ee728b)
Start importing Assets/PolygonSamurai/Materials/PolygonSamurai_Mat_04.mat using Guid(812c74b7f623a484c94aab57ba457ede) Importer(815301076,1909f56bfc062723c751e8b465ee728b)  -> (artifact id: '14be26b148c27e35ec1b3a13ac87e331') in 0.019634 seconds
Number of updated asset objects reloaded before import = 0
Number of asset objects unloaded after import = 2
========================================================================
Received Import Request.
  Time since last request: 1.097420 seconds.
  path: Assets/PolygonSamurai/Models/SM_Bld_Base_Large_03.fbx
  artifactKey: Guid(2633809f3f509d94d807335e87e7eaa6) Importer(815301076,1909f56bfc062723c751e8b465ee728b)
Start importing Assets/PolygonSamurai/Models/SM_Bld_Base_Large_03.fbx using Guid(2633809f3f509d94d807335e87e7eaa6) Importer(815301076,1909f56bfc062723c751e8b465ee728b)  -> (artifact id: 'd30ccc810b53970f267f613ead10bacd') in 0.011796 seconds
Number of updated asset objects reloaded before import = 0
Number of asset objects unloaded after import = 7
========================================================================
Received Import Request.
  Time since last request: 0.000012 seconds.
  path: Assets/PolygonSamurai/Models/SM_Bld_Block_Stairs_01.fbx
  artifactKey: Guid(263c79b67299cb047a9649f135611a9d) Importer(815301076,1909f56bfc062723c751e8b465ee728b)
Start importing Assets/PolygonSamurai/Models/SM_Bld_Block_Stairs_01.fbx using Guid(263c79b67299cb047a9649f135611a9d) Importer(815301076,1909f56bfc062723c751e8b465ee728b)  -> (artifact id: 'd6fd68d0b3f43354f82f72901a9ecda7') in 0.012068 seconds
Number of updated asset objects reloaded before import = 0
Number of asset objects unloaded after import = 7
========================================================================
Received Import Request.
  Time since last request: 0.000083 seconds.
  path: Assets/PolygonSamurai/Models/SM_Bld_Castle_Gates_01.fbx
  artifactKey: Guid(446a1942afb45b444b3a90542051070a) Importer(815301076,1909f56bfc062723c751e8b465ee728b)
Start importing Assets/PolygonSamurai/Models/SM_Bld_Castle_Gates_01.fbx using Guid(446a1942afb45b444b3a90542051070a) Importer(815301076,1909f56bfc062723c751e8b465ee728b)  -> (artifact id: '5a0d2c7f0b4a3d0313bf47f18864f7ca') in 0.010299 seconds
Number of updated asset objects reloaded before import = 0
Number of asset objects unloaded after import = 7
========================================================================
Received Import Request.
  Time since last request: 0.000023 seconds.
  path: Assets/PolygonSamurai/Models/SM_Bld_Castle_Base_Small_Blank_01.fbx
  artifactKey: Guid(af67303f9876d7e47b2085bfed994180) Importer(815301076,1909f56bfc062723c751e8b465ee728b)
Start importing Assets/PolygonSamurai/Models/SM_Bld_Castle_Base_Small_Blank_01.fbx using Guid(af67303f9876d7e47b2085bfed994180) Importer(815301076,1909f56bfc062723c751e8b465ee728b)  -> (artifact id: '5568ce3fbacd9e9dfbd3588e9835a389') in 0.010656 seconds
Number of updated asset objects reloaded before import = 0
Number of asset objects unloaded after import = 7
========================================================================
Received Import Request.
  Time since last request: 0.000013 seconds.
  path: Assets/PolygonSamurai/Models/SM_Bld_House_Base_Extension_01.fbx
  artifactKey: Guid(764c3083f0d90594a8b65ae026364140) Importer(815301076,1909f56bfc062723c751e8b465ee728b)
Start importing Assets/PolygonSamurai/Models/SM_Bld_House_Base_Extension_01.fbx using Guid(764c3083f0d90594a8b65ae026364140) Importer(815301076,1909f56bfc062723c751e8b465ee728b)  -> (artifact id: '0c002214a77570a649b9fce34b6cc889') in 0.032511 seconds
Number of updated asset objects reloaded before import = 0
Number of asset objects unloaded after import = 7
========================================================================
Received Import Request.
  Time since last request: 0.000014 seconds.
  path: Assets/PolygonSamurai/Models/SM_Bld_Platform_Stairs_01.fbx
  artifactKey: Guid(78a0e2b0635ad9d41994e48441d5a014) Importer(815301076,1909f56bfc062723c751e8b465ee728b)
Start importing Assets/PolygonSamurai/Models/SM_Bld_Platform_Stairs_01.fbx using Guid(78a0e2b0635ad9d41994e48441d5a014) Importer(815301076,1909f56bfc062723c751e8b465ee728b)  -> (artifact id: '9464ef7f9b8b5f2ef528aa3ebc4ee22d') in 0.026323 seconds
Number of updated asset objects reloaded before import = 0
Number of asset objects unloaded after import = 7
========================================================================
Received Import Request.
  Time since last request: 0.000019 seconds.
  path: Assets/PolygonSamurai/Models/SM_Bld_Castle_Roof_Large_01.fbx
  artifactKey: Guid(86d0d199b3c1e2f4287c0f49071a963c) Importer(815301076,1909f56bfc062723c751e8b465ee728b)
Start importing Assets/PolygonSamurai/Models/SM_Bld_Castle_Roof_Large_01.fbx using Guid(86d0d199b3c1e2f4287c0f49071a963c) Importer(815301076,1909f56bfc062723c751e8b465ee728b)  -> (artifact id: 'cd320e951db86fe6ed7d9be7d5c4e3f7') in 0.013182 seconds
Number of updated asset objects reloaded before import = 0
Number of asset objects unloaded after import = 7
========================================================================
Received Import Request.
  Time since last request: 0.000038 seconds.
  path: Assets/PolygonSamurai/Models/SM_Bld_House_Base_Long_04.fbx
  artifactKey: Guid(f8515c4f91c94da45a36f6bd079796b0) Importer(815301076,1909f56bfc062723c751e8b465ee728b)
Start importing Assets/PolygonSamurai/Models/SM_Bld_House_Base_Long_04.fbx using Guid(f8515c4f91c94da45a36f6bd079796b0) Importer(815301076,1909f56bfc062723c751e8b465ee728b)  -> (artifact id: '201a734f44c1e977cff1d8afc2fe84f2') in 0.010397 seconds
Number of updated asset objects reloaded before import = 0
Number of asset objects unloaded after import = 7
========================================================================
Received Import Request.
  Time since last request: 0.000014 seconds.
  path: Assets/PolygonSamurai/Models/SM_Bld_House_Addon_01.fbx
  artifactKey: Guid(ab40718299d18cd4aaa339fbe7bd1ad1) Importer(815301076,1909f56bfc062723c751e8b465ee728b)
Start importing Assets/PolygonSamurai/Models/SM_Bld_House_Addon_01.fbx using Guid(ab40718299d18cd4aaa339fbe7bd1ad1) Importer(815301076,1909f56bfc062723c751e8b465ee728b)  -> (artifact id: '03a99b83814ba502f3f39f8eb1a9c403') in 0.010833 seconds
Number of updated asset objects reloaded before import = 0
Number of asset objects unloaded after import = 7
========================================================================
Received Import Request.
  Time since last request: 0.000013 seconds.
  path: Assets/PolygonSamurai/Models/SM_Bld_Platform_Medium_02.fbx
  artifactKey: Guid(2b7e5e394f8286347b5e25541f7aa27d) Importer(815301076,1909f56bfc062723c751e8b465ee728b)
Start importing Assets/PolygonSamurai/Models/SM_Bld_Platform_Medium_02.fbx using Guid(2b7e5e394f8286347b5e25541f7aa27d) Importer(815301076,1909f56bfc062723c751e8b465ee728b)  -> (artifact id: '81a5f5830140ffa4b5c6c75607873863') in 0.012087 seconds
Number of updated asset objects reloaded before import = 0
Number of asset objects unloaded after import = 7
========================================================================
Received Import Request.
  Time since last request: 0.000059 seconds.
  path: Assets/PolygonSamurai/Models/SM_Bld_Castle_Roof_Top_01.fbx
  artifactKey: Guid(99a6d1d70f2a2fa4ab0297e7941eef4a) Importer(815301076,1909f56bfc062723c751e8b465ee728b)
Start importing Assets/PolygonSamurai/Models/SM_Bld_Castle_Roof_Top_01.fbx using Guid(99a6d1d70f2a2fa4ab0297e7941eef4a) Importer(815301076,1909f56bfc062723c751e8b465ee728b)  -> (artifact id: '780cb1ab45514926177fb3140a21df97') in 0.011114 seconds
Number of updated asset objects reloaded before import = 0
Number of asset objects unloaded after import = 7
========================================================================
Received Import Request.
  Time since last request: 0.000029 seconds.
  path: Assets/PolygonSamurai/Models/SM_Bld_Block_CornerPillar_01.fbx
  artifactKey: Guid(7ee2a8c34f4efd249970453c6d7849e4) Importer(815301076,1909f56bfc062723c751e8b465ee728b)
Start importing Assets/PolygonSamurai/Models/SM_Bld_Block_CornerPillar_01.fbx using Guid(7ee2a8c34f4efd249970453c6d7849e4) Importer(815301076,1909f56bfc062723c751e8b465ee728b)  -> (artifact id: 'a2e3441999385c479e162565eb450680') in 0.010947 seconds
Number of updated asset objects reloaded before import = 0
Number of asset objects unloaded after import = 7
========================================================================
Received Import Request.
  Time since last request: 0.000018 seconds.
  path: Assets/PolygonSamurai/Models/SM_Bld_Platform_Small_01.fbx
  artifactKey: Guid(f6ed4a22b46ea9b42b2596ac965b7f18) Importer(815301076,1909f56bfc062723c751e8b465ee728b)
Start importing Assets/PolygonSamurai/Models/SM_Bld_Platform_Small_01.fbx using Guid(f6ed4a22b46ea9b42b2596ac965b7f18) Importer(815301076,1909f56bfc062723c751e8b465ee728b)  -> (artifact id: '8fd9447cd2c9491184185b282e7af787') in 0.010388 seconds
Number of updated asset objects reloaded before import = 0
Number of asset objects unloaded after import = 7
========================================================================
Received Import Request.
  Time since last request: 0.000018 seconds.
  path: Assets/PolygonSamurai/Models/SM_Bld_House_Base_Long_02.fbx
  artifactKey: Guid(f37d524b261673c41bbffab01ea91208) Importer(815301076,1909f56bfc062723c751e8b465ee728b)
Start importing Assets/PolygonSamurai/Models/SM_Bld_House_Base_Long_02.fbx using Guid(f37d524b261673c41bbffab01ea91208) Importer(815301076,1909f56bfc062723c751e8b465ee728b)  -> (artifact id: 'c36820b3063d174eb022c0baaede3b86') in 0.011961 seconds
Number of updated asset objects reloaded before import = 0
Number of asset objects unloaded after import = 7
========================================================================
Received Import Request.
  Time since last request: 0.000028 seconds.
  path: Assets/PolygonSamurai/Models/SM_Bld_House_Roof_Thatch_01.fbx
  artifactKey: Guid(7bcb8e13a9b58174a8080ed7128d69aa) Importer(815301076,1909f56bfc062723c751e8b465ee728b)
Start importing Assets/PolygonSamurai/Models/SM_Bld_House_Roof_Thatch_01.fbx using Guid(7bcb8e13a9b58174a8080ed7128d69aa) Importer(815301076,1909f56bfc062723c751e8b465ee728b)  -> (artifact id: '8c8c6d94ba1a9003680b287062683242') in 0.010762 seconds
Number of updated asset objects reloaded before import = 0
Number of asset objects unloaded after import = 7
========================================================================
Received Import Request.
  Time since last request: 0.000019 seconds.
  path: Assets/PolygonSamurai/Models/SM_Bld_Base_Small_02.fbx
  artifactKey: Guid(d571117ebbdedcd49bc58f214915f724) Importer(815301076,1909f56bfc062723c751e8b465ee728b)
Start importing Assets/PolygonSamurai/Models/SM_Bld_Base_Small_02.fbx using Guid(d571117ebbdedcd49bc58f214915f724) Importer(815301076,1909f56bfc062723c751e8b465ee728b)  -> (artifact id: 'd8097ef6f286344f9fc09c49c25176fe') in 0.010089 seconds
Number of updated asset objects reloaded before import = 0
Number of asset objects unloaded after import = 7
========================================================================
Received Import Request.
  Time since last request: 9.114180 seconds.
  path: Assets/PolygonSamurai/Prefabs/Buildings/SM_Bld_Base_Large_Door_01.prefab
  artifactKey: Guid(06db2d80c5833ef4999276814ed8b714) Importer(815301076,1909f56bfc062723c751e8b465ee728b)
Start importing Assets/PolygonSamurai/Prefabs/Buildings/SM_Bld_Base_Large_Door_01.prefab using Guid(06db2d80c5833ef4999276814ed8b714) Importer(815301076,1909f56bfc062723c751e8b465ee728b)  -> (artifact id: '208f27357df6813cd4fcd8e7001d968c') in 0.013547 seconds
Number of updated asset objects reloaded before import = 0
Number of asset objects unloaded after import = 10
========================================================================
Received Import Request.
  Time since last request: 0.000016 seconds.
  path: Assets/PolygonSamurai/Prefabs/Buildings/SM_Bld_Base_Small_02.prefab
  artifactKey: Guid(c34eae9b95a4817439372cb8dab4af12) Importer(815301076,1909f56bfc062723c751e8b465ee728b)
Start importing Assets/PolygonSamurai/Prefabs/Buildings/SM_Bld_Base_Small_02.prefab using Guid(c34eae9b95a4817439372cb8dab4af12) Importer(815301076,1909f56bfc062723c751e8b465ee728b)  -> (artifact id: 'fe811708eeb5477a6c2407ede5b08ee7') in 0.011348 seconds
Number of updated asset objects reloaded before import = 0
Number of asset objects unloaded after import = 11
========================================================================
Received Import Request.
  Time since last request: 0.000016 seconds.
  path: Assets/PolygonSamurai/Prefabs/Buildings/SM_Bld_Castle_Roof_Top_01.prefab
  artifactKey: Guid(8fb1086169e55fd44b625b6cbb4374cb) Importer(815301076,1909f56bfc062723c751e8b465ee728b)
Start importing Assets/PolygonSamurai/Prefabs/Buildings/SM_Bld_Castle_Roof_Top_01.prefab using Guid(8fb1086169e55fd44b625b6cbb4374cb) Importer(815301076,1909f56bfc062723c751e8b465ee728b)  -> (artifact id: '5d069579f918ac8f234ec2a78338f5c4') in 0.014191 seconds
Number of updated asset objects reloaded before import = 0
Number of asset objects unloaded after import = 13
========================================================================
Received Import Request.
  Time since last request: 0.000017 seconds.
  path: Assets/PolygonSamurai/Prefabs/Buildings/SM_Bld_House_Window_01.prefab
  artifactKey: Guid(fa1b72ee82497344eab0203bae544905) Importer(815301076,1909f56bfc062723c751e8b465ee728b)
Start importing Assets/PolygonSamurai/Prefabs/Buildings/SM_Bld_House_Window_01.prefab using Guid(fa1b72ee82497344eab0203bae544905) Importer(815301076,1909f56bfc062723c751e8b465ee728b)  -> (artifact id: 'e288cef935b4ea21d7a3b97312533da6') in 0.010789 seconds
Number of updated asset objects reloaded before import = 0
Number of asset objects unloaded after import = 10
========================================================================
Received Import Request.
  Time since last request: 0.000023 seconds.
  path: Assets/PolygonSamurai/Prefabs/Buildings/SM_Bld_Platform_Medium_Legs_01.prefab
  artifactKey: Guid(d40faffdf22b9d04a829934954090fb2) Importer(815301076,1909f56bfc062723c751e8b465ee728b)
Start importing Assets/PolygonSamurai/Prefabs/Buildings/SM_Bld_Platform_Medium_Legs_01.prefab using Guid(d40faffdf22b9d04a829934954090fb2) Importer(815301076,1909f56bfc062723c751e8b465ee728b)  -> (artifact id: '20f20ed7772e65ab8009e15d97e8657d') in 0.010255 seconds
Number of updated asset objects reloaded before import = 0
Number of asset objects unloaded after import = 11
========================================================================
Received Import Request.
  Time since last request: 0.000016 seconds.
  path: Assets/PolygonSamurai/Prefabs/Buildings/SM_Bld_Room_Long_03.prefab
  artifactKey: Guid(ac86ad5d13ce0634a85fbe190a2fc446) Importer(815301076,1909f56bfc062723c751e8b465ee728b)
Start importing Assets/PolygonSamurai/Prefabs/Buildings/SM_Bld_Room_Long_03.prefab using Guid(ac86ad5d13ce0634a85fbe190a2fc446) Importer(815301076,1909f56bfc062723c751e8b465ee728b)  -> (artifact id: '66e9113552348a9195646b8ebf54d885') in 0.009993 seconds
Number of updated asset objects reloaded before import = 0
Number of asset objects unloaded after import = 11
========================================================================
Received Import Request.
  Time since last request: 0.000016 seconds.
  path: Assets/PolygonSamurai/Prefabs/Buildings/SM_Bld_House_Base_Long_02.prefab
  artifactKey: Guid(bdba843079c59ec429328fed611dd78f) Importer(815301076,1909f56bfc062723c751e8b465ee728b)
Start importing Assets/PolygonSamurai/Prefabs/Buildings/SM_Bld_House_Base_Long_02.prefab using Guid(bdba843079c59ec429328fed611dd78f) Importer(815301076,1909f56bfc062723c751e8b465ee728b)  -> (artifact id: '7e450803c70171a1dc1419beacc12f43') in 0.013290 seconds
Number of updated asset objects reloaded before import = 0
Number of asset objects unloaded after import = 10
========================================================================
Received Import Request.
  Time since last request: 0.000022 seconds.
  path: Assets/PolygonSamurai/Prefabs/Buildings/SM_Bld_Base_Small_01.prefab
  artifactKey: Guid(5d97185403749104db9499822cf3cce1) Importer(815301076,1909f56bfc062723c751e8b465ee728b)
Start importing Assets/PolygonSamurai/Prefabs/Buildings/SM_Bld_Base_Small_01.prefab using Guid(5d97185403749104db9499822cf3cce1) Importer(815301076,1909f56bfc062723c751e8b465ee728b)  -> (artifact id: '71ad57e276c0a2a7fff7bd9505b25c3f') in 0.022697 seconds
Number of updated asset objects reloaded before import = 0
Number of asset objects unloaded after import = 11
========================================================================
Received Import Request.
  Time since last request: 0.000015 seconds.
  path: Assets/PolygonSamurai/Prefabs/Buildings/SM_Bld_Platform_Medium_01.prefab
  artifactKey: Guid(a0765575c89fe934f96c0f7c222c6ae0) Importer(815301076,1909f56bfc062723c751e8b465ee728b)
Start importing Assets/PolygonSamurai/Prefabs/Buildings/SM_Bld_Platform_Medium_01.prefab using Guid(a0765575c89fe934f96c0f7c222c6ae0) Importer(815301076,1909f56bfc062723c751e8b465ee728b)  -> (artifact id: '96989f6388898e24b19cc77dfb67d3b1') in 0.020473 seconds
Number of updated asset objects reloaded before import = 0
Number of asset objects unloaded after import = 11
========================================================================
Received Import Request.
  Time since last request: 0.000015 seconds.
  path: Assets/PolygonSamurai/Prefabs/Buildings/SM_Bld_House_Addon_01.prefab
  artifactKey: Guid(ecead0f58d6742241a8457b647b1975c) Importer(815301076,1909f56bfc062723c751e8b465ee728b)
Start importing Assets/PolygonSamurai/Prefabs/Buildings/SM_Bld_House_Addon_01.prefab using Guid(ecead0f58d6742241a8457b647b1975c) Importer(815301076,1909f56bfc062723c751e8b465ee728b)  -> (artifact id: '1e405a6a42c96c23f970efb1fbfbd5c3') in 0.010025 seconds
Number of updated asset objects reloaded before import = 0
Number of asset objects unloaded after import = 11
========================================================================
Received Import Request.
  Time since last request: 0.000016 seconds.
  path: Assets/PolygonSamurai/Prefabs/Buildings/SM_Bld_Temple_Roof_Large_01.prefab
  artifactKey: Guid(89eb91b9c224ce849bd15cf6f6eacfd7) Importer(815301076,1909f56bfc062723c751e8b465ee728b)
Start importing Assets/PolygonSamurai/Prefabs/Buildings/SM_Bld_Temple_Roof_Large_01.prefab using Guid(89eb91b9c224ce849bd15cf6f6eacfd7) Importer(815301076,1909f56bfc062723c751e8b465ee728b)  -> (artifact id: 'dd935fce39e5791d640c1da7932762cb') in 0.018529 seconds
Number of updated asset objects reloaded before import = 0
Number of asset objects unloaded after import = 11
========================================================================
Received Import Request.
  Time since last request: 0.000019 seconds.
  path: Assets/PolygonSamurai/Prefabs/Buildings/SM_Bld_Temple_Door_01.prefab
  artifactKey: Guid(ef02785e97f1622418d9373e40f1ff22) Importer(815301076,1909f56bfc062723c751e8b465ee728b)
Start importing Assets/PolygonSamurai/Prefabs/Buildings/SM_Bld_Temple_Door_01.prefab using Guid(ef02785e97f1622418d9373e40f1ff22) Importer(815301076,1909f56bfc062723c751e8b465ee728b)  -> (artifact id: '61abe9ab30290a5cd7bca95e1ea53578') in 0.025070 seconds
Number of updated asset objects reloaded before import = 0
Number of asset objects unloaded after import = 15
========================================================================
Received Import Request.
  Time since last request: 0.000020 seconds.
  path: Assets/PolygonSamurai/Prefabs/Buildings/SM_Bld_Temple_Door_02.prefab
  artifactKey: Guid(a1b7b388612227843b7579e96f5def52) Importer(815301076,1909f56bfc062723c751e8b465ee728b)
Start importing Assets/PolygonSamurai/Prefabs/Buildings/SM_Bld_Temple_Door_02.prefab using Guid(a1b7b388612227843b7579e96f5def52) Importer(815301076,1909f56bfc062723c751e8b465ee728b)  -> (artifact id: 'fc5a3394b4a8e4e7737dfd71967a933b') in 0.016544 seconds
Number of updated asset objects reloaded before import = 0
Number of asset objects unloaded after import = 15
========================================================================
Received Import Request.
  Time since last request: 0.434957 seconds.
  path: Assets/PolygonSamurai/Prefabs/Environments/SM_Env_Bamboo_Group_03.prefab
  artifactKey: Guid(c82b63a254bfc9e40bcf435672db5919) Importer(815301076,1909f56bfc062723c751e8b465ee728b)
Start importing Assets/PolygonSamurai/Prefabs/Environments/SM_Env_Bamboo_Group_03.prefab using Guid(c82b63a254bfc9e40bcf435672db5919) Importer(815301076,1909f56bfc062723c751e8b465ee728b)  -> (artifact id: '42017c4326e89f025f85564ee7addbc5') in 0.040762 seconds
Number of updated asset objects reloaded before import = 0
Number of asset objects unloaded after import = 9
========================================================================
Received Import Request.
  Time since last request: 0.000015 seconds.
  path: Assets/PolygonSamurai/Prefabs/Environments/SM_Env_PaddyHills_01.prefab
  artifactKey: Guid(0445c5a5488d44240889f029111bc356) Importer(815301076,1909f56bfc062723c751e8b465ee728b)
Start importing Assets/PolygonSamurai/Prefabs/Environments/SM_Env_PaddyHills_01.prefab using Guid(0445c5a5488d44240889f029111bc356) Importer(815301076,1909f56bfc062723c751e8b465ee728b)  -> (artifact id: '796d713f5ea7171a44499b04265202cc') in 0.009321 seconds
Number of updated asset objects reloaded before import = 0
Number of asset objects unloaded after import = 10
========================================================================
Received Import Request.
  Time since last request: 0.000013 seconds.
  path: Assets/PolygonSamurai/Prefabs/Environments/SM_Env_GroundMound_04.prefab
  artifactKey: Guid(537a3c36645b45141a5e7efa507bb6dc) Importer(815301076,1909f56bfc062723c751e8b465ee728b)
Start importing Assets/PolygonSamurai/Prefabs/Environments/SM_Env_GroundMound_04.prefab using Guid(537a3c36645b45141a5e7efa507bb6dc) Importer(815301076,1909f56bfc062723c751e8b465ee728b)  -> (artifact id: '4fdea18c530657504fe340bbe91773ed') in 0.008618 seconds
Number of updated asset objects reloaded before import = 0
Number of asset objects unloaded after import = 10
========================================================================
Received Import Request.
  Time since last request: 0.000017 seconds.
  path: Assets/PolygonSamurai/Prefabs/Environments/SM_Env_Bush_03.prefab
  artifactKey: Guid(7189dbbe71d3f654c9b61871602d64f2) Importer(815301076,1909f56bfc062723c751e8b465ee728b)
Start importing Assets/PolygonSamurai/Prefabs/Environments/SM_Env_Bush_03.prefab using Guid(7189dbbe71d3f654c9b61871602d64f2) Importer(815301076,1909f56bfc062723c751e8b465ee728b)  -> (artifact id: '5dfe387c78c1ef473081b4f85736ee96') in 0.009577 seconds
Number of updated asset objects reloaded before import = 0
Number of asset objects unloaded after import = 9
========================================================================
Received Import Request.
  Time since last request: 0.000016 seconds.
  path: Assets/PolygonSamurai/Prefabs/Environments/SM_Env_PondGround_01.prefab
  artifactKey: Guid(c234e5dbb5bf41f44b4c23242f473abf) Importer(815301076,1909f56bfc062723c751e8b465ee728b)
Start importing Assets/PolygonSamurai/Prefabs/Environments/SM_Env_PondGround_01.prefab using Guid(c234e5dbb5bf41f44b4c23242f473abf) Importer(815301076,1909f56bfc062723c751e8b465ee728b)  -> (artifact id: '601978295352eb7df0a21466c1398b81') in 0.008424 seconds
Number of updated asset objects reloaded before import = 0
Number of asset objects unloaded after import = 10
========================================================================
Received Import Request.
  Time since last request: 0.000016 seconds.
  path: Assets/PolygonSamurai/Prefabs/Environments/SM_Env_GroundMound_03.prefab
  artifactKey: Guid(a9174db97e3b3dc4f92d2bc47f8b6464) Importer(815301076,1909f56bfc062723c751e8b465ee728b)
Start importing Assets/PolygonSamurai/Prefabs/Environments/SM_Env_GroundMound_03.prefab using Guid(a9174db97e3b3dc4f92d2bc47f8b6464) Importer(815301076,1909f56bfc062723c751e8b465ee728b)  -> (artifact id: '42c53881eba8ad685bd186e6e04f9c1b') in 0.009705 seconds
Number of updated asset objects reloaded before import = 0
Number of asset objects unloaded after import = 10
========================================================================
Received Import Request.
  Time since last request: 0.000016 seconds.
  path: Assets/PolygonSamurai/Prefabs/Environments/SM_Env_Path_Straight_02.prefab
  artifactKey: Guid(fa137f7d0860a204a9ee3970de8ac823) Importer(815301076,1909f56bfc062723c751e8b465ee728b)
Start importing Assets/PolygonSamurai/Prefabs/Environments/SM_Env_Path_Straight_02.prefab using Guid(fa137f7d0860a204a9ee3970de8ac823) Importer(815301076,1909f56bfc062723c751e8b465ee728b)  -> (artifact id: 'cb937bb6038dda0b50cc1578ff7d0dd2') in 0.009388 seconds
Number of updated asset objects reloaded before import = 0
Number of asset objects unloaded after import = 11
========================================================================
Received Import Request.
  Time since last request: 0.000014 seconds.
  path: Assets/PolygonSamurai/Prefabs/Environments/SM_Env_PondEdge_03.prefab
  artifactKey: Guid(3136246d5d300ae4dbf39178c452bf29) Importer(815301076,1909f56bfc062723c751e8b465ee728b)
Start importing Assets/PolygonSamurai/Prefabs/Environments/SM_Env_PondEdge_03.prefab using Guid(3136246d5d300ae4dbf39178c452bf29) Importer(815301076,1909f56bfc062723c751e8b465ee728b)  -> (artifact id: '87735c35f412695dde9e921b0fcec84e') in 0.008965 seconds
Number of updated asset objects reloaded before import = 0
Number of asset objects unloaded after import = 10
========================================================================
Received Import Request.
  Time since last request: 0.000020 seconds.
  path: Assets/PolygonSamurai/Prefabs/Environments/SM_Env_CropRow_01.prefab
  artifactKey: Guid(ce9e372b27f55164cb299747f469d6e5) Importer(815301076,1909f56bfc062723c751e8b465ee728b)
Start importing Assets/PolygonSamurai/Prefabs/Environments/SM_Env_CropRow_01.prefab using Guid(ce9e372b27f55164cb299747f469d6e5) Importer(815301076,1909f56bfc062723c751e8b465ee728b)  -> (artifact id: 'aa69f847a8d63f7bdb534a55d761b1a9') in 0.009698 seconds
Number of updated asset objects reloaded before import = 0
Number of asset objects unloaded after import = 10
========================================================================
Received Import Request.
  Time since last request: 0.000014 seconds.
  path: Assets/PolygonSamurai/Prefabs/Environments/SM_Env_Bridge_Curved_01.prefab
  artifactKey: Guid(2c556cf92c981904599239a20eff8561) Importer(815301076,1909f56bfc062723c751e8b465ee728b)
Start importing Assets/PolygonSamurai/Prefabs/Environments/SM_Env_Bridge_Curved_01.prefab using Guid(2c556cf92c981904599239a20eff8561) Importer(815301076,1909f56bfc062723c751e8b465ee728b)  -> (artifact id: '3425686784a429af9f8815f491f74181') in 0.011148 seconds
Number of updated asset objects reloaded before import = 0
Number of asset objects unloaded after import = 11
========================================================================
Received Import Request.
  Time since last request: 0.000016 seconds.
  path: Assets/PolygonSamurai/Prefabs/Environments/SM_Env_Path_Straight_01.prefab
  artifactKey: Guid(099a5fe687af77045aae042cee368d9a) Importer(815301076,1909f56bfc062723c751e8b465ee728b)
Start importing Assets/PolygonSamurai/Prefabs/Environments/SM_Env_Path_Straight_01.prefab using Guid(099a5fe687af77045aae042cee368d9a) Importer(815301076,1909f56bfc062723c751e8b465ee728b)  -> (artifact id: '8a026a19444836d5997d739016878fa3') in 0.009963 seconds
Number of updated asset objects reloaded before import = 0
Number of asset objects unloaded after import = 11
========================================================================
Received Import Request.
  Time since last request: 0.000021 seconds.
  path: Assets/PolygonSamurai/Prefabs/Environments/SM_Env_Bridge_01.prefab
  artifactKey: Guid(64e5943ef1d7c2f429d7ec7243fff500) Importer(815301076,1909f56bfc062723c751e8b465ee728b)
Start importing Assets/PolygonSamurai/Prefabs/Environments/SM_Env_Bridge_01.prefab using Guid(64e5943ef1d7c2f429d7ec7243fff500) Importer(815301076,1909f56bfc062723c751e8b465ee728b)  -> (artifact id: '23b2686884be493d0bbcee60a8fe220b') in 0.009581 seconds
Number of updated asset objects reloaded before import = 0
Number of asset objects unloaded after import = 11
========================================================================
Received Import Request.
  Time since last request: 0.487729 seconds.
  path: Assets/PolygonSamurai/Prefabs/FX/FX_Snow_Prefab_01.prefab
  artifactKey: Guid(0846cb50ffdd96242a1d5755efc425fd) Importer(815301076,1909f56bfc062723c751e8b465ee728b)
Start importing Assets/PolygonSamurai/Prefabs/FX/FX_Snow_Prefab_01.prefab using Guid(0846cb50ffdd96242a1d5755efc425fd) Importer(815301076,1909f56bfc062723c751e8b465ee728b)  -> (artifact id: 'f57fb3762c882c1b61b4945ffc0b3c8d') in 0.008938 seconds
Number of updated asset objects reloaded before import = 0
Number of asset objects unloaded after import = 6
========================================================================
Received Import Request.
  Time since last request: 1.199593 seconds.
  path: Assets/PolygonSamurai/Prefabs/Props/SM_Prop_Bell_01.prefab
  artifactKey: Guid(338784335536a774091f31f053f72d25) Importer(815301076,1909f56bfc062723c751e8b465ee728b)
Start importing Assets/PolygonSamurai/Prefabs/Props/SM_Prop_Bell_01.prefab using Guid(338784335536a774091f31f053f72d25) Importer(815301076,1909f56bfc062723c751e8b465ee728b)  -> (artifact id: 'fa73be25d533dd7f5baf8874b84e3dbe') in 0.016804 seconds
Number of updated asset objects reloaded before import = 0
Number of asset objects unloaded after import = 11
========================================================================
Received Import Request.
  Time since last request: 0.000015 seconds.
  path: Assets/PolygonSamurai/Prefabs/Props/SM_Prop_Fence_Simple_Straight_02.prefab
  artifactKey: Guid(f92c301ec022e1f488f6fd6984a338ae) Importer(815301076,1909f56bfc062723c751e8b465ee728b)
Start importing Assets/PolygonSamurai/Prefabs/Props/SM_Prop_Fence_Simple_Straight_02.prefab using Guid(f92c301ec022e1f488f6fd6984a338ae) Importer(815301076,1909f56bfc062723c751e8b465ee728b)  -> (artifact id: '27f24a5b200abc95bfbb2aa5611e2111') in 0.008615 seconds
Number of updated asset objects reloaded before import = 0
Number of asset objects unloaded after import = 11
========================================================================
Received Import Request.
  Time since last request: 0.000012 seconds.
  path: Assets/PolygonSamurai/Prefabs/Props/SM_Prop_Bowl_Large_01.prefab
  artifactKey: Guid(758688a53520c8e47a63f6af2b0d875c) Importer(815301076,1909f56bfc062723c751e8b465ee728b)
Start importing Assets/PolygonSamurai/Prefabs/Props/SM_Prop_Bowl_Large_01.prefab using Guid(758688a53520c8e47a63f6af2b0d875c) Importer(815301076,1909f56bfc062723c751e8b465ee728b)  -> (artifact id: '964f78750ed5217de0b4e093411d11f3') in 0.009224 seconds
Number of updated asset objects reloaded before import = 0
Number of asset objects unloaded after import = 11
========================================================================
Received Import Request.
  Time since last request: 0.000019 seconds.
  path: Assets/PolygonSamurai/Prefabs/Props/SM_Prop_Pouch.prefab
  artifactKey: Guid(aa664a3ba37397a42bf4acbbb0ac4c80) Importer(815301076,1909f56bfc062723c751e8b465ee728b)
Start importing Assets/PolygonSamurai/Prefabs/Props/SM_Prop_Pouch.prefab using Guid(aa664a3ba37397a42bf4acbbb0ac4c80) Importer(815301076,1909f56bfc062723c751e8b465ee728b)  -> (artifact id: 'e0284378822efcb5d77f09b79b41174c') in 0.010346 seconds
Number of updated asset objects reloaded before import = 0
Number of asset objects unloaded after import = 9
========================================================================
Received Import Request.
  Time since last request: 0.000016 seconds.
  path: Assets/PolygonSamurai/Prefabs/Props/SM_Prop_Fence_Bamboo_02.prefab
  artifactKey: Guid(4dc09de7863629c4b89bf12e0775d39c) Importer(815301076,1909f56bfc062723c751e8b465ee728b)
Start importing Assets/PolygonSamurai/Prefabs/Props/SM_Prop_Fence_Bamboo_02.prefab using Guid(4dc09de7863629c4b89bf12e0775d39c) Importer(815301076,1909f56bfc062723c751e8b465ee728b)  -> (artifact id: '3fe39d6d2fd8fc9cefc5ad37e7aefec2') in 0.010004 seconds
Number of updated asset objects reloaded before import = 0
Number of asset objects unloaded after import = 11
========================================================================
Received Import Request.
  Time since last request: 0.000019 seconds.
  path: Assets/PolygonSamurai/Prefabs/Props/SM_Prop_Stone_Lantern_01.prefab
  artifactKey: Guid(f352c7194638a9645bc269c1d5ffe120) Importer(815301076,1909f56bfc062723c751e8b465ee728b)
Start importing Assets/PolygonSamurai/Prefabs/Props/SM_Prop_Stone_Lantern_01.prefab using Guid(f352c7194638a9645bc269c1d5ffe120) Importer(815301076,1909f56bfc062723c751e8b465ee728b)  -> (artifact id: 'a74f742b4c3ee4844cc2f17455804f42') in 0.011944 seconds
Number of updated asset objects reloaded before import = 0
Number of asset objects unloaded after import = 11
========================================================================
Received Import Request.
  Time since last request: 0.000017 seconds.
  path: Assets/PolygonSamurai/Prefabs/Props/SM_Prop_Pot_06.prefab
  artifactKey: Guid(f377bf2d0bd778443b66a4a960eb1da0) Importer(815301076,1909f56bfc062723c751e8b465ee728b)
Start importing Assets/PolygonSamurai/Prefabs/Props/SM_Prop_Pot_06.prefab using Guid(f377bf2d0bd778443b66a4a960eb1da0) Importer(815301076,1909f56bfc062723c751e8b465ee728b)  -> (artifact id: '173ce02c0e41596fee9c98a7dd7e3708') in 0.009209 seconds
Number of updated asset objects reloaded before import = 0
Number of asset objects unloaded after import = 11
========================================================================
Received Import Request.
  Time since last request: 0.000021 seconds.
  path: Assets/PolygonSamurai/Prefabs/Props/SM_Prop_Bowl_01.prefab
  artifactKey: Guid(0f166e67f8aed0a41bacf95a90101914) Importer(815301076,1909f56bfc062723c751e8b465ee728b)
Start importing Assets/PolygonSamurai/Prefabs/Props/SM_Prop_Bowl_01.prefab using Guid(0f166e67f8aed0a41bacf95a90101914) Importer(815301076,1909f56bfc062723c751e8b465ee728b)  -> (artifact id: 'd2800ae376d033782869ad553ec34388') in 0.015209 seconds
Number of updated asset objects reloaded before import = 0
Number of asset objects unloaded after import = 11
========================================================================
Received Import Request.
  Time since last request: 0.000016 seconds.
  path: Assets/PolygonSamurai/Prefabs/Props/SM_Prop_Vegetables_01.prefab
  artifactKey: Guid(c0c21b0bdbbc8b34180fa760da53948f) Importer(815301076,1909f56bfc062723c751e8b465ee728b)
Start importing Assets/PolygonSamurai/Prefabs/Props/SM_Prop_Vegetables_01.prefab using Guid(c0c21b0bdbbc8b34180fa760da53948f) Importer(815301076,1909f56bfc062723c751e8b465ee728b)  -> (artifact id: '980514debeef17386a003bfd55a3a57c') in 0.022973 seconds
Number of updated asset objects reloaded before import = 0
Number of asset objects unloaded after import = 11
========================================================================
Received Import Request.
  Time since last request: 0.000025 seconds.
  path: Assets/PolygonSamurai/Prefabs/Props/SM_Prop_Vegetables_07.prefab
  artifactKey: Guid(a84e44497d1bac6429fdc2b2e1b39bab) Importer(815301076,1909f56bfc062723c751e8b465ee728b)
Start importing Assets/PolygonSamurai/Prefabs/Props/SM_Prop_Vegetables_07.prefab using Guid(a84e44497d1bac6429fdc2b2e1b39bab) Importer(815301076,1909f56bfc062723c751e8b465ee728b)  -> (artifact id: 'c3f26f49bfb5683311657dfc87b639d8') in 0.011274 seconds
Number of updated asset objects reloaded before import = 0
Number of asset objects unloaded after import = 11
========================================================================
Received Import Request.
  Time since last request: 0.000018 seconds.
  path: Assets/PolygonSamurai/Prefabs/Props/SM_Prop_Flag_03.prefab
  artifactKey: Guid(24269a25e9c7b2d428a1e593bd8461ad) Importer(815301076,1909f56bfc062723c751e8b465ee728b)
Start importing Assets/PolygonSamurai/Prefabs/Props/SM_Prop_Flag_03.prefab using Guid(24269a25e9c7b2d428a1e593bd8461ad) Importer(815301076,1909f56bfc062723c751e8b465ee728b)  -> (artifact id: '8560f8c8609787a3f40b1cf6ae191489') in 0.011928 seconds
Number of updated asset objects reloaded before import = 0
Number of asset objects unloaded after import = 11
========================================================================
Received Import Request.
  Time since last request: 0.000027 seconds.
  path: Assets/PolygonSamurai/Prefabs/Props/SM_Prop_Vegetables_08.prefab
  artifactKey: Guid(0c7c634c0d26cb84883997f86bc7d8fc) Importer(815301076,1909f56bfc062723c751e8b465ee728b)
Start importing Assets/PolygonSamurai/Prefabs/Props/SM_Prop_Vegetables_08.prefab using Guid(0c7c634c0d26cb84883997f86bc7d8fc) Importer(815301076,1909f56bfc062723c751e8b465ee728b)  -> (artifact id: '8014faeabdf6993e31acd75a7128c8b0') in 0.010886 seconds
Number of updated asset objects reloaded before import = 0
Number of asset objects unloaded after import = 11
========================================================================
Received Import Request.
  Time since last request: 0.304927 seconds.
  path: Assets/PolygonSamurai/Prefabs/Snow/SM_Bld_Snow_Base_Large_Door_01.prefab
  artifactKey: Guid(8ee248c662f8cf347a793021e9c8cb40) Importer(815301076,1909f56bfc062723c751e8b465ee728b)
Start importing Assets/PolygonSamurai/Prefabs/Snow/SM_Bld_Snow_Base_Large_Door_01.prefab using Guid(8ee248c662f8cf347a793021e9c8cb40) Importer(815301076,1909f56bfc062723c751e8b465ee728b)  -> (artifact id: '4ac0ffbc4c9cbc587d649acead91df75') in 0.008161 seconds
Number of updated asset objects reloaded before import = 0
Number of asset objects unloaded after import = 10
========================================================================
Received Import Request.
  Time since last request: 0.000016 seconds.
  path: Assets/PolygonSamurai/Prefabs/Snow/SM_Bld_Snow_Block_CornerPillar_01.prefab
  artifactKey: Guid(c9f274cc3874a6e4f94df95faf08246f) Importer(815301076,1909f56bfc062723c751e8b465ee728b)
Start importing Assets/PolygonSamurai/Prefabs/Snow/SM_Bld_Snow_Block_CornerPillar_01.prefab using Guid(c9f274cc3874a6e4f94df95faf08246f) Importer(815301076,1909f56bfc062723c751e8b465ee728b)  -> (artifact id: 'fd3c96b21b258fd193732bc42a99bf95') in 0.012396 seconds
Number of updated asset objects reloaded before import = 0
Number of asset objects unloaded after import = 13
========================================================================
Received Import Request.
  Time since last request: 0.000016 seconds.
  path: Assets/PolygonSamurai/Prefabs/Snow/SM_Bld_Snow_Castle_Roof_Medium_01.prefab
  artifactKey: Guid(7351c47af3cdca54abc551590ccb9e33) Importer(815301076,1909f56bfc062723c751e8b465ee728b)
Start importing Assets/PolygonSamurai/Prefabs/Snow/SM_Bld_Snow_Castle_Roof_Medium_01.prefab using Guid(7351c47af3cdca54abc551590ccb9e33) Importer(815301076,1909f56bfc062723c751e8b465ee728b)  -> (artifact id: '8cb6e377b34125f124c66c1591e56ba9') in 0.010083 seconds
Number of updated asset objects reloaded before import = 0
Number of asset objects unloaded after import = 12
========================================================================
Received Import Request.
  Time since last request: 0.000017 seconds.
  path: Assets/PolygonSamurai/Prefabs/Snow/SM_Bld_Snow_Castle_Window_01.prefab
  artifactKey: Guid(284869e48fdb70c4c951bec578acd55a) Importer(815301076,1909f56bfc062723c751e8b465ee728b)
Start importing Assets/PolygonSamurai/Prefabs/Snow/SM_Bld_Snow_Castle_Window_01.prefab using Guid(284869e48fdb70c4c951bec578acd55a) Importer(815301076,1909f56bfc062723c751e8b465ee728b)  -> (artifact id: 'fd33aae659f928faf2af0251fd2dcf75') in 0.009925 seconds
Number of updated asset objects reloaded before import = 0
Number of asset objects unloaded after import = 10
========================================================================
Received Import Request.
  Time since last request: 0.000018 seconds.
  path: Assets/PolygonSamurai/Prefabs/Snow/SM_Bld_Snow_House_Door_02.prefab
  artifactKey: Guid(0fcd6b1a3bb8d5a4a8c5a2b828f2f42b) Importer(815301076,1909f56bfc062723c751e8b465ee728b)
Start importing Assets/PolygonSamurai/Prefabs/Snow/SM_Bld_Snow_House_Door_02.prefab using Guid(0fcd6b1a3bb8d5a4a8c5a2b828f2f42b) Importer(815301076,1909f56bfc062723c751e8b465ee728b)  -> (artifact id: '592f4a3cd4b8dbb848f9ae10899855d5') in 0.010299 seconds
Number of updated asset objects reloaded before import = 0
Number of asset objects unloaded after import = 10
========================================================================
Received Import Request.
  Time since last request: 0.000023 seconds.
  path: Assets/PolygonSamurai/Prefabs/Snow/SM_Bld_Snow_House_Base_Long_01.prefab
  artifactKey: Guid(30fda1117662d9a4aa534bc355fac96d) Importer(815301076,1909f56bfc062723c751e8b465ee728b)
Start importing Assets/PolygonSamurai/Prefabs/Snow/SM_Bld_Snow_House_Base_Long_01.prefab using Guid(30fda1117662d9a4aa534bc355fac96d) Importer(815301076,1909f56bfc062723c751e8b465ee728b)  -> (artifact id: 'ea86ee6acf25cbd72704721dc3c0599e') in 0.014809 seconds
Number of updated asset objects reloaded before import = 0
Number of asset objects unloaded after import = 10
========================================================================
Received Import Request.
  Time since last request: 0.000018 seconds.
  path: Assets/PolygonSamurai/Prefabs/Snow/SM_Bld_Snow_Platform_Small_01.prefab
  artifactKey: Guid(38595452764f8e247a4419b0ba79b057) Importer(815301076,1909f56bfc062723c751e8b465ee728b)
Start importing Assets/PolygonSamurai/Prefabs/Snow/SM_Bld_Snow_Platform_Small_01.prefab using Guid(38595452764f8e247a4419b0ba79b057) Importer(815301076,1909f56bfc062723c751e8b465ee728b)  -> (artifact id: '76baabcc688ca7656b2404b995c634f8') in 0.011425 seconds
Number of updated asset objects reloaded before import = 0
Number of asset objects unloaded after import = 11
========================================================================
Received Import Request.
  Time since last request: 0.000015 seconds.
  path: Assets/PolygonSamurai/Prefabs/Snow/SM_Bld_Snow_Temple_Door_02.prefab
  artifactKey: Guid(559d5e34a6b8e644fbc9a81ae6c973e7) Importer(815301076,1909f56bfc062723c751e8b465ee728b)
Start importing Assets/PolygonSamurai/Prefabs/Snow/SM_Bld_Snow_Temple_Door_02.prefab using Guid(559d5e34a6b8e644fbc9a81ae6c973e7) Importer(815301076,1909f56bfc062723c751e8b465ee728b)  -> (artifact id: '64ce7b5bb54b28f0c1655020a7d93e2b') in 0.013736 seconds
Number of updated asset objects reloaded before import = 0
Number of asset objects unloaded after import = 18
========================================================================
Received Import Request.
  Time since last request: 0.000018 seconds.
  path: Assets/PolygonSamurai/Prefabs/Snow/SM_Bld_Snow_House_Base_01.prefab
  artifactKey: Guid(33eed04e030fa4944a64a44e5fd096ca) Importer(815301076,1909f56bfc062723c751e8b465ee728b)
Start importing Assets/PolygonSamurai/Prefabs/Snow/SM_Bld_Snow_House_Base_01.prefab using Guid(33eed04e030fa4944a64a44e5fd096ca) Importer(815301076,1909f56bfc062723c751e8b465ee728b)  -> (artifact id: '9347678c51c31c3bc13a4eadf3ca9e15') in 0.014475 seconds
Number of updated asset objects reloaded before import = 0
Number of asset objects unloaded after import = 10
========================================================================
Received Import Request.
  Time since last request: 0.000019 seconds.
  path: Assets/PolygonSamurai/Prefabs/Snow/SM_Bld_Snow_House_Roof_Long_Wood_01.prefab
  artifactKey: Guid(286b139c2eafb5d4a82cb3baf00fb889) Importer(815301076,1909f56bfc062723c751e8b465ee728b)
Start importing Assets/PolygonSamurai/Prefabs/Snow/SM_Bld_Snow_House_Roof_Long_Wood_01.prefab using Guid(286b139c2eafb5d4a82cb3baf00fb889) Importer(815301076,1909f56bfc062723c751e8b465ee728b)  -> (artifact id: '3ed436a94d59203510a1e5ac4b85352e') in 0.014205 seconds
Number of updated asset objects reloaded before import = 0
Number of asset objects unloaded after import = 12
========================================================================
Received Import Request.
  Time since last request: 0.000024 seconds.
  path: Assets/PolygonSamurai/Prefabs/Snow/SM_Bld_Snow_Platform_Stairs_01.prefab
  artifactKey: Guid(2134b1ffbb3e82f49931718436b6465c) Importer(815301076,1909f56bfc062723c751e8b465ee728b)
Start importing Assets/PolygonSamurai/Prefabs/Snow/SM_Bld_Snow_Platform_Stairs_01.prefab using Guid(2134b1ffbb3e82f49931718436b6465c) Importer(815301076,1909f56bfc062723c751e8b465ee728b)  -> (artifact id: 'f11e8ee3b9c00e76b84888b631cf9b95') in 0.012032 seconds
Number of updated asset objects reloaded before import = 0
Number of asset objects unloaded after import = 11
========================================================================
Received Import Request.
  Time since last request: 0.000018 seconds.
  path: Assets/PolygonSamurai/Prefabs/Snow/SM_Bld_Snow_Castle_Roof_Addon_01.prefab
  artifactKey: Guid(566b096cfb5506c4ca04a11dee43891c) Importer(815301076,1909f56bfc062723c751e8b465ee728b)
Start importing Assets/PolygonSamurai/Prefabs/Snow/SM_Bld_Snow_Castle_Roof_Addon_01.prefab using Guid(566b096cfb5506c4ca04a11dee43891c) Importer(815301076,1909f56bfc062723c751e8b465ee728b)  -> (artifact id: '1fc021759f033cf45b7bac39665ddf70') in 0.011379 seconds
Number of updated asset objects reloaded before import = 0
Number of asset objects unloaded after import = 12
========================================================================
Received Import Request.
  Time since last request: 0.000018 seconds.
  path: Assets/PolygonSamurai/Prefabs/Snow/SM_Bld_Snow_Castle_Roof_Small_01.prefab
  artifactKey: Guid(7c1ba875dc59fcb46845bb06a9565a54) Importer(815301076,1909f56bfc062723c751e8b465ee728b)
Start importing Assets/PolygonSamurai/Prefabs/Snow/SM_Bld_Snow_Castle_Roof_Small_01.prefab using Guid(7c1ba875dc59fcb46845bb06a9565a54) Importer(815301076,1909f56bfc062723c751e8b465ee728b)  -> (artifact id: 'de8d9448ecef00f147d35526e27fa31c') in 0.014281 seconds
Number of updated asset objects reloaded before import = 0
Number of asset objects unloaded after import = 12
========================================================================
Received Import Request.
  Time since last request: 0.426323 seconds.
  path: Assets/PolygonSamurai/Prefabs/Weapons/SM_Wep_Kunai_01.prefab
  artifactKey: Guid(a8929d8c11f00b24d9d8e3bf32fedfb9) Importer(815301076,1909f56bfc062723c751e8b465ee728b)
Start importing Assets/PolygonSamurai/Prefabs/Weapons/SM_Wep_Kunai_01.prefab using Guid(a8929d8c11f00b24d9d8e3bf32fedfb9) Importer(815301076,1909f56bfc062723c751e8b465ee728b)  -> (artifact id: '04e17c606402c7779b4d0af7246598af') in 0.010587 seconds
Number of updated asset objects reloaded before import = 0
Number of asset objects unloaded after import = 11
========================================================================
Received Import Request.
  Time since last request: 0.000014 seconds.
  path: Assets/PolygonSamurai/Prefabs/Weapons/SM_Wep_Naginata_02.prefab
  artifactKey: Guid(df0557f1b34280a4ba8fd22a36aa7b85) Importer(815301076,1909f56bfc062723c751e8b465ee728b)
Start importing Assets/PolygonSamurai/Prefabs/Weapons/SM_Wep_Naginata_02.prefab using Guid(df0557f1b34280a4ba8fd22a36aa7b85) Importer(815301076,1909f56bfc062723c751e8b465ee728b)  -> (artifact id: '6595961c757a65d418483280c1531c44') in 0.014521 seconds
Number of updated asset objects reloaded before import = 0
Number of asset objects unloaded after import = 11
========================================================================
Received Import Request.
  Time since last request: 0.000017 seconds.
  path: Assets/PolygonSamurai/Prefabs/Weapons/SM_Wep_Tonfa_01.prefab
  artifactKey: Guid(9a948a3e41c0dcf439990b43bb8542fb) Importer(815301076,1909f56bfc062723c751e8b465ee728b)
Start importing Assets/PolygonSamurai/Prefabs/Weapons/SM_Wep_Tonfa_01.prefab using Guid(9a948a3e41c0dcf439990b43bb8542fb) Importer(815301076,1909f56bfc062723c751e8b465ee728b)  -> (artifact id: '8584c43bd173065fddba99f4dc7fc33a') in 0.012015 seconds
Number of updated asset objects reloaded before import = 0
Number of asset objects unloaded after import = 11
========================================================================
Received Import Request.
  Time since last request: 5.567870 seconds.
  path: Assets/PolygonSamurai/Textures/PolygonSamurai_Emmision_Night.png
  artifactKey: Guid(9430476696fc3204ea56ee7ac65539c8) Importer(815301076,1909f56bfc062723c751e8b465ee728b)
Start importing Assets/PolygonSamurai/Textures/PolygonSamurai_Emmision_Night.png using Guid(9430476696fc3204ea56ee7ac65539c8) Importer(815301076,1909f56bfc062723c751e8b465ee728b)  -> (artifact id: '3e53ba5c896fefecd8a3f54e6eeefaaf') in 0.020934 seconds
Number of updated asset objects reloaded before import = 0
Number of asset objects unloaded after import = 2
Editor requested this worker to shutdown with reason: Scaling down because of idle timeout
TcpMessagingSession - receive error: operation aborted. errorcode: 995, details: The I/O operation has been aborted because of either a thread exit or an application request.
AssetImportWorker is now disconnected from the server
Process exiting
Exiting without the bug reporter. Application will terminate with return code 0