Using pre-set license
Built from '2022.3/staging' branch; Version is '2022.3.17f1 (4fc78088f837) revision 5228416'; Using compiler version '192829333'; Build Type 'Release'
OS: 'Windows 11  (10.0.22631) 64bit Core' Language: 'en' Physical Memory: 15775 MB
BatchMode: 1, IsHumanControllingUs: 0, StartBugReporterOnCrash: 0, Is64bit: 1, IsPro: 1

COMMAND LINE ARGUMENTS:
C:\Program Files\Unity\Hub\Editor\2022.3.17f1\Editor\Unity.exe
-adb2
-batchMode
-noUpm
-name
AssetImportWorker4
-projectPath
C:/Users/ethan/Desktop/upload/From-the-Shadows/From the Shadows
-logFile
Logs/AssetImportWorker4.log
-srvPort
61993
Successfully changed project path to: C:/Users/ethan/Desktop/upload/From-the-Shadows/From the Shadows
C:/Users/ethan/Desktop/upload/From-the-Shadows/From the Shadows
[UnityMemory] Configuration Parameters - Can be set up in boot.config
    "memorysetup-bucket-allocator-granularity=16"
    "memorysetup-bucket-allocator-bucket-count=8"
    "memorysetup-bucket-allocator-block-size=33554432"
    "memorysetup-bucket-allocator-block-count=8"
    "memorysetup-main-allocator-block-size=16777216"
    "memorysetup-thread-allocator-block-size=16777216"
    "memorysetup-gfx-main-allocator-block-size=16777216"
    "memorysetup-gfx-thread-allocator-block-size=16777216"
    "memorysetup-cache-allocator-block-size=4194304"
    "memorysetup-typetree-allocator-block-size=2097152"
    "memorysetup-profiler-bucket-allocator-granularity=16"
    "memorysetup-profiler-bucket-allocator-bucket-count=8"
    "memorysetup-profiler-bucket-allocator-block-size=33554432"
    "memorysetup-profiler-bucket-allocator-block-count=8"
    "memorysetup-profiler-allocator-block-size=16777216"
    "memorysetup-profiler-editor-allocator-block-size=1048576"
    "memorysetup-temp-allocator-size-main=16777216"
    "memorysetup-job-temp-allocator-block-size=2097152"
    "memorysetup-job-temp-allocator-block-size-background=1048576"
    "memorysetup-job-temp-allocator-reduction-small-platforms=262144"
    "memorysetup-allocator-temp-initial-block-size-main=262144"
    "memorysetup-allocator-temp-initial-block-size-worker=262144"
    "memorysetup-temp-allocator-size-background-worker=32768"
    "memorysetup-temp-allocator-size-job-worker=262144"
    "memorysetup-temp-allocator-size-preload-manager=33554432"
    "memorysetup-temp-allocator-size-nav-mesh-worker=65536"
    "memorysetup-temp-allocator-size-audio-worker=65536"
    "memorysetup-temp-allocator-size-cloud-worker=32768"
    "memorysetup-temp-allocator-size-gi-baking-worker=262144"
    "memorysetup-temp-allocator-size-gfx=262144"
Player connection [21872] Host "[IP] 172.21.112.1 [Port] 0 [Flags] 2 [Guid] 1353889024 [EditorId] 1353889024 [Version] 1048832 [Id] WindowsEditor(7,LAPTOP-BNVI49SF) [Debug] 1 [PackageName] WindowsEditor [ProjectName] Editor" joined multi-casting on [225.0.0.222:54997]...

Player connection [21872] Host "[IP] 172.21.112.1 [Port] 0 [Flags] 2 [Guid] 1353889024 [EditorId] 1353889024 [Version] 1048832 [Id] WindowsEditor(7,LAPTOP-BNVI49SF) [Debug] 1 [PackageName] WindowsEditor [ProjectName] Editor" joined alternative multi-casting on [225.0.0.222:34997]...

[Physics::Module] Initialized MultithreadedJobDispatcher with 15 workers.
Refreshing native plugins compatible for Editor in 15.92 ms, found 3 plugins.
Preloading 0 native plugins for Editor in 0.00 ms.
Initialize engine version: 2022.3.17f1 (4fc78088f837)
[Subsystems] Discovering subsystems at path C:/Program Files/Unity/Hub/Editor/2022.3.17f1/Editor/Data/Resources/UnitySubsystems
[Subsystems] Discovering subsystems at path C:/Users/ethan/Desktop/upload/From-the-Shadows/From the Shadows/Assets
GfxDevice: creating device client; threaded=0; jobified=0
Direct3D:
    Version:  Direct3D 11.0 [level 11.1]
    Renderer: NVIDIA GeForce GTX 1650 (ID=0x1f9d)
    Vendor:   NVIDIA
    VRAM:     3950 MB
    Driver:   31.0.15.3168
Initialize mono
Mono path[0] = 'C:/Program Files/Unity/Hub/Editor/2022.3.17f1/Editor/Data/Managed'
Mono path[1] = 'C:/Program Files/Unity/Hub/Editor/2022.3.17f1/Editor/Data/MonoBleedingEdge/lib/mono/unityjit-win32'
Mono config path = 'C:/Program Files/Unity/Hub/Editor/2022.3.17f1/Editor/Data/MonoBleedingEdge/etc'
Using monoOptions --debugger-agent=transport=dt_socket,embedding=1,server=y,suspend=n,address=127.0.0.1:56304
Begin MonoManager ReloadAssembly
Registering precompiled unity dll's ...
Register platform support module: C:/Program Files/Unity/Hub/Editor/2022.3.17f1/Editor/Data/PlaybackEngines/WebGLSupport/UnityEditor.WebGL.Extensions.dll
Register platform support module: C:/Program Files/Unity/Hub/Editor/2022.3.17f1/Editor/Data/PlaybackEngines/WindowsStandaloneSupport/UnityEditor.WindowsStandalone.Extensions.dll
Registered in 0.012946 seconds.
- Loaded All Assemblies, in  0.459 seconds
Native extension for WindowsStandalone target not found
Native extension for WebGL target not found
Mono: successfully reloaded assembly
- Finished resetting the current domain, in  0.287 seconds
Domain Reload Profiling: 744ms
	BeginReloadAssembly (190ms)
		ExecutionOrderSort (0ms)
		DisableScriptedObjects (0ms)
		BackupInstance (0ms)
		ReleaseScriptingObjects (0ms)
		CreateAndSetChildDomain (1ms)
	RebuildCommonClasses (39ms)
	RebuildNativeTypeToScriptingClass (12ms)
	initialDomainReloadingComplete (73ms)
	LoadAllAssembliesAndSetupDomain (143ms)
		LoadAssemblies (183ms)
		RebuildTransferFunctionScriptingTraits (0ms)
		AnalyzeDomain (141ms)
			TypeCache.Refresh (139ms)
				TypeCache.ScanAssembly (126ms)
			ScanForSourceGeneratedMonoScriptInfo (0ms)
			ResolveRequiredComponents (1ms)
	FinalizeReload (288ms)
		ReleaseScriptCaches (0ms)
		RebuildScriptCaches (0ms)
		SetupLoadedEditorAssemblies (229ms)
			LogAssemblyErrors (0ms)
			InitializePlatformSupportModulesInManaged (12ms)
			SetLoadedEditorAssemblies (6ms)
			RefreshPlugins (0ms)
			BeforeProcessingInitializeOnLoad (2ms)
			ProcessInitializeOnLoadAttributes (159ms)
			ProcessInitializeOnLoadMethodAttributes (50ms)
			AfterProcessingInitializeOnLoad (0ms)
			EditorAssembliesLoaded (0ms)
		ExecutionOrderSort2 (0ms)
		AwakeInstancesAfterBackupRestoration (0ms)
========================================================================
Worker process is ready to serve import requests
Begin MonoManager ReloadAssembly
- Loaded All Assemblies, in  0.786 seconds
Refreshing native plugins compatible for Editor in 4.04 ms, found 3 plugins.
Native extension for WindowsStandalone target not found
Native extension for WebGL target not found
Package Manager log level set to [2]
[Package Manager] Server::EnsureServerProcessIsRunning -- launch failed, reason: Unity was launched with the -noUpm command-line argument
[Package Manager] UpmClient::Send -- Unable to send message (not connected to UPM process).
[Package Manager] Cannot connect to Unity Package Manager local server
Mono: successfully reloaded assembly
- Finished resetting the current domain, in  0.590 seconds
Domain Reload Profiling: 1371ms
	BeginReloadAssembly (181ms)
		ExecutionOrderSort (0ms)
		DisableScriptedObjects (8ms)
		BackupInstance (0ms)
		ReleaseScriptingObjects (0ms)
		CreateAndSetChildDomain (23ms)
	RebuildCommonClasses (39ms)
	RebuildNativeTypeToScriptingClass (12ms)
	initialDomainReloadingComplete (60ms)
	LoadAllAssembliesAndSetupDomain (489ms)
		LoadAssemblies (388ms)
		RebuildTransferFunctionScriptingTraits (0ms)
		AnalyzeDomain (208ms)
			TypeCache.Refresh (183ms)
				TypeCache.ScanAssembly (168ms)
			ScanForSourceGeneratedMonoScriptInfo (20ms)
			ResolveRequiredComponents (4ms)
	FinalizeReload (591ms)
		ReleaseScriptCaches (0ms)
		RebuildScriptCaches (0ms)
		SetupLoadedEditorAssemblies (446ms)
			LogAssemblyErrors (0ms)
			InitializePlatformSupportModulesInManaged (8ms)
			SetLoadedEditorAssemblies (4ms)
			RefreshPlugins (0ms)
			BeforeProcessingInitializeOnLoad (69ms)
			ProcessInitializeOnLoadAttributes (336ms)
			ProcessInitializeOnLoadMethodAttributes (20ms)
			AfterProcessingInitializeOnLoad (9ms)
			EditorAssembliesLoaded (0ms)
		ExecutionOrderSort2 (0ms)
		AwakeInstancesAfterBackupRestoration (8ms)
Launched and connected shader compiler UnityShaderCompiler.exe after 0.05 seconds
Refreshing native plugins compatible for Editor in 22.22 ms, found 3 plugins.
Preloading 0 native plugins for Editor in 0.00 ms.
Unloading 3178 Unused Serialized files (Serialized files now loaded: 0)
Unloading 32 unused Assets / (57.1 KB). Loaded Objects now: 3642.
Memory consumption went from 131.2 MB to 131.2 MB.
Total: 4.265200 ms (FindLiveObjects: 0.302900 ms CreateObjectMapping: 0.175200 ms MarkObjects: 3.617500 ms  DeleteObjects: 0.168500 ms)

AssetImportParameters requested are different than current active one (requested -> active):
  custom:container-demuxer-ogg: 62fdf1f143b41e24485cea50d1cbac27 -> 
  custom:video-codec-MediaFoundation-h265: 746d11721c4dcdbdad8f713fa42b33f4 -> 
  custom:video-decoder-ogg-theora: a1e56fd34408186e4bbccfd4996cb3dc -> 
  custom:framework-win-MediaFoundation: 216162199b28c13a410421893ffa2e32 -> 
  custom:CustomObjectIndexerAttribute: 6d391050e5a25f67b0a2c618074f2cd9 -> 
  custom:container-demuxer-webm: 4f35f7cbe854078d1ac9338744f61a02 -> 
  custom:container-muxer-webm: aa71ff27fc2769a1b78a27578f13a17b -> 
  custom:video-decoder-webm-vp8: 9c59270c3fd7afecdb556c50c9e8de78 -> 
  custom:SearchIndexIgnoredProperties: e643bd26f0fe6173181afceb89e7c659 -> 
  custom:AudioImporter_EditorPlatform: d09bf68614088b80899f8185d706f6e7 -> 
  custom:video-encoder-webm-vp8: eb34c28f22e8b96e1ab97ce403110664 -> 
  custom:audio-decoder-ogg-vorbis: bf7c407c2cedff20999df2af8eb42d56 -> 
  custom:audio-encoder-webm-vorbis: bf7c407c2cedff20999df2af8eb42d56 -> 
========================================================================
Received Import Request.
  Time since last request: 434579.128568 seconds.
  path: Assets/PolygonSamurai/Prefabs
  artifactKey: Guid(728234996955bca42b7852b3834742d3) Importer(815301076,1909f56bfc062723c751e8b465ee728b)
Start importing Assets/PolygonSamurai/Prefabs using Guid(728234996955bca42b7852b3834742d3) Importer(815301076,1909f56bfc062723c751e8b465ee728b)  -> (artifact id: '37adddb749ea4d11a3c5925a55f1018b') in 0.002151 seconds
Number of updated asset objects reloaded before import = 0
Number of asset objects unloaded after import = 0
========================================================================
Received Import Request.
  Time since last request: 2.912526 seconds.
  path: Assets/PolygonSamurai/Prefabs/Environments
  artifactKey: Guid(3613cccff852ac245948b540630485cc) Importer(815301076,1909f56bfc062723c751e8b465ee728b)
Start importing Assets/PolygonSamurai/Prefabs/Environments using Guid(3613cccff852ac245948b540630485cc) Importer(815301076,1909f56bfc062723c751e8b465ee728b)  -> (artifact id: 'a3c6b8cf46f796de439a70851dd8ef42') in 0.000450 seconds
Number of updated asset objects reloaded before import = 0
Number of asset objects unloaded after import = 0
========================================================================
Received Import Request.
  Time since last request: 0.057897 seconds.
  path: Assets/PolygonSamurai/Prefabs/Environments/SM_Env_Archway_01.prefab
  artifactKey: Guid(eee7d30a1967a4b4283d35b0dbddc6d0) Importer(815301076,1909f56bfc062723c751e8b465ee728b)
Start importing Assets/PolygonSamurai/Prefabs/Environments/SM_Env_Archway_01.prefab using Guid(eee7d30a1967a4b4283d35b0dbddc6d0) Importer(815301076,1909f56bfc062723c751e8b465ee728b)  -> (artifact id: 'd8e68a47bc89a7975af79b7e0546bc45') in 0.137580 seconds
Number of updated asset objects reloaded before import = 0
Number of asset objects unloaded after import = 11
========================================================================
Received Import Request.
  Time since last request: 0.000034 seconds.
  path: Assets/PolygonSamurai/Prefabs/Environments/SM_Env_Bridge_01.prefab
  artifactKey: Guid(64e5943ef1d7c2f429d7ec7243fff500) Importer(815301076,1909f56bfc062723c751e8b465ee728b)
Start importing Assets/PolygonSamurai/Prefabs/Environments/SM_Env_Bridge_01.prefab using Guid(64e5943ef1d7c2f429d7ec7243fff500) Importer(815301076,1909f56bfc062723c751e8b465ee728b)  -> (artifact id: 'ede202caf4b857b3eb7026e206e66d41') in 0.038179 seconds
Number of updated asset objects reloaded before import = 0
Number of asset objects unloaded after import = 11
========================================================================
Received Import Request.
  Time since last request: 0.771321 seconds.
  path: Assets/PolygonSamurai/Prefabs/Environments/SM_Env_CropRow_01.prefab
  artifactKey: Guid(ce9e372b27f55164cb299747f469d6e5) Importer(815301076,1909f56bfc062723c751e8b465ee728b)
Start importing Assets/PolygonSamurai/Prefabs/Environments/SM_Env_CropRow_01.prefab using Guid(ce9e372b27f55164cb299747f469d6e5) Importer(815301076,1909f56bfc062723c751e8b465ee728b)  -> (artifact id: 'da12ac2f46acfbc90407bc137110f0bc') in 0.013625 seconds
Number of updated asset objects reloaded before import = 0
Number of asset objects unloaded after import = 10
========================================================================
Received Import Request.
  Time since last request: 0.000019 seconds.
  path: Assets/PolygonSamurai/Prefabs/Environments/SM_Env_FarmTerrace_01.prefab
  artifactKey: Guid(5ae1db1e12efb2e4cae407c5f8558a58) Importer(815301076,1909f56bfc062723c751e8b465ee728b)
Start importing Assets/PolygonSamurai/Prefabs/Environments/SM_Env_FarmTerrace_01.prefab using Guid(5ae1db1e12efb2e4cae407c5f8558a58) Importer(815301076,1909f56bfc062723c751e8b465ee728b)  -> (artifact id: 'c5a7bf46bb8e6d818a8b77e6b76f1752') in 0.013590 seconds
Number of updated asset objects reloaded before import = 0
Number of asset objects unloaded after import = 10
========================================================================
Received Import Request.
  Time since last request: 0.002292 seconds.
  path: Assets/PolygonSamurai/Prefabs/Environments/SM_Env_FarmTerrace_04.prefab
  artifactKey: Guid(4c0e698d1b8b92f47b69e9eaa595c9bf) Importer(815301076,1909f56bfc062723c751e8b465ee728b)
Start importing Assets/PolygonSamurai/Prefabs/Environments/SM_Env_FarmTerrace_04.prefab using Guid(4c0e698d1b8b92f47b69e9eaa595c9bf) Importer(815301076,1909f56bfc062723c751e8b465ee728b)  -> (artifact id: 'e6106d80a2fb24a67f30db9beaf0f173') in 0.013696 seconds
Number of updated asset objects reloaded before import = 0
Number of asset objects unloaded after import = 10
========================================================================
Received Import Request.
  Time since last request: 0.907029 seconds.
  path: Assets/PolygonSamurai/Prefabs/Environments/SM_Env_FarmTerrace_05.prefab
  artifactKey: Guid(efa9dbfd4b326284e91283df33b9ac84) Importer(815301076,1909f56bfc062723c751e8b465ee728b)
Start importing Assets/PolygonSamurai/Prefabs/Environments/SM_Env_FarmTerrace_05.prefab using Guid(efa9dbfd4b326284e91283df33b9ac84) Importer(815301076,1909f56bfc062723c751e8b465ee728b)  -> (artifact id: '2569ad64c7d8cafbf4a05bb96b5d985c') in 0.014592 seconds
Number of updated asset objects reloaded before import = 0
Number of asset objects unloaded after import = 10
========================================================================
Received Import Request.
  Time since last request: 0.000024 seconds.
  path: Assets/PolygonSamurai/Prefabs/Environments/SM_Env_Fuji_01.prefab
  artifactKey: Guid(152e287be55ae4245ad12fc2cf75e4d4) Importer(815301076,1909f56bfc062723c751e8b465ee728b)
Start importing Assets/PolygonSamurai/Prefabs/Environments/SM_Env_Fuji_01.prefab using Guid(152e287be55ae4245ad12fc2cf75e4d4) Importer(815301076,1909f56bfc062723c751e8b465ee728b)  -> (artifact id: '4067219dafdd81425b36d5566649f1a3') in 0.026938 seconds
Number of updated asset objects reloaded before import = 0
Number of asset objects unloaded after import = 13
========================================================================
Received Import Request.
  Time since last request: 0.418660 seconds.
  path: Assets/PolygonSamurai/Prefabs/Environments/SM_Env_GroundMound_05.prefab
  artifactKey: Guid(d71188ec11ee08d48855bf0b7ae87c6c) Importer(815301076,1909f56bfc062723c751e8b465ee728b)
Start importing Assets/PolygonSamurai/Prefabs/Environments/SM_Env_GroundMound_05.prefab using Guid(d71188ec11ee08d48855bf0b7ae87c6c) Importer(815301076,1909f56bfc062723c751e8b465ee728b)  -> (artifact id: '4473988860bb9dd57077992eb58278e5') in 0.018456 seconds
Number of updated asset objects reloaded before import = 0
Number of asset objects unloaded after import = 10
========================================================================
Received Import Request.
  Time since last request: 0.000024 seconds.
  path: Assets/PolygonSamurai/Prefabs/Environments/SM_Env_Lillypad_Large_03.prefab
  artifactKey: Guid(b0d8a378c3dbe474fb09e04e0114b895) Importer(815301076,1909f56bfc062723c751e8b465ee728b)
Start importing Assets/PolygonSamurai/Prefabs/Environments/SM_Env_Lillypad_Large_03.prefab using Guid(b0d8a378c3dbe474fb09e04e0114b895) Importer(815301076,1909f56bfc062723c751e8b465ee728b)  -> (artifact id: 'a46dd5eb8d4da479a854d21558e8b90b') in 0.016095 seconds
Number of updated asset objects reloaded before import = 0
Number of asset objects unloaded after import = 9
========================================================================
Received Import Request.
  Time since last request: 0.595778 seconds.
  path: Assets/PolygonSamurai/Prefabs/Environments/SM_Env_Path_4Way_01.prefab
  artifactKey: Guid(357d369e3196fba4dad7b06e403a52e0) Importer(815301076,1909f56bfc062723c751e8b465ee728b)
Start importing Assets/PolygonSamurai/Prefabs/Environments/SM_Env_Path_4Way_01.prefab using Guid(357d369e3196fba4dad7b06e403a52e0) Importer(815301076,1909f56bfc062723c751e8b465ee728b)  -> (artifact id: '7907604491fb8767ddb2bd079ac7b099') in 0.023585 seconds
Number of updated asset objects reloaded before import = 0
Number of asset objects unloaded after import = 11
========================================================================
Received Import Request.
  Time since last request: 0.000027 seconds.
  path: Assets/PolygonSamurai/Prefabs/Environments/SM_Env_PondEdge_01.prefab
  artifactKey: Guid(bb255af77a215e4468fbcb741f7b6e33) Importer(815301076,1909f56bfc062723c751e8b465ee728b)
Start importing Assets/PolygonSamurai/Prefabs/Environments/SM_Env_PondEdge_01.prefab using Guid(bb255af77a215e4468fbcb741f7b6e33) Importer(815301076,1909f56bfc062723c751e8b465ee728b)  -> (artifact id: '104084788b625e211f9882464a7ade9c') in 0.016088 seconds
Number of updated asset objects reloaded before import = 0
Number of asset objects unloaded after import = 10
========================================================================
Received Import Request.
  Time since last request: 0.298276 seconds.
  path: Assets/PolygonSamurai/Prefabs/Environments/SM_Env_PondEdge_02.prefab
  artifactKey: Guid(20ac264703c52b34dbe2d75ece55400f) Importer(815301076,1909f56bfc062723c751e8b465ee728b)
Start importing Assets/PolygonSamurai/Prefabs/Environments/SM_Env_PondEdge_02.prefab using Guid(20ac264703c52b34dbe2d75ece55400f) Importer(815301076,1909f56bfc062723c751e8b465ee728b)  -> (artifact id: '7cc9cc7e33777150886dc3f90c7e3e6f') in 0.018071 seconds
Number of updated asset objects reloaded before import = 0
Number of asset objects unloaded after import = 10
========================================================================
Received Import Request.
  Time since last request: 0.000029 seconds.
  path: Assets/PolygonSamurai/Prefabs/Environments/SM_Env_Rock_01.prefab
  artifactKey: Guid(f8624e5be3abfc240a2fe78522a9a0d2) Importer(815301076,1909f56bfc062723c751e8b465ee728b)
Start importing Assets/PolygonSamurai/Prefabs/Environments/SM_Env_Rock_01.prefab using Guid(f8624e5be3abfc240a2fe78522a9a0d2) Importer(815301076,1909f56bfc062723c751e8b465ee728b)  -> (artifact id: '40f0cd41f217e83a20a61d5b8173173c') in 0.014377 seconds
Number of updated asset objects reloaded before import = 0
Number of asset objects unloaded after import = 11
========================================================================
Received Import Request.
  Time since last request: 2.172229 seconds.
  path: Assets/PolygonSamurai/Prefabs/Environments/SM_Env_Rock_Large_01.prefab
  artifactKey: Guid(1113625db48b7c5488c4e88ee69bfab0) Importer(815301076,1909f56bfc062723c751e8b465ee728b)
Start importing Assets/PolygonSamurai/Prefabs/Environments/SM_Env_Rock_Large_01.prefab using Guid(1113625db48b7c5488c4e88ee69bfab0) Importer(815301076,1909f56bfc062723c751e8b465ee728b)  -> (artifact id: 'd16872f6712f8457b82f1821b519f99a') in 0.014914 seconds
Number of updated asset objects reloaded before import = 0
Number of asset objects unloaded after import = 11
========================================================================
Received Import Request.
  Time since last request: 0.000017 seconds.
  path: Assets/PolygonSamurai/Prefabs/Environments/SM_Env_SteppingStone_03.prefab
  artifactKey: Guid(c14fb016084df564595efe3fe51fd084) Importer(815301076,1909f56bfc062723c751e8b465ee728b)
Start importing Assets/PolygonSamurai/Prefabs/Environments/SM_Env_SteppingStone_03.prefab using Guid(c14fb016084df564595efe3fe51fd084) Importer(815301076,1909f56bfc062723c751e8b465ee728b)  -> (artifact id: '2295ddb60207bd23fd411ab212306bbb') in 0.017545 seconds
Number of updated asset objects reloaded before import = 0
Number of asset objects unloaded after import = 10
========================================================================
Received Import Request.
  Time since last request: 0.000022 seconds.
  path: Assets/PolygonSamurai/Prefabs/Environments/SM_Env_SteppingStone_04.prefab
  artifactKey: Guid(4a03f352523c574468263a3f46b2ec46) Importer(815301076,1909f56bfc062723c751e8b465ee728b)
Start importing Assets/PolygonSamurai/Prefabs/Environments/SM_Env_SteppingStone_04.prefab using Guid(4a03f352523c574468263a3f46b2ec46) Importer(815301076,1909f56bfc062723c751e8b465ee728b)  -> (artifact id: '56555485e378d7cc5573124dcba1d7ec') in 0.032845 seconds
Number of updated asset objects reloaded before import = 0
Number of asset objects unloaded after import = 10
========================================================================
Received Import Request.
  Time since last request: 0.460968 seconds.
  path: Assets/PolygonSamurai/Prefabs/Environments/SM_Env_Tile_Sand_01.prefab
  artifactKey: Guid(63bc7f5bb5dbc6145884ef96eb005370) Importer(815301076,1909f56bfc062723c751e8b465ee728b)
Start importing Assets/PolygonSamurai/Prefabs/Environments/SM_Env_Tile_Sand_01.prefab using Guid(63bc7f5bb5dbc6145884ef96eb005370) Importer(815301076,1909f56bfc062723c751e8b465ee728b)  -> (artifact id: 'bf45c64f7a09896d8056be0491c56488') in 0.017979 seconds
Number of updated asset objects reloaded before import = 0
Number of asset objects unloaded after import = 10
========================================================================
Received Import Request.
  Time since last request: 0.000018 seconds.
  path: Assets/PolygonSamurai/Prefabs/Environments/SM_Env_Tree_03.prefab
  artifactKey: Guid(c8d48f4ada079cc42a6c3a3102ceb41b) Importer(815301076,1909f56bfc062723c751e8b465ee728b)
Start importing Assets/PolygonSamurai/Prefabs/Environments/SM_Env_Tree_03.prefab using Guid(c8d48f4ada079cc42a6c3a3102ceb41b) Importer(815301076,1909f56bfc062723c751e8b465ee728b)  -> (artifact id: 'db25c3adb24f9275fe8ab651723e1a5b') in 0.016594 seconds
Number of updated asset objects reloaded before import = 0
Number of asset objects unloaded after import = 11
========================================================================
Received Import Request.
  Time since last request: 1.535040 seconds.
  path: Assets/PolygonSamurai/Prefabs/Environments/SM_Env_WoodEdge_Straight_01.prefab
  artifactKey: Guid(83f8ea0ad890006469de7091d250ddae) Importer(815301076,1909f56bfc062723c751e8b465ee728b)
Start importing Assets/PolygonSamurai/Prefabs/Environments/SM_Env_WoodEdge_Straight_01.prefab using Guid(83f8ea0ad890006469de7091d250ddae) Importer(815301076,1909f56bfc062723c751e8b465ee728b)  -> (artifact id: '1584c4460b818161048c708b32578c29') in 0.018697 seconds
Number of updated asset objects reloaded before import = 0
Number of asset objects unloaded after import = 10
========================================================================
Received Prepare
Begin MonoManager ReloadAssembly
- Loaded All Assemblies, in  0.502 seconds
Refreshing native plugins compatible for Editor in 5.22 ms, found 3 plugins.
Native extension for WindowsStandalone target not found
Native extension for WebGL target not found
[Package Manager] Server::EnsureServerProcessIsRunning -- launch failed, reason: Unity was launched with the -noUpm command-line argument
[Package Manager] UpmClient::Send -- Unable to send message (not connected to UPM process).
[Package Manager] Cannot connect to Unity Package Manager local server
Mono: successfully reloaded assembly
- Finished resetting the current domain, in  1.129 seconds
Domain Reload Profiling: 1627ms
	BeginReloadAssembly (170ms)
		ExecutionOrderSort (0ms)
		DisableScriptedObjects (5ms)
		BackupInstance (0ms)
		ReleaseScriptingObjects (0ms)
		CreateAndSetChildDomain (38ms)
	RebuildCommonClasses (35ms)
	RebuildNativeTypeToScriptingClass (11ms)
	initialDomainReloadingComplete (36ms)
	LoadAllAssembliesAndSetupDomain (245ms)
		LoadAssemblies (328ms)
		RebuildTransferFunctionScriptingTraits (0ms)
		AnalyzeDomain (11ms)
			TypeCache.Refresh (5ms)
				TypeCache.ScanAssembly (0ms)
			ScanForSourceGeneratedMonoScriptInfo (0ms)
			ResolveRequiredComponents (5ms)
	FinalizeReload (1129ms)
		ReleaseScriptCaches (0ms)
		RebuildScriptCaches (0ms)
		SetupLoadedEditorAssemblies (447ms)
			LogAssemblyErrors (0ms)
			InitializePlatformSupportModulesInManaged (10ms)
			SetLoadedEditorAssemblies (6ms)
			RefreshPlugins (0ms)
			BeforeProcessingInitializeOnLoad (88ms)
			ProcessInitializeOnLoadAttributes (315ms)
			ProcessInitializeOnLoadMethodAttributes (19ms)
			AfterProcessingInitializeOnLoad (8ms)
			EditorAssembliesLoaded (0ms)
		ExecutionOrderSort2 (0ms)
		AwakeInstancesAfterBackupRestoration (8ms)
Refreshing native plugins compatible for Editor in 13.16 ms, found 3 plugins.
Preloading 0 native plugins for Editor in 0.00 ms.
Unloading 3157 Unused Serialized files (Serialized files now loaded: 0)
Unloading 23 unused Assets / (31.1 KB). Loaded Objects now: 3653.
Memory consumption went from 133.0 MB to 133.0 MB.
Total: 3.664700 ms (FindLiveObjects: 0.288900 ms CreateObjectMapping: 0.136400 ms MarkObjects: 3.174700 ms  DeleteObjects: 0.063300 ms)

Prepare: number of updated asset objects reloaded= 0
AssetImportParameters requested are different than current active one (requested -> active):
  custom:container-demuxer-ogg: 62fdf1f143b41e24485cea50d1cbac27 -> 
  custom:video-codec-MediaFoundation-h265: 746d11721c4dcdbdad8f713fa42b33f4 -> 
  custom:video-decoder-ogg-theora: a1e56fd34408186e4bbccfd4996cb3dc -> 
  custom:framework-win-MediaFoundation: 216162199b28c13a410421893ffa2e32 -> 
  custom:CustomObjectIndexerAttribute: 6d391050e5a25f67b0a2c618074f2cd9 -> 
  custom:container-demuxer-webm: 4f35f7cbe854078d1ac9338744f61a02 -> 
  custom:container-muxer-webm: aa71ff27fc2769a1b78a27578f13a17b -> 
  custom:video-decoder-webm-vp8: 9c59270c3fd7afecdb556c50c9e8de78 -> 
  custom:SearchIndexIgnoredProperties: e643bd26f0fe6173181afceb89e7c659 -> 
  custom:AudioImporter_EditorPlatform: d09bf68614088b80899f8185d706f6e7 -> 
  custom:video-encoder-webm-vp8: eb34c28f22e8b96e1ab97ce403110664 -> 
  custom:audio-decoder-ogg-vorbis: bf7c407c2cedff20999df2af8eb42d56 -> 
  custom:audio-encoder-webm-vorbis: bf7c407c2cedff20999df2af8eb42d56 -> 
========================================================================
Received Import Request.
  Time since last request: 2066.442652 seconds.
  path: Assets/PolygonSamurai/Prefabs/Buildings/SM_Bld_Base_Large_01.prefab
  artifactKey: Guid(7c6355c8d5d048845ad02c63a92d2490) Importer(815301076,1909f56bfc062723c751e8b465ee728b)
Start importing Assets/PolygonSamurai/Prefabs/Buildings/SM_Bld_Base_Large_01.prefab using Guid(7c6355c8d5d048845ad02c63a92d2490) Importer(815301076,1909f56bfc062723c751e8b465ee728b)  -> (artifact id: 'e119111c063ce55bae54abc43be3b8b2') in 0.095944 seconds
Number of updated asset objects reloaded before import = 0
Number of asset objects unloaded after import = 11
========================================================================
Received Import Request.
  Time since last request: 0.000022 seconds.
  path: Assets/PolygonSamurai/Prefabs/Buildings/SM_Bld_Castle_Base_Large_Blank_01.prefab
  artifactKey: Guid(e4416a7a3b6780544ac50da435a7a34d) Importer(815301076,1909f56bfc062723c751e8b465ee728b)
Start importing Assets/PolygonSamurai/Prefabs/Buildings/SM_Bld_Castle_Base_Large_Blank_01.prefab using Guid(e4416a7a3b6780544ac50da435a7a34d) Importer(815301076,1909f56bfc062723c751e8b465ee728b)  -> (artifact id: '716d14f4119068466b058f0fef18df5f') in 0.018919 seconds
Number of updated asset objects reloaded before import = 0
Number of asset objects unloaded after import = 10
========================================================================
Received Import Request.
  Time since last request: 0.000031 seconds.
  path: Assets/PolygonSamurai/Prefabs/Buildings/SM_Bld_BridgeCover_01.prefab
  artifactKey: Guid(39e8becccde27ff49a98c5e6ed0a8b6b) Importer(815301076,1909f56bfc062723c751e8b465ee728b)
Start importing Assets/PolygonSamurai/Prefabs/Buildings/SM_Bld_BridgeCover_01.prefab using Guid(39e8becccde27ff49a98c5e6ed0a8b6b) Importer(815301076,1909f56bfc062723c751e8b465ee728b)  -> (artifact id: '68248d1e41dd05f258cb1aadb1a31fc7') in 0.021850 seconds
Number of updated asset objects reloaded before import = 0
Number of asset objects unloaded after import = 11
========================================================================
Received Import Request.
  Time since last request: 0.000021 seconds.
  path: Assets/PolygonSamurai/Prefabs/Buildings/SM_Bld_Base_Large_03.prefab
  artifactKey: Guid(8b7d4554f79baa746923b09cde23815c) Importer(815301076,1909f56bfc062723c751e8b465ee728b)
Start importing Assets/PolygonSamurai/Prefabs/Buildings/SM_Bld_Base_Large_03.prefab using Guid(8b7d4554f79baa746923b09cde23815c) Importer(815301076,1909f56bfc062723c751e8b465ee728b)  -> (artifact id: 'c3347813511fd606816bfcc51b41cf2c') in 0.020496 seconds
Number of updated asset objects reloaded before import = 0
Number of asset objects unloaded after import = 11
========================================================================
Received Import Request.
  Time since last request: 0.000026 seconds.
  path: Assets/PolygonSamurai/Prefabs/Buildings/SM_Bld_Base_Small_02.prefab
  artifactKey: Guid(c34eae9b95a4817439372cb8dab4af12) Importer(815301076,1909f56bfc062723c751e8b465ee728b)
Start importing Assets/PolygonSamurai/Prefabs/Buildings/SM_Bld_Base_Small_02.prefab using Guid(c34eae9b95a4817439372cb8dab4af12) Importer(815301076,1909f56bfc062723c751e8b465ee728b)  -> (artifact id: 'b378f42a8818d07aa122abe873eb9304') in 0.013588 seconds
Number of updated asset objects reloaded before import = 0
Number of asset objects unloaded after import = 11
========================================================================
Received Import Request.
  Time since last request: 0.000026 seconds.
  path: Assets/PolygonSamurai/Prefabs/Buildings/SM_Bld_Base_Small_01.prefab
  artifactKey: Guid(5d97185403749104db9499822cf3cce1) Importer(815301076,1909f56bfc062723c751e8b465ee728b)
Start importing Assets/PolygonSamurai/Prefabs/Buildings/SM_Bld_Base_Small_01.prefab using Guid(5d97185403749104db9499822cf3cce1) Importer(815301076,1909f56bfc062723c751e8b465ee728b)  -> (artifact id: '33d29f23a987a3ad5083045c9b8fb59a') in 0.019535 seconds
Number of updated asset objects reloaded before import = 0
Number of asset objects unloaded after import = 11
========================================================================
Received Import Request.
  Time since last request: 0.000025 seconds.
  path: Assets/PolygonSamurai/Prefabs/Buildings/SM_Bld_House_Addon_02.prefab
  artifactKey: Guid(f40a83cfa3c5d8c4d955d7e76fb0193e) Importer(815301076,1909f56bfc062723c751e8b465ee728b)
Start importing Assets/PolygonSamurai/Prefabs/Buildings/SM_Bld_House_Addon_02.prefab using Guid(f40a83cfa3c5d8c4d955d7e76fb0193e) Importer(815301076,1909f56bfc062723c751e8b465ee728b)  -> (artifact id: '2f372d3535562c4dd8ad147582ca2ede') in 0.015294 seconds
Number of updated asset objects reloaded before import = 0
Number of asset objects unloaded after import = 11
========================================================================
Received Import Request.
  Time since last request: 0.000021 seconds.
  path: Assets/PolygonSamurai/Prefabs/Buildings/SM_Bld_Castle_Roof_Addon_02.prefab
  artifactKey: Guid(e8686cbc341df69428f0f0c1569bba94) Importer(815301076,1909f56bfc062723c751e8b465ee728b)
Start importing Assets/PolygonSamurai/Prefabs/Buildings/SM_Bld_Castle_Roof_Addon_02.prefab using Guid(e8686cbc341df69428f0f0c1569bba94) Importer(815301076,1909f56bfc062723c751e8b465ee728b)  -> (artifact id: '66bcd71199396e3e1899ed1820e19a16') in 0.015310 seconds
Number of updated asset objects reloaded before import = 0
Number of asset objects unloaded after import = 11
========================================================================
Received Import Request.
  Time since last request: 0.000024 seconds.
  path: Assets/PolygonSamurai/Prefabs/Buildings/SM_Bld_House_Addon_01.prefab
  artifactKey: Guid(ecead0f58d6742241a8457b647b1975c) Importer(815301076,1909f56bfc062723c751e8b465ee728b)
Start importing Assets/PolygonSamurai/Prefabs/Buildings/SM_Bld_House_Addon_01.prefab using Guid(ecead0f58d6742241a8457b647b1975c) Importer(815301076,1909f56bfc062723c751e8b465ee728b)  -> (artifact id: 'cad4ada7125cfe5b60bf34335683a71e') in 0.017495 seconds
Number of updated asset objects reloaded before import = 0
Number of asset objects unloaded after import = 11
========================================================================
Received Import Request.
  Time since last request: 0.000025 seconds.
  path: Assets/PolygonSamurai/Prefabs/Buildings/SM_Bld_House_Addon_03.prefab
  artifactKey: Guid(955505b7031ac2f4dbf5bb79221a8e23) Importer(815301076,1909f56bfc062723c751e8b465ee728b)
Start importing Assets/PolygonSamurai/Prefabs/Buildings/SM_Bld_House_Addon_03.prefab using Guid(955505b7031ac2f4dbf5bb79221a8e23) Importer(815301076,1909f56bfc062723c751e8b465ee728b)  -> (artifact id: '901a7cc510d83fd945eb0478003c2a3a') in 0.017163 seconds
Number of updated asset objects reloaded before import = 0
Number of asset objects unloaded after import = 11
========================================================================
Received Import Request.
  Time since last request: 0.000023 seconds.
  path: Assets/PolygonSamurai/Prefabs/Buildings/SM_Bld_Block_CornerPillar_01.prefab
  artifactKey: Guid(270471e1edb500e4f99877d8ea3e5279) Importer(815301076,1909f56bfc062723c751e8b465ee728b)
Start importing Assets/PolygonSamurai/Prefabs/Buildings/SM_Bld_Block_CornerPillar_01.prefab using Guid(270471e1edb500e4f99877d8ea3e5279) Importer(815301076,1909f56bfc062723c751e8b465ee728b)  -> (artifact id: '503f95d315b3b96fb209f013099425fb') in 0.017131 seconds
Number of updated asset objects reloaded before import = 0
Number of asset objects unloaded after import = 13
========================================================================
Received Import Request.
  Time since last request: 0.000019 seconds.
  path: Assets/PolygonSamurai/Prefabs/Buildings/SM_Bld_Castle_Base_Medium_Windows_01.prefab
  artifactKey: Guid(c99e183b05ec31f42a55046a66c275df) Importer(815301076,1909f56bfc062723c751e8b465ee728b)
Start importing Assets/PolygonSamurai/Prefabs/Buildings/SM_Bld_Castle_Base_Medium_Windows_01.prefab using Guid(c99e183b05ec31f42a55046a66c275df) Importer(815301076,1909f56bfc062723c751e8b465ee728b)  -> (artifact id: '78801090e2705ecb46231269eb7bcd8d') in 0.014935 seconds
Number of updated asset objects reloaded before import = 0
Number of asset objects unloaded after import = 10
========================================================================
Received Import Request.
  Time since last request: 0.000021 seconds.
  path: Assets/PolygonSamurai/Prefabs/Buildings/SM_Bld_Castle_Base_Top_01.prefab
  artifactKey: Guid(1c089675afa304646b311cda8f1440c5) Importer(815301076,1909f56bfc062723c751e8b465ee728b)
Start importing Assets/PolygonSamurai/Prefabs/Buildings/SM_Bld_Castle_Base_Top_01.prefab using Guid(1c089675afa304646b311cda8f1440c5) Importer(815301076,1909f56bfc062723c751e8b465ee728b)  -> (artifact id: 'ad66a0fd713cf7eb96516bc0545767d9') in 0.016581 seconds
Number of updated asset objects reloaded before import = 0
Number of asset objects unloaded after import = 10
========================================================================
Received Import Request.
  Time since last request: 0.000024 seconds.
  path: Assets/PolygonSamurai/Prefabs/Buildings/SM_Bld_House_Addon_04.prefab
  artifactKey: Guid(c60013ba5c1fc534880cec5f2030ec5e) Importer(815301076,1909f56bfc062723c751e8b465ee728b)
Start importing Assets/PolygonSamurai/Prefabs/Buildings/SM_Bld_House_Addon_04.prefab using Guid(c60013ba5c1fc534880cec5f2030ec5e) Importer(815301076,1909f56bfc062723c751e8b465ee728b)  -> (artifact id: 'd42db2495257c76fadce505f514ddcff') in 0.017344 seconds
Number of updated asset objects reloaded before import = 0
Number of asset objects unloaded after import = 15
========================================================================
Received Import Request.
  Time since last request: 0.000019 seconds.
  path: Assets/PolygonSamurai/Prefabs/Buildings/SM_Bld_Castle_Base_Medium_Blank_01.prefab
  artifactKey: Guid(26dac1563e81bcc4aa3f498adce51412) Importer(815301076,1909f56bfc062723c751e8b465ee728b)
Start importing Assets/PolygonSamurai/Prefabs/Buildings/SM_Bld_Castle_Base_Medium_Blank_01.prefab using Guid(26dac1563e81bcc4aa3f498adce51412) Importer(815301076,1909f56bfc062723c751e8b465ee728b)  -> (artifact id: 'd90d1b212d9cb737e0aa8eac00e92452') in 0.015856 seconds
Number of updated asset objects reloaded before import = 0
Number of asset objects unloaded after import = 10
========================================================================
Received Import Request.
  Time since last request: 0.000024 seconds.
  path: Assets/PolygonSamurai/Prefabs/Buildings/SM_Bld_Block_Stairs_01.prefab
  artifactKey: Guid(fb0fc269003af974a96c22123cc6bea7) Importer(815301076,1909f56bfc062723c751e8b465ee728b)
Start importing Assets/PolygonSamurai/Prefabs/Buildings/SM_Bld_Block_Stairs_01.prefab using Guid(fb0fc269003af974a96c22123cc6bea7) Importer(815301076,1909f56bfc062723c751e8b465ee728b)  -> (artifact id: 'f17c5596b2ba1ecd5ae8a0674e7b9e65') in 0.019602 seconds
Number of updated asset objects reloaded before import = 0
Number of asset objects unloaded after import = 11
========================================================================
Received Import Request.
  Time since last request: 1.585952 seconds.
  path: Assets/PolygonSamurai/Prefabs/Characters/Character_Geisha_Black.prefab
  artifactKey: Guid(7831346d7491c004eac18e6266c5cb79) Importer(815301076,1909f56bfc062723c751e8b465ee728b)
Start importing Assets/PolygonSamurai/Prefabs/Characters/Character_Geisha_Black.prefab using Guid(7831346d7491c004eac18e6266c5cb79) Importer(815301076,1909f56bfc062723c751e8b465ee728b)  -> (artifact id: '314528a0f96fdbb9ce0722d434a1b0c4') in 0.062595 seconds
Number of updated asset objects reloaded before import = 0
Number of asset objects unloaded after import = 212
========================================================================
Received Import Request.
  Time since last request: 0.000025 seconds.
  path: Assets/PolygonSamurai/Prefabs/Characters/Character_Samurai_Warrior_White.prefab
  artifactKey: Guid(278fbc8682262ca4fa2ece1a816e7f66) Importer(815301076,1909f56bfc062723c751e8b465ee728b)
Start importing Assets/PolygonSamurai/Prefabs/Characters/Character_Samurai_Warrior_White.prefab using Guid(278fbc8682262ca4fa2ece1a816e7f66) Importer(815301076,1909f56bfc062723c751e8b465ee728b)  -> (artifact id: '468381b5a819a1f597d2939761870173') in 0.044841 seconds
Number of updated asset objects reloaded before import = 0
Number of asset objects unloaded after import = 204
========================================================================
Received Import Request.
  Time since last request: 0.000034 seconds.
  path: Assets/PolygonSamurai/Prefabs/Characters/Character_Village_Woman_Black.prefab
  artifactKey: Guid(bdada2a617695db4f84095cb35715a3d) Importer(815301076,1909f56bfc062723c751e8b465ee728b)
Start importing Assets/PolygonSamurai/Prefabs/Characters/Character_Village_Woman_Black.prefab using Guid(bdada2a617695db4f84095cb35715a3d) Importer(815301076,1909f56bfc062723c751e8b465ee728b)  -> (artifact id: '64bc670c86cc239c6545700d42fc9b28') in 0.025204 seconds
Number of updated asset objects reloaded before import = 0
Number of asset objects unloaded after import = 206
========================================================================
Received Import Request.
  Time since last request: 0.000018 seconds.
  path: Assets/PolygonSamurai/Prefabs/Characters/Character_Village_Woman_White.prefab
  artifactKey: Guid(34eb8abfa715d5c49addc71b6079f6a8) Importer(815301076,1909f56bfc062723c751e8b465ee728b)
Start importing Assets/PolygonSamurai/Prefabs/Characters/Character_Village_Woman_White.prefab using Guid(34eb8abfa715d5c49addc71b6079f6a8) Importer(815301076,1909f56bfc062723c751e8b465ee728b)  -> (artifact id: 'f8aa4a81d4642a99bae880abb88d8da9') in 0.021943 seconds
Number of updated asset objects reloaded before import = 0
Number of asset objects unloaded after import = 204
========================================================================
Received Import Request.
  Time since last request: 0.000039 seconds.
  path: Assets/PolygonSamurai/Prefabs/Characters/Character_Village_Woman_Brown.prefab
  artifactKey: Guid(d163e34857195ce4aa41a5185259ec43) Importer(815301076,1909f56bfc062723c751e8b465ee728b)
Start importing Assets/PolygonSamurai/Prefabs/Characters/Character_Village_Woman_Brown.prefab using Guid(d163e34857195ce4aa41a5185259ec43) Importer(815301076,1909f56bfc062723c751e8b465ee728b)  -> (artifact id: '09db9ed5a9475b76c8414ec78c5aa079') in 0.023049 seconds
Number of updated asset objects reloaded before import = 0
Number of asset objects unloaded after import = 206
========================================================================
Received Import Request.
  Time since last request: 0.000024 seconds.
  path: Assets/PolygonSamurai/Prefabs/Characters/Character_Village_Man_Black.prefab
  artifactKey: Guid(2fdb69d5b256cfa4e96c226f05a29874) Importer(815301076,1909f56bfc062723c751e8b465ee728b)
Start importing Assets/PolygonSamurai/Prefabs/Characters/Character_Village_Man_Black.prefab using Guid(2fdb69d5b256cfa4e96c226f05a29874) Importer(815301076,1909f56bfc062723c751e8b465ee728b)  -> (artifact id: '9f40a497543b7fb1195fb329496d3402') in 0.026736 seconds
Number of updated asset objects reloaded before import = 0
Number of asset objects unloaded after import = 206
========================================================================
Received Import Request.
  Time since last request: 0.000022 seconds.
  path: Assets/PolygonSamurai/Prefabs/Characters/Character_Samurai_Warrior_Black.prefab
  artifactKey: Guid(32a02de6a6cf2194798f0e6e0e1c82ea) Importer(815301076,1909f56bfc062723c751e8b465ee728b)
Start importing Assets/PolygonSamurai/Prefabs/Characters/Character_Samurai_Warrior_Black.prefab using Guid(32a02de6a6cf2194798f0e6e0e1c82ea) Importer(815301076,1909f56bfc062723c751e8b465ee728b)  -> (artifact id: '1f0684836567127df6dd5b08fc91b303') in 0.028580 seconds
Number of updated asset objects reloaded before import = 0
Number of asset objects unloaded after import = 206
========================================================================
Received Import Request.
  Time since last request: 0.000026 seconds.
  path: Assets/PolygonSamurai/Prefabs/Characters/Character_Village_Man_White.prefab
  artifactKey: Guid(3644d4550a4567b4586e8f9659c351d6) Importer(815301076,1909f56bfc062723c751e8b465ee728b)
Start importing Assets/PolygonSamurai/Prefabs/Characters/Character_Village_Man_White.prefab using Guid(3644d4550a4567b4586e8f9659c351d6) Importer(815301076,1909f56bfc062723c751e8b465ee728b)  -> (artifact id: '782c8950dfbf2a87473cc622480d79f7') in 0.022875 seconds
Number of updated asset objects reloaded before import = 0
Number of asset objects unloaded after import = 204
========================================================================
Received Import Request.
  Time since last request: 0.000022 seconds.
  path: Assets/PolygonSamurai/Prefabs/Characters/Character_Samurai_Warrior_Brown.prefab
  artifactKey: Guid(7a8ef51eefd672a469bf4bba34ead8bb) Importer(815301076,1909f56bfc062723c751e8b465ee728b)
Start importing Assets/PolygonSamurai/Prefabs/Characters/Character_Samurai_Warrior_Brown.prefab using Guid(7a8ef51eefd672a469bf4bba34ead8bb) Importer(815301076,1909f56bfc062723c751e8b465ee728b)  -> (artifact id: 'ece8fbecb8dd4b87c743ed04d3536fe3') in 0.025454 seconds
Number of updated asset objects reloaded before import = 0
Number of asset objects unloaded after import = 206
========================================================================
Received Import Request.
  Time since last request: 0.000030 seconds.
  path: Assets/PolygonSamurai/Prefabs/Characters/Character_Sensei_White.prefab
  artifactKey: Guid(8dc40ac2b8803944d9baecc2a1849364) Importer(815301076,1909f56bfc062723c751e8b465ee728b)
Start importing Assets/PolygonSamurai/Prefabs/Characters/Character_Sensei_White.prefab using Guid(8dc40ac2b8803944d9baecc2a1849364) Importer(815301076,1909f56bfc062723c751e8b465ee728b)  -> (artifact id: '21f46f6cdbbe69c350472cac610caefb') in 0.022301 seconds
Number of updated asset objects reloaded before import = 0
Number of asset objects unloaded after import = 204
========================================================================
Received Prepare
Begin MonoManager ReloadAssembly
- Loaded All Assemblies, in  0.586 seconds
Refreshing native plugins compatible for Editor in 4.64 ms, found 3 plugins.
Native extension for WindowsStandalone target not found
Native extension for WebGL target not found
[Package Manager] Server::EnsureServerProcessIsRunning -- launch failed, reason: Unity was launched with the -noUpm command-line argument
[Package Manager] UpmClient::Send -- Unable to send message (not connected to UPM process).
[Package Manager] Cannot connect to Unity Package Manager local server
Mono: successfully reloaded assembly
- Finished resetting the current domain, in  1.047 seconds
Domain Reload Profiling: 1628ms
	BeginReloadAssembly (195ms)
		ExecutionOrderSort (0ms)
		DisableScriptedObjects (5ms)
		BackupInstance (0ms)
		ReleaseScriptingObjects (0ms)
		CreateAndSetChildDomain (47ms)
	RebuildCommonClasses (44ms)
	RebuildNativeTypeToScriptingClass (12ms)
	initialDomainReloadingComplete (41ms)
	LoadAllAssembliesAndSetupDomain (288ms)
		LoadAssemblies (389ms)
		RebuildTransferFunctionScriptingTraits (0ms)
		AnalyzeDomain (11ms)
			TypeCache.Refresh (5ms)
				TypeCache.ScanAssembly (0ms)
			ScanForSourceGeneratedMonoScriptInfo (0ms)
			ResolveRequiredComponents (4ms)
	FinalizeReload (1047ms)
		ReleaseScriptCaches (0ms)
		RebuildScriptCaches (0ms)
		SetupLoadedEditorAssemblies (430ms)
			LogAssemblyErrors (0ms)
			InitializePlatformSupportModulesInManaged (9ms)
			SetLoadedEditorAssemblies (5ms)
			RefreshPlugins (0ms)
			BeforeProcessingInitializeOnLoad (72ms)
			ProcessInitializeOnLoadAttributes (314ms)
			ProcessInitializeOnLoadMethodAttributes (21ms)
			AfterProcessingInitializeOnLoad (10ms)
			EditorAssembliesLoaded (0ms)
		ExecutionOrderSort2 (0ms)
		AwakeInstancesAfterBackupRestoration (10ms)
Refreshing native plugins compatible for Editor in 9.54 ms, found 3 plugins.
Preloading 0 native plugins for Editor in 0.00 ms.
Unloading 3157 Unused Serialized files (Serialized files now loaded: 0)
Unloading 23 unused Assets / (31.1 KB). Loaded Objects now: 3657.
Memory consumption went from 136.7 MB to 136.6 MB.
Total: 3.413000 ms (FindLiveObjects: 0.318900 ms CreateObjectMapping: 0.126300 ms MarkObjects: 2.894000 ms  DeleteObjects: 0.072900 ms)

Prepare: number of updated asset objects reloaded= 0
AssetImportParameters requested are different than current active one (requested -> active):
  custom:container-demuxer-ogg: 62fdf1f143b41e24485cea50d1cbac27 -> 
  custom:video-codec-MediaFoundation-h265: 746d11721c4dcdbdad8f713fa42b33f4 -> 
  custom:video-decoder-ogg-theora: a1e56fd34408186e4bbccfd4996cb3dc -> 
  custom:framework-win-MediaFoundation: 216162199b28c13a410421893ffa2e32 -> 
  custom:CustomObjectIndexerAttribute: 6d391050e5a25f67b0a2c618074f2cd9 -> 
  custom:container-demuxer-webm: 4f35f7cbe854078d1ac9338744f61a02 -> 
  custom:container-muxer-webm: aa71ff27fc2769a1b78a27578f13a17b -> 
  custom:video-decoder-webm-vp8: 9c59270c3fd7afecdb556c50c9e8de78 -> 
  custom:SearchIndexIgnoredProperties: e643bd26f0fe6173181afceb89e7c659 -> 
  custom:AudioImporter_EditorPlatform: d09bf68614088b80899f8185d706f6e7 -> 
  custom:video-encoder-webm-vp8: eb34c28f22e8b96e1ab97ce403110664 -> 
  custom:audio-decoder-ogg-vorbis: bf7c407c2cedff20999df2af8eb42d56 -> 
  custom:audio-encoder-webm-vorbis: bf7c407c2cedff20999df2af8eb42d56 -> 
========================================================================
Received Prepare
Begin MonoManager ReloadAssembly
- Loaded All Assemblies, in  0.449 seconds
Refreshing native plugins compatible for Editor in 4.02 ms, found 3 plugins.
Native extension for WindowsStandalone target not found
Native extension for WebGL target not found
[Package Manager] Server::EnsureServerProcessIsRunning -- launch failed, reason: Unity was launched with the -noUpm command-line argument
[Package Manager] UpmClient::Send -- Unable to send message (not connected to UPM process).
[Package Manager] Cannot connect to Unity Package Manager local server
Mono: successfully reloaded assembly
- Finished resetting the current domain, in  0.926 seconds
Domain Reload Profiling: 1372ms
	BeginReloadAssembly (157ms)
		ExecutionOrderSort (0ms)
		DisableScriptedObjects (5ms)
		BackupInstance (0ms)
		ReleaseScriptingObjects (0ms)
		CreateAndSetChildDomain (35ms)
	RebuildCommonClasses (32ms)
	RebuildNativeTypeToScriptingClass (11ms)
	initialDomainReloadingComplete (32ms)
	LoadAllAssembliesAndSetupDomain (213ms)
		LoadAssemblies (288ms)
		RebuildTransferFunctionScriptingTraits (0ms)
		AnalyzeDomain (13ms)
			TypeCache.Refresh (5ms)
				TypeCache.ScanAssembly (0ms)
			ScanForSourceGeneratedMonoScriptInfo (0ms)
			ResolveRequiredComponents (6ms)
	FinalizeReload (927ms)
		ReleaseScriptCaches (0ms)
		RebuildScriptCaches (0ms)
		SetupLoadedEditorAssemblies (377ms)
			LogAssemblyErrors (0ms)
			InitializePlatformSupportModulesInManaged (8ms)
			SetLoadedEditorAssemblies (4ms)
			RefreshPlugins (0ms)
			BeforeProcessingInitializeOnLoad (63ms)
			ProcessInitializeOnLoadAttributes (275ms)
			ProcessInitializeOnLoadMethodAttributes (19ms)
			AfterProcessingInitializeOnLoad (9ms)
			EditorAssembliesLoaded (0ms)
		ExecutionOrderSort2 (0ms)
		AwakeInstancesAfterBackupRestoration (8ms)
Refreshing native plugins compatible for Editor in 10.96 ms, found 3 plugins.
Preloading 0 native plugins for Editor in 0.00 ms.
Unloading 3158 Unused Serialized files (Serialized files now loaded: 0)
Unloading 23 unused Assets / (31.2 KB). Loaded Objects now: 3660.
Memory consumption went from 138.8 MB to 138.8 MB.
Total: 3.510900 ms (FindLiveObjects: 0.355900 ms CreateObjectMapping: 0.128300 ms MarkObjects: 2.969100 ms  DeleteObjects: 0.056700 ms)

Prepare: number of updated asset objects reloaded= 0
AssetImportParameters requested are different than current active one (requested -> active):
  custom:container-demuxer-ogg: 62fdf1f143b41e24485cea50d1cbac27 -> 
  custom:video-codec-MediaFoundation-h265: 746d11721c4dcdbdad8f713fa42b33f4 -> 
  custom:video-decoder-ogg-theora: a1e56fd34408186e4bbccfd4996cb3dc -> 
  custom:framework-win-MediaFoundation: 216162199b28c13a410421893ffa2e32 -> 
  custom:CustomObjectIndexerAttribute: 6d391050e5a25f67b0a2c618074f2cd9 -> 
  custom:container-demuxer-webm: 4f35f7cbe854078d1ac9338744f61a02 -> 
  custom:container-muxer-webm: aa71ff27fc2769a1b78a27578f13a17b -> 
  custom:video-decoder-webm-vp8: 9c59270c3fd7afecdb556c50c9e8de78 -> 
  custom:SearchIndexIgnoredProperties: e643bd26f0fe6173181afceb89e7c659 -> 
  custom:AudioImporter_EditorPlatform: d09bf68614088b80899f8185d706f6e7 -> 
  custom:video-encoder-webm-vp8: eb34c28f22e8b96e1ab97ce403110664 -> 
  custom:audio-decoder-ogg-vorbis: bf7c407c2cedff20999df2af8eb42d56 -> 
  custom:audio-encoder-webm-vorbis: bf7c407c2cedff20999df2af8eb42d56 -> 
