Using pre-set license
Built from '2022.3/staging' branch; Version is '2022.3.17f1 (4fc78088f837) revision 5228416'; Using compiler version '192829333'; Build Type 'Release'
OS: 'Windows 11  (10.0.22631) 64bit Core' Language: 'en' Physical Memory: 15775 MB
BatchMode: 1, IsHumanControllingUs: 0, StartBugReporterOnCrash: 0, Is64bit: 1, IsPro: 1

COMMAND LINE ARGUMENTS:
C:\Program Files\Unity\Hub\Editor\2022.3.17f1\Editor\Unity.exe
-adb2
-batchMode
-noUpm
-name
AssetImportWorker6
-projectPath
C:/Users/ethan/Desktop/upload/From-the-Shadows/From the Shadows
-logFile
Logs/AssetImportWorker6.log
-srvPort
61506
Successfully changed project path to: C:/Users/ethan/Desktop/upload/From-the-Shadows/From the Shadows
C:/Users/ethan/Desktop/upload/From-the-Shadows/From the Shadows
[UnityMemory] Configuration Parameters - Can be set up in boot.config
    "memorysetup-bucket-allocator-granularity=16"
    "memorysetup-bucket-allocator-bucket-count=8"
    "memorysetup-bucket-allocator-block-size=33554432"
    "memorysetup-bucket-allocator-block-count=8"
    "memorysetup-main-allocator-block-size=16777216"
    "memorysetup-thread-allocator-block-size=16777216"
    "memorysetup-gfx-main-allocator-block-size=16777216"
    "memorysetup-gfx-thread-allocator-block-size=16777216"
    "memorysetup-cache-allocator-block-size=4194304"
    "memorysetup-typetree-allocator-block-size=2097152"
    "memorysetup-profiler-bucket-allocator-granularity=16"
    "memorysetup-profiler-bucket-allocator-bucket-count=8"
    "memorysetup-profiler-bucket-allocator-block-size=33554432"
    "memorysetup-profiler-bucket-allocator-block-count=8"
    "memorysetup-profiler-allocator-block-size=16777216"
    "memorysetup-profiler-editor-allocator-block-size=1048576"
    "memorysetup-temp-allocator-size-main=16777216"
    "memorysetup-job-temp-allocator-block-size=2097152"
    "memorysetup-job-temp-allocator-block-size-background=1048576"
    "memorysetup-job-temp-allocator-reduction-small-platforms=262144"
    "memorysetup-allocator-temp-initial-block-size-main=262144"
    "memorysetup-allocator-temp-initial-block-size-worker=262144"
    "memorysetup-temp-allocator-size-background-worker=32768"
    "memorysetup-temp-allocator-size-job-worker=262144"
    "memorysetup-temp-allocator-size-preload-manager=33554432"
    "memorysetup-temp-allocator-size-nav-mesh-worker=65536"
    "memorysetup-temp-allocator-size-audio-worker=65536"
    "memorysetup-temp-allocator-size-cloud-worker=32768"
    "memorysetup-temp-allocator-size-gi-baking-worker=262144"
    "memorysetup-temp-allocator-size-gfx=262144"
Player connection [30820] Host "[IP] 10.0.0.137 [Port] 0 [Flags] 2 [Guid] 2612107865 [EditorId] 2612107865 [Version] 1048832 [Id] WindowsEditor(7,LAPTOP-BNVI49SF) [Debug] 1 [PackageName] WindowsEditor [ProjectName] Editor" joined multi-casting on [225.0.0.222:54997]...

Player connection [30820] Host "[IP] 10.0.0.137 [Port] 0 [Flags] 2 [Guid] 2612107865 [EditorId] 2612107865 [Version] 1048832 [Id] WindowsEditor(7,LAPTOP-BNVI49SF) [Debug] 1 [PackageName] WindowsEditor [ProjectName] Editor" joined alternative multi-casting on [225.0.0.222:34997]...

[Physics::Module] Initialized MultithreadedJobDispatcher with 15 workers.
Refreshing native plugins compatible for Editor in 12.42 ms, found 3 plugins.
Preloading 0 native plugins for Editor in 0.00 ms.
Initialize engine version: 2022.3.17f1 (4fc78088f837)
[Subsystems] Discovering subsystems at path C:/Program Files/Unity/Hub/Editor/2022.3.17f1/Editor/Data/Resources/UnitySubsystems
[Subsystems] Discovering subsystems at path C:/Users/ethan/Desktop/upload/From-the-Shadows/From the Shadows/Assets
GfxDevice: creating device client; threaded=0; jobified=0
Direct3D:
    Version:  Direct3D 11.0 [level 11.1]
    Renderer: NVIDIA GeForce GTX 1650 (ID=0x1f9d)
    Vendor:   NVIDIA
    VRAM:     3950 MB
    Driver:   31.0.15.3168
Initialize mono
Mono path[0] = 'C:/Program Files/Unity/Hub/Editor/2022.3.17f1/Editor/Data/Managed'
Mono path[1] = 'C:/Program Files/Unity/Hub/Editor/2022.3.17f1/Editor/Data/MonoBleedingEdge/lib/mono/unityjit-win32'
Mono config path = 'C:/Program Files/Unity/Hub/Editor/2022.3.17f1/Editor/Data/MonoBleedingEdge/etc'
Using monoOptions --debugger-agent=transport=dt_socket,embedding=1,server=y,suspend=n,address=127.0.0.1:56664
Begin MonoManager ReloadAssembly
Registering precompiled unity dll's ...
Register platform support module: C:/Program Files/Unity/Hub/Editor/2022.3.17f1/Editor/Data/PlaybackEngines/WebGLSupport/UnityEditor.WebGL.Extensions.dll
Register platform support module: C:/Program Files/Unity/Hub/Editor/2022.3.17f1/Editor/Data/PlaybackEngines/WindowsStandaloneSupport/UnityEditor.WindowsStandalone.Extensions.dll
Registered in 0.008562 seconds.
- Loaded All Assemblies, in  0.365 seconds
Native extension for WindowsStandalone target not found
Native extension for WebGL target not found
Mono: successfully reloaded assembly
- Finished resetting the current domain, in  0.295 seconds
Domain Reload Profiling: 659ms
	BeginReloadAssembly (118ms)
		ExecutionOrderSort (0ms)
		DisableScriptedObjects (0ms)
		BackupInstance (0ms)
		ReleaseScriptingObjects (0ms)
		CreateAndSetChildDomain (1ms)
	RebuildCommonClasses (33ms)
	RebuildNativeTypeToScriptingClass (10ms)
	initialDomainReloadingComplete (59ms)
	LoadAllAssembliesAndSetupDomain (144ms)
		LoadAssemblies (114ms)
		RebuildTransferFunctionScriptingTraits (0ms)
		AnalyzeDomain (142ms)
			TypeCache.Refresh (140ms)
				TypeCache.ScanAssembly (127ms)
			ScanForSourceGeneratedMonoScriptInfo (0ms)
			ResolveRequiredComponents (0ms)
	FinalizeReload (296ms)
		ReleaseScriptCaches (0ms)
		RebuildScriptCaches (0ms)
		SetupLoadedEditorAssemblies (240ms)
			LogAssemblyErrors (0ms)
			InitializePlatformSupportModulesInManaged (11ms)
			SetLoadedEditorAssemblies (5ms)
			RefreshPlugins (0ms)
			BeforeProcessingInitializeOnLoad (2ms)
			ProcessInitializeOnLoadAttributes (162ms)
			ProcessInitializeOnLoadMethodAttributes (59ms)
			AfterProcessingInitializeOnLoad (0ms)
			EditorAssembliesLoaded (0ms)
		ExecutionOrderSort2 (0ms)
		AwakeInstancesAfterBackupRestoration (0ms)
========================================================================
Worker process is ready to serve import requests
Begin MonoManager ReloadAssembly
- Loaded All Assemblies, in  0.662 seconds
Refreshing native plugins compatible for Editor in 4.45 ms, found 3 plugins.
Native extension for WindowsStandalone target not found
Native extension for WebGL target not found
Package Manager log level set to [2]
[Package Manager] Server::EnsureServerProcessIsRunning -- launch failed, reason: Unity was launched with the -noUpm command-line argument
[Package Manager] UpmClient::Send -- Unable to send message (not connected to UPM process).
[Package Manager] Cannot connect to Unity Package Manager local server
Mono: successfully reloaded assembly
- Finished resetting the current domain, in  0.645 seconds
Domain Reload Profiling: 1304ms
	BeginReloadAssembly (158ms)
		ExecutionOrderSort (0ms)
		DisableScriptedObjects (5ms)
		BackupInstance (0ms)
		ReleaseScriptingObjects (0ms)
		CreateAndSetChildDomain (25ms)
	RebuildCommonClasses (34ms)
	RebuildNativeTypeToScriptingClass (13ms)
	initialDomainReloadingComplete (52ms)
	LoadAllAssembliesAndSetupDomain (402ms)
		LoadAssemblies (301ms)
		RebuildTransferFunctionScriptingTraits (0ms)
		AnalyzeDomain (193ms)
			TypeCache.Refresh (171ms)
				TypeCache.ScanAssembly (155ms)
			ScanForSourceGeneratedMonoScriptInfo (16ms)
			ResolveRequiredComponents (4ms)
	FinalizeReload (645ms)
		ReleaseScriptCaches (0ms)
		RebuildScriptCaches (0ms)
		SetupLoadedEditorAssemblies (468ms)
			LogAssemblyErrors (0ms)
			InitializePlatformSupportModulesInManaged (8ms)
			SetLoadedEditorAssemblies (5ms)
			RefreshPlugins (0ms)
			BeforeProcessingInitializeOnLoad (71ms)
			ProcessInitializeOnLoadAttributes (358ms)
			ProcessInitializeOnLoadMethodAttributes (19ms)
			AfterProcessingInitializeOnLoad (8ms)
			EditorAssembliesLoaded (0ms)
		ExecutionOrderSort2 (0ms)
		AwakeInstancesAfterBackupRestoration (6ms)
Launched and connected shader compiler UnityShaderCompiler.exe after 0.04 seconds
Refreshing native plugins compatible for Editor in 8.77 ms, found 3 plugins.
Preloading 0 native plugins for Editor in 0.00 ms.
Unloading 3172 Unused Serialized files (Serialized files now loaded: 0)
Unloading 32 unused Assets / (57.3 KB). Loaded Objects now: 3653.
Memory consumption went from 137.1 MB to 137.0 MB.
Total: 6.730200 ms (FindLiveObjects: 0.596400 ms CreateObjectMapping: 0.201800 ms MarkObjects: 5.706100 ms  DeleteObjects: 0.224100 ms)

AssetImportParameters requested are different than current active one (requested -> active):
  custom:container-demuxer-ogg: 62fdf1f143b41e24485cea50d1cbac27 -> 
  custom:video-codec-MediaFoundation-h265: 746d11721c4dcdbdad8f713fa42b33f4 -> 
  custom:video-decoder-ogg-theora: a1e56fd34408186e4bbccfd4996cb3dc -> 
  custom:framework-win-MediaFoundation: 216162199b28c13a410421893ffa2e32 -> 
  custom:CustomObjectIndexerAttribute: 6d391050e5a25f67b0a2c618074f2cd9 -> 
  custom:container-demuxer-webm: 4f35f7cbe854078d1ac9338744f61a02 -> 
  custom:container-muxer-webm: aa71ff27fc2769a1b78a27578f13a17b -> 
  custom:video-decoder-webm-vp8: 9c59270c3fd7afecdb556c50c9e8de78 -> 
  custom:SearchIndexIgnoredProperties: e643bd26f0fe6173181afceb89e7c659 -> 
  custom:AudioImporter_EditorPlatform: d09bf68614088b80899f8185d706f6e7 -> 
  custom:video-encoder-webm-vp8: eb34c28f22e8b96e1ab97ce403110664 -> 
  custom:audio-decoder-ogg-vorbis: bf7c407c2cedff20999df2af8eb42d56 -> 
  custom:audio-encoder-webm-vorbis: bf7c407c2cedff20999df2af8eb42d56 -> 
========================================================================
Received Prepare
Begin MonoManager ReloadAssembly
- Loaded All Assemblies, in  0.429 seconds
Refreshing native plugins compatible for Editor in 4.16 ms, found 3 plugins.
Native extension for WindowsStandalone target not found
Native extension for WebGL target not found
[Package Manager] Server::EnsureServerProcessIsRunning -- launch failed, reason: Unity was launched with the -noUpm command-line argument
[Package Manager] UpmClient::Send -- Unable to send message (not connected to UPM process).
[Package Manager] Cannot connect to Unity Package Manager local server
Mono: successfully reloaded assembly
- Finished resetting the current domain, in  0.964 seconds
Domain Reload Profiling: 1391ms
	BeginReloadAssembly (154ms)
		ExecutionOrderSort (0ms)
		DisableScriptedObjects (5ms)
		BackupInstance (0ms)
		ReleaseScriptingObjects (0ms)
		CreateAndSetChildDomain (34ms)
	RebuildCommonClasses (30ms)
	RebuildNativeTypeToScriptingClass (10ms)
	initialDomainReloadingComplete (31ms)
	LoadAllAssembliesAndSetupDomain (202ms)
		LoadAssemblies (270ms)
		RebuildTransferFunctionScriptingTraits (0ms)
		AnalyzeDomain (10ms)
			TypeCache.Refresh (5ms)
				TypeCache.ScanAssembly (0ms)
			ScanForSourceGeneratedMonoScriptInfo (0ms)
			ResolveRequiredComponents (4ms)
	FinalizeReload (965ms)
		ReleaseScriptCaches (0ms)
		RebuildScriptCaches (0ms)
		SetupLoadedEditorAssemblies (425ms)
			LogAssemblyErrors (0ms)
			InitializePlatformSupportModulesInManaged (6ms)
			SetLoadedEditorAssemblies (4ms)
			RefreshPlugins (0ms)
			BeforeProcessingInitializeOnLoad (60ms)
			ProcessInitializeOnLoadAttributes (324ms)
			ProcessInitializeOnLoadMethodAttributes (22ms)
			AfterProcessingInitializeOnLoad (8ms)
			EditorAssembliesLoaded (0ms)
		ExecutionOrderSort2 (0ms)
		AwakeInstancesAfterBackupRestoration (8ms)
Refreshing native plugins compatible for Editor in 4.42 ms, found 3 plugins.
Preloading 0 native plugins for Editor in 0.00 ms.
Unloading 3165 Unused Serialized files (Serialized files now loaded: 0)
Unloading 23 unused Assets / (31.0 KB). Loaded Objects now: 3656.
Memory consumption went from 137.7 MB to 137.7 MB.
Total: 3.367900 ms (FindLiveObjects: 0.368100 ms CreateObjectMapping: 0.107500 ms MarkObjects: 2.791800 ms  DeleteObjects: 0.099400 ms)

Prepare: number of updated asset objects reloaded= 0
AssetImportParameters requested are different than current active one (requested -> active):
  custom:container-demuxer-ogg: 62fdf1f143b41e24485cea50d1cbac27 -> 
  custom:video-codec-MediaFoundation-h265: 746d11721c4dcdbdad8f713fa42b33f4 -> 
  custom:video-decoder-ogg-theora: a1e56fd34408186e4bbccfd4996cb3dc -> 
  custom:framework-win-MediaFoundation: 216162199b28c13a410421893ffa2e32 -> 
  custom:CustomObjectIndexerAttribute: 6d391050e5a25f67b0a2c618074f2cd9 -> 
  custom:container-demuxer-webm: 4f35f7cbe854078d1ac9338744f61a02 -> 
  custom:container-muxer-webm: aa71ff27fc2769a1b78a27578f13a17b -> 
  custom:video-decoder-webm-vp8: 9c59270c3fd7afecdb556c50c9e8de78 -> 
  custom:SearchIndexIgnoredProperties: e643bd26f0fe6173181afceb89e7c659 -> 
  custom:AudioImporter_EditorPlatform: d09bf68614088b80899f8185d706f6e7 -> 
  custom:video-encoder-webm-vp8: eb34c28f22e8b96e1ab97ce403110664 -> 
  custom:audio-decoder-ogg-vorbis: bf7c407c2cedff20999df2af8eb42d56 -> 
  custom:audio-encoder-webm-vorbis: bf7c407c2cedff20999df2af8eb42d56 -> 
========================================================================
Received Prepare
Begin MonoManager ReloadAssembly
- Loaded All Assemblies, in  0.493 seconds
Refreshing native plugins compatible for Editor in 4.95 ms, found 3 plugins.
Native extension for WindowsStandalone target not found
Native extension for WebGL target not found
[Package Manager] Server::EnsureServerProcessIsRunning -- launch failed, reason: Unity was launched with the -noUpm command-line argument
[Package Manager] UpmClient::Send -- Unable to send message (not connected to UPM process).
[Package Manager] Cannot connect to Unity Package Manager local server
Mono: successfully reloaded assembly
- Finished resetting the current domain, in  1.093 seconds
Domain Reload Profiling: 1583ms
	BeginReloadAssembly (168ms)
		ExecutionOrderSort (0ms)
		DisableScriptedObjects (5ms)
		BackupInstance (0ms)
		ReleaseScriptingObjects (0ms)
		CreateAndSetChildDomain (37ms)
	RebuildCommonClasses (34ms)
	RebuildNativeTypeToScriptingClass (12ms)
	initialDomainReloadingComplete (34ms)
	LoadAllAssembliesAndSetupDomain (240ms)
		LoadAssemblies (321ms)
		RebuildTransferFunctionScriptingTraits (0ms)
		AnalyzeDomain (11ms)
			TypeCache.Refresh (5ms)
				TypeCache.ScanAssembly (0ms)
			ScanForSourceGeneratedMonoScriptInfo (0ms)
			ResolveRequiredComponents (5ms)
	FinalizeReload (1094ms)
		ReleaseScriptCaches (0ms)
		RebuildScriptCaches (0ms)
		SetupLoadedEditorAssemblies (499ms)
			LogAssemblyErrors (0ms)
			InitializePlatformSupportModulesInManaged (9ms)
			SetLoadedEditorAssemblies (5ms)
			RefreshPlugins (0ms)
			BeforeProcessingInitializeOnLoad (77ms)
			ProcessInitializeOnLoadAttributes (366ms)
			ProcessInitializeOnLoadMethodAttributes (33ms)
			AfterProcessingInitializeOnLoad (10ms)
			EditorAssembliesLoaded (0ms)
		ExecutionOrderSort2 (0ms)
		AwakeInstancesAfterBackupRestoration (8ms)
Refreshing native plugins compatible for Editor in 5.30 ms, found 3 plugins.
Preloading 0 native plugins for Editor in 0.00 ms.
Unloading 3165 Unused Serialized files (Serialized files now loaded: 0)
Unloading 23 unused Assets / (31.0 KB). Loaded Objects now: 3659.
Memory consumption went from 139.6 MB to 139.6 MB.
Total: 4.435000 ms (FindLiveObjects: 0.742500 ms CreateObjectMapping: 0.187800 ms MarkObjects: 3.419300 ms  DeleteObjects: 0.084000 ms)

Prepare: number of updated asset objects reloaded= 0
AssetImportParameters requested are different than current active one (requested -> active):
  custom:container-demuxer-ogg: 62fdf1f143b41e24485cea50d1cbac27 -> 
  custom:video-codec-MediaFoundation-h265: 746d11721c4dcdbdad8f713fa42b33f4 -> 
  custom:video-decoder-ogg-theora: a1e56fd34408186e4bbccfd4996cb3dc -> 
  custom:framework-win-MediaFoundation: 216162199b28c13a410421893ffa2e32 -> 
  custom:CustomObjectIndexerAttribute: 6d391050e5a25f67b0a2c618074f2cd9 -> 
  custom:container-demuxer-webm: 4f35f7cbe854078d1ac9338744f61a02 -> 
  custom:container-muxer-webm: aa71ff27fc2769a1b78a27578f13a17b -> 
  custom:video-decoder-webm-vp8: 9c59270c3fd7afecdb556c50c9e8de78 -> 
  custom:SearchIndexIgnoredProperties: e643bd26f0fe6173181afceb89e7c659 -> 
  custom:AudioImporter_EditorPlatform: d09bf68614088b80899f8185d706f6e7 -> 
  custom:video-encoder-webm-vp8: eb34c28f22e8b96e1ab97ce403110664 -> 
  custom:audio-decoder-ogg-vorbis: bf7c407c2cedff20999df2af8eb42d56 -> 
  custom:audio-encoder-webm-vorbis: bf7c407c2cedff20999df2af8eb42d56 -> 
========================================================================
Received Import Request.
  Time since last request: 1031414.870079 seconds.
  path: Assets/PolygonSamurai/Prefabs/FX/FX_Fire.prefab
  artifactKey: Guid(fabff3cbe4a4be24a90f7b23e155e025) Importer(815301076,1909f56bfc062723c751e8b465ee728b)
Start importing Assets/PolygonSamurai/Prefabs/FX/FX_Fire.prefab using Guid(fabff3cbe4a4be24a90f7b23e155e025) Importer(815301076,1909f56bfc062723c751e8b465ee728b)  -> (artifact id: '17a9d80e28780eb45dbe6e2e96d4438a') in 0.099166 seconds
Number of updated asset objects reloaded before import = 0
Number of asset objects unloaded after import = 7
========================================================================
Received Import Request.
  Time since last request: 0.000026 seconds.
  path: Assets/PolygonSamurai/Prefabs/FX/FX_Snow_Prefab_01.prefab
  artifactKey: Guid(0846cb50ffdd96242a1d5755efc425fd) Importer(815301076,1909f56bfc062723c751e8b465ee728b)
Start importing Assets/PolygonSamurai/Prefabs/FX/FX_Snow_Prefab_01.prefab using Guid(0846cb50ffdd96242a1d5755efc425fd) Importer(815301076,1909f56bfc062723c751e8b465ee728b)  -> (artifact id: '43858a2874241d256b4fe5cff22dc02a') in 0.013905 seconds
Number of updated asset objects reloaded before import = 0
Number of asset objects unloaded after import = 6
========================================================================
Received Import Request.
  Time since last request: 1.890395 seconds.
  path: Assets/PolygonSamurai/Prefabs/Props/SM_Prop_Bamboo_Pole_01.prefab
  artifactKey: Guid(46b1261fd9646e44a9677ffb227e6fe5) Importer(815301076,1909f56bfc062723c751e8b465ee728b)
Start importing Assets/PolygonSamurai/Prefabs/Props/SM_Prop_Bamboo_Pole_01.prefab using Guid(46b1261fd9646e44a9677ffb227e6fe5) Importer(815301076,1909f56bfc062723c751e8b465ee728b)  -> (artifact id: '5fccdc792a19aa2199f2cac996018e06') in 0.040100 seconds
Number of updated asset objects reloaded before import = 0
Number of asset objects unloaded after import = 11
========================================================================
Received Import Request.
  Time since last request: 0.000021 seconds.
  path: Assets/PolygonSamurai/Prefabs/Props/SM_Prop_Bowl_Large_01.prefab
  artifactKey: Guid(758688a53520c8e47a63f6af2b0d875c) Importer(815301076,1909f56bfc062723c751e8b465ee728b)
Start importing Assets/PolygonSamurai/Prefabs/Props/SM_Prop_Bowl_Large_01.prefab using Guid(758688a53520c8e47a63f6af2b0d875c) Importer(815301076,1909f56bfc062723c751e8b465ee728b)  -> (artifact id: 'c0dfd2cb09d1f4c2655b8c879da8262f') in 0.023570 seconds
Number of updated asset objects reloaded before import = 0
Number of asset objects unloaded after import = 11
========================================================================
Received Import Request.
  Time since last request: 0.008071 seconds.
  path: Assets/PolygonSamurai/Prefabs/Props/SM_Prop_Fan_01.prefab
  artifactKey: Guid(8a22506deb5dee24aa46ea0dbae158fc) Importer(815301076,1909f56bfc062723c751e8b465ee728b)
Start importing Assets/PolygonSamurai/Prefabs/Props/SM_Prop_Fan_01.prefab using Guid(8a22506deb5dee24aa46ea0dbae158fc) Importer(815301076,1909f56bfc062723c751e8b465ee728b)  -> (artifact id: '026b444b95682fffcf2223f1b0652892') in 0.021806 seconds
Number of updated asset objects reloaded before import = 0
Number of asset objects unloaded after import = 11
========================================================================
Received Import Request.
  Time since last request: 0.000023 seconds.
  path: Assets/PolygonSamurai/Prefabs/Props/SM_Prop_Fan_03.prefab
  artifactKey: Guid(b1274e88244349b42882f36ba548c96b) Importer(815301076,1909f56bfc062723c751e8b465ee728b)
Start importing Assets/PolygonSamurai/Prefabs/Props/SM_Prop_Fan_03.prefab using Guid(b1274e88244349b42882f36ba548c96b) Importer(815301076,1909f56bfc062723c751e8b465ee728b)  -> (artifact id: '5fbfea5f70e2ac8173a82703bdb2e80d') in 0.021654 seconds
Number of updated asset objects reloaded before import = 0
Number of asset objects unloaded after import = 11
========================================================================
Received Import Request.
  Time since last request: 0.000018 seconds.
  path: Assets/PolygonSamurai/Prefabs/Props/SM_Prop_Fence_Simple_Straight_01.prefab
  artifactKey: Guid(e2d0fbabd8eba404cb9b00cdfde098ce) Importer(815301076,1909f56bfc062723c751e8b465ee728b)
Start importing Assets/PolygonSamurai/Prefabs/Props/SM_Prop_Fence_Simple_Straight_01.prefab using Guid(e2d0fbabd8eba404cb9b00cdfde098ce) Importer(815301076,1909f56bfc062723c751e8b465ee728b)  -> (artifact id: '4cfafdb1643c3a07fb91aebf249995e2') in 0.014561 seconds
Number of updated asset objects reloaded before import = 0
Number of asset objects unloaded after import = 11
========================================================================
Received Import Request.
  Time since last request: 0.000018 seconds.
  path: Assets/PolygonSamurai/Prefabs/Props/SM_Prop_Flute_01.prefab
  artifactKey: Guid(6603e885833ee8e44b574eca008f8791) Importer(815301076,1909f56bfc062723c751e8b465ee728b)
Start importing Assets/PolygonSamurai/Prefabs/Props/SM_Prop_Flute_01.prefab using Guid(6603e885833ee8e44b574eca008f8791) Importer(815301076,1909f56bfc062723c751e8b465ee728b)  -> (artifact id: '4d6b06b2cbc1833f76baaf6450859e02') in 0.019066 seconds
Number of updated asset objects reloaded before import = 0
Number of asset objects unloaded after import = 11
========================================================================
Received Import Request.
  Time since last request: 0.000018 seconds.
  path: Assets/PolygonSamurai/Prefabs/Props/SM_Prop_Flag_02.prefab
  artifactKey: Guid(59b8e56c411d498419db54e979d49875) Importer(815301076,1909f56bfc062723c751e8b465ee728b)
Start importing Assets/PolygonSamurai/Prefabs/Props/SM_Prop_Flag_02.prefab using Guid(59b8e56c411d498419db54e979d49875) Importer(815301076,1909f56bfc062723c751e8b465ee728b)  -> (artifact id: '96b6334127f0aa1f1a40843032e8d337') in 0.013099 seconds
Number of updated asset objects reloaded before import = 0
Number of asset objects unloaded after import = 11
========================================================================
Received Import Request.
  Time since last request: 0.000046 seconds.
  path: Assets/PolygonSamurai/Prefabs/Props/SM_Prop_Rope_01.prefab
  artifactKey: Guid(313e81110a1b6e64f9df76e1107986d5) Importer(815301076,1909f56bfc062723c751e8b465ee728b)
Start importing Assets/PolygonSamurai/Prefabs/Props/SM_Prop_Rope_01.prefab using Guid(313e81110a1b6e64f9df76e1107986d5) Importer(815301076,1909f56bfc062723c751e8b465ee728b)  -> (artifact id: '5ffff68f617c5e670f8ec1db30afb651') in 0.018080 seconds
Number of updated asset objects reloaded before import = 0
Number of asset objects unloaded after import = 11
========================================================================
Received Import Request.
  Time since last request: 0.000034 seconds.
  path: Assets/PolygonSamurai/Prefabs/Props/SM_Prop_Gong_02.prefab
  artifactKey: Guid(57bcca543177dd54d8b39d1fa8fa8aa6) Importer(815301076,1909f56bfc062723c751e8b465ee728b)
Start importing Assets/PolygonSamurai/Prefabs/Props/SM_Prop_Gong_02.prefab using Guid(57bcca543177dd54d8b39d1fa8fa8aa6) Importer(815301076,1909f56bfc062723c751e8b465ee728b)  -> (artifact id: '783effa0f087c7d67daa0ccafa3fa0ba') in 0.033407 seconds
Number of updated asset objects reloaded before import = 0
Number of asset objects unloaded after import = 13
========================================================================
Received Import Request.
  Time since last request: 0.000019 seconds.
  path: Assets/PolygonSamurai/Prefabs/Props/SM_Prop_Pot_05.prefab
  artifactKey: Guid(cf32fb5dd50b2af4da6af3dc49e6471c) Importer(815301076,1909f56bfc062723c751e8b465ee728b)
Start importing Assets/PolygonSamurai/Prefabs/Props/SM_Prop_Pot_05.prefab using Guid(cf32fb5dd50b2af4da6af3dc49e6471c) Importer(815301076,1909f56bfc062723c751e8b465ee728b)  -> (artifact id: 'fb653d363ffcfc35c4fce3162f625a03') in 0.025957 seconds
Number of updated asset objects reloaded before import = 0
Number of asset objects unloaded after import = 11
========================================================================
Received Import Request.
  Time since last request: 0.000022 seconds.
  path: Assets/PolygonSamurai/Prefabs/Props/SM_Prop_Fence_Simple_Post_01.prefab
  artifactKey: Guid(8554f55ca1abf6c49a1ad0563de06c40) Importer(815301076,1909f56bfc062723c751e8b465ee728b)
Start importing Assets/PolygonSamurai/Prefabs/Props/SM_Prop_Fence_Simple_Post_01.prefab using Guid(8554f55ca1abf6c49a1ad0563de06c40) Importer(815301076,1909f56bfc062723c751e8b465ee728b)  -> (artifact id: 'de02f06c389aa1dc65e1ef7a9b4ab853') in 0.024664 seconds
Number of updated asset objects reloaded before import = 0
Number of asset objects unloaded after import = 11
========================================================================
Received Import Request.
  Time since last request: 0.000030 seconds.
  path: Assets/PolygonSamurai/Prefabs/Props/SM_Prop_Fan_05.prefab
  artifactKey: Guid(625530126d9a2cb4a98ace8d9ee1d72b) Importer(815301076,1909f56bfc062723c751e8b465ee728b)
Start importing Assets/PolygonSamurai/Prefabs/Props/SM_Prop_Fan_05.prefab using Guid(625530126d9a2cb4a98ace8d9ee1d72b) Importer(815301076,1909f56bfc062723c751e8b465ee728b)  -> (artifact id: '4b6de22e9be45fc53af7a2481c60960f') in 0.023222 seconds
Number of updated asset objects reloaded before import = 0
Number of asset objects unloaded after import = 11
========================================================================
Received Import Request.
  Time since last request: 0.000016 seconds.
  path: Assets/PolygonSamurai/Prefabs/Props/SM_Prop_Pot_06.prefab
  artifactKey: Guid(f377bf2d0bd778443b66a4a960eb1da0) Importer(815301076,1909f56bfc062723c751e8b465ee728b)
Start importing Assets/PolygonSamurai/Prefabs/Props/SM_Prop_Pot_06.prefab using Guid(f377bf2d0bd778443b66a4a960eb1da0) Importer(815301076,1909f56bfc062723c751e8b465ee728b)  -> (artifact id: 'ca018288a0e80a8402838d35ce06051a') in 0.025588 seconds
Number of updated asset objects reloaded before import = 0
Number of asset objects unloaded after import = 11
========================================================================
Received Import Request.
  Time since last request: 0.000020 seconds.
  path: Assets/PolygonSamurai/Prefabs/Props/SM_Prop_Pot_04.prefab
  artifactKey: Guid(639bd5211e58d524aaf948a6ca884ee0) Importer(815301076,1909f56bfc062723c751e8b465ee728b)
Start importing Assets/PolygonSamurai/Prefabs/Props/SM_Prop_Pot_04.prefab using Guid(639bd5211e58d524aaf948a6ca884ee0) Importer(815301076,1909f56bfc062723c751e8b465ee728b)  -> (artifact id: '9087d651c2e4aaed746808482a02c216') in 0.018568 seconds
Number of updated asset objects reloaded before import = 0
Number of asset objects unloaded after import = 11
========================================================================
Received Import Request.
  Time since last request: 0.000020 seconds.
  path: Assets/PolygonSamurai/Prefabs/Props/SM_Prop_Gong_01.prefab
  artifactKey: Guid(1f190ff0fa2569b4eae237b58389b2e9) Importer(815301076,1909f56bfc062723c751e8b465ee728b)
Start importing Assets/PolygonSamurai/Prefabs/Props/SM_Prop_Gong_01.prefab using Guid(1f190ff0fa2569b4eae237b58389b2e9) Importer(815301076,1909f56bfc062723c751e8b465ee728b)  -> (artifact id: 'd0aed29ce2c6e633f74d4e73e65b3b37') in 0.020324 seconds
Number of updated asset objects reloaded before import = 0
Number of asset objects unloaded after import = 13
========================================================================
Received Import Request.
  Time since last request: 0.000029 seconds.
  path: Assets/PolygonSamurai/Prefabs/Props/SM_Prop_Paper_Lantern_01.prefab
  artifactKey: Guid(5bf2520ef3e005a4f9e67fdc5ba38bc6) Importer(815301076,1909f56bfc062723c751e8b465ee728b)
Start importing Assets/PolygonSamurai/Prefabs/Props/SM_Prop_Paper_Lantern_01.prefab using Guid(5bf2520ef3e005a4f9e67fdc5ba38bc6) Importer(815301076,1909f56bfc062723c751e8b465ee728b)  -> (artifact id: 'd937c6025947ae9f3dc4bbdfed392032') in 0.019324 seconds
Number of updated asset objects reloaded before import = 0
Number of asset objects unloaded after import = 11
========================================================================
Received Import Request.
  Time since last request: 0.000031 seconds.
  path: Assets/PolygonSamurai/Prefabs/Props/SM_Prop_Bonsai_01.prefab
  artifactKey: Guid(05e8923a74a854c4b909410b26f8df25) Importer(815301076,1909f56bfc062723c751e8b465ee728b)
Start importing Assets/PolygonSamurai/Prefabs/Props/SM_Prop_Bonsai_01.prefab using Guid(05e8923a74a854c4b909410b26f8df25) Importer(815301076,1909f56bfc062723c751e8b465ee728b)  -> (artifact id: 'a0986499118cf0932d7c07d5680f4540') in 0.020975 seconds
Number of updated asset objects reloaded before import = 0
Number of asset objects unloaded after import = 11
========================================================================
Received Import Request.
  Time since last request: 0.000038 seconds.
  path: Assets/PolygonSamurai/Prefabs/Props/SM_Prop_Bucket_Pole_01.prefab
  artifactKey: Guid(34812ad4fe3782b4f8565aa31d736f4d) Importer(815301076,1909f56bfc062723c751e8b465ee728b)
Start importing Assets/PolygonSamurai/Prefabs/Props/SM_Prop_Bucket_Pole_01.prefab using Guid(34812ad4fe3782b4f8565aa31d736f4d) Importer(815301076,1909f56bfc062723c751e8b465ee728b)  -> (artifact id: '36abd5942ed8bc6e0cc602a76800da39') in 0.024342 seconds
Number of updated asset objects reloaded before import = 0
Number of asset objects unloaded after import = 11
========================================================================
Received Import Request.
  Time since last request: 0.000022 seconds.
  path: Assets/PolygonSamurai/Prefabs/Props/SM_Prop_Rake_01.prefab
  artifactKey: Guid(e30d325e1b24f9a43a54e44026e83ab6) Importer(815301076,1909f56bfc062723c751e8b465ee728b)
Start importing Assets/PolygonSamurai/Prefabs/Props/SM_Prop_Rake_01.prefab using Guid(e30d325e1b24f9a43a54e44026e83ab6) Importer(815301076,1909f56bfc062723c751e8b465ee728b)  -> (artifact id: '9f6302ab449cc3acc06870e8380d3500') in 0.020085 seconds
Number of updated asset objects reloaded before import = 0
Number of asset objects unloaded after import = 11
========================================================================
Received Import Request.
  Time since last request: 0.000021 seconds.
  path: Assets/PolygonSamurai/Prefabs/Props/SM_Prop_CoinBag.prefab
  artifactKey: Guid(c0dbe3b15c7b44f41ade7a2190af4115) Importer(815301076,1909f56bfc062723c751e8b465ee728b)
Start importing Assets/PolygonSamurai/Prefabs/Props/SM_Prop_CoinBag.prefab using Guid(c0dbe3b15c7b44f41ade7a2190af4115) Importer(815301076,1909f56bfc062723c751e8b465ee728b)  -> (artifact id: 'cbe0c0ed98d18b9413e813c643e7eda0') in 0.022228 seconds
Number of updated asset objects reloaded before import = 0
Number of asset objects unloaded after import = 9
========================================================================
Received Import Request.
  Time since last request: 2.091517 seconds.
  path: Assets/PolygonSamurai/Prefabs/Props/SM_Prop_Shamisen_01.prefab
  artifactKey: Guid(e3b574df61478154292ea5daf500cdee) Importer(815301076,1909f56bfc062723c751e8b465ee728b)
Start importing Assets/PolygonSamurai/Prefabs/Props/SM_Prop_Shamisen_01.prefab using Guid(e3b574df61478154292ea5daf500cdee) Importer(815301076,1909f56bfc062723c751e8b465ee728b)  -> (artifact id: 'a825a26aa9600d94e9d52b6d71bcc7aa') in 0.015240 seconds
Number of updated asset objects reloaded before import = 0
Number of asset objects unloaded after import = 11
========================================================================
Received Import Request.
  Time since last request: 0.000038 seconds.
  path: Assets/PolygonSamurai/Prefabs/Props/SM_Prop_StoneBrazier_01.prefab
  artifactKey: Guid(5372fde17819ad04b83f83d3d5140c4c) Importer(815301076,1909f56bfc062723c751e8b465ee728b)
Start importing Assets/PolygonSamurai/Prefabs/Props/SM_Prop_StoneBrazier_01.prefab using Guid(5372fde17819ad04b83f83d3d5140c4c) Importer(815301076,1909f56bfc062723c751e8b465ee728b)  -> (artifact id: 'edc33fe5c9e28284633dc652e47622c3') in 0.021970 seconds
Number of updated asset objects reloaded before import = 0
Number of asset objects unloaded after import = 11
========================================================================
Received Import Request.
  Time since last request: 0.000024 seconds.
  path: Assets/PolygonSamurai/Prefabs/Props/SM_Prop_StoneCircle_01.prefab
  artifactKey: Guid(304f789bdbef1dc4c9548e3a2ede9d97) Importer(815301076,1909f56bfc062723c751e8b465ee728b)
Start importing Assets/PolygonSamurai/Prefabs/Props/SM_Prop_StoneCircle_01.prefab using Guid(304f789bdbef1dc4c9548e3a2ede9d97) Importer(815301076,1909f56bfc062723c751e8b465ee728b)  -> (artifact id: '4c8dad022e3b6e945d4ca41f67c8ee4a') in 0.019115 seconds
Number of updated asset objects reloaded before import = 0
Number of asset objects unloaded after import = 11
========================================================================
Received Import Request.
  Time since last request: 0.000026 seconds.
  path: Assets/PolygonSamurai/Prefabs/Props/SM_Prop_StoneBrazier_03.prefab
  artifactKey: Guid(9f409c3c86e8bb847bda3bfbb3059d5e) Importer(815301076,1909f56bfc062723c751e8b465ee728b)
Start importing Assets/PolygonSamurai/Prefabs/Props/SM_Prop_StoneBrazier_03.prefab using Guid(9f409c3c86e8bb847bda3bfbb3059d5e) Importer(815301076,1909f56bfc062723c751e8b465ee728b)  -> (artifact id: 'f8794a0401ef0d178814e2b2f40cac63') in 0.031892 seconds
Number of updated asset objects reloaded before import = 0
Number of asset objects unloaded after import = 11
========================================================================
Received Import Request.
  Time since last request: 0.000025 seconds.
  path: Assets/PolygonSamurai/Prefabs/Props/SM_Prop_StoneBrazier_02.prefab
  artifactKey: Guid(8334f17c91a51c04094168cdf3781322) Importer(815301076,1909f56bfc062723c751e8b465ee728b)
Start importing Assets/PolygonSamurai/Prefabs/Props/SM_Prop_StoneBrazier_02.prefab using Guid(8334f17c91a51c04094168cdf3781322) Importer(815301076,1909f56bfc062723c751e8b465ee728b)  -> (artifact id: 'c53f06fc99a69f7ce0ea740d4456c128') in 0.019931 seconds
Number of updated asset objects reloaded before import = 0
Number of asset objects unloaded after import = 11
========================================================================
Received Import Request.
  Time since last request: 2.458218 seconds.
  path: Assets/PolygonSamurai/Prefabs/Props/SM_Prop_Table_02.prefab
  artifactKey: Guid(59805285debd24546bc076229cb107cf) Importer(815301076,1909f56bfc062723c751e8b465ee728b)
Start importing Assets/PolygonSamurai/Prefabs/Props/SM_Prop_Table_02.prefab using Guid(59805285debd24546bc076229cb107cf) Importer(815301076,1909f56bfc062723c751e8b465ee728b)  -> (artifact id: '33f08669b69d02cd976f628bab23f49c') in 0.013669 seconds
Number of updated asset objects reloaded before import = 0
Number of asset objects unloaded after import = 11
========================================================================
Received Import Request.
  Time since last request: 0.000019 seconds.
  path: Assets/PolygonSamurai/Prefabs/Props/SM_Prop_Vegetables_01.prefab
  artifactKey: Guid(c0c21b0bdbbc8b34180fa760da53948f) Importer(815301076,1909f56bfc062723c751e8b465ee728b)
Start importing Assets/PolygonSamurai/Prefabs/Props/SM_Prop_Vegetables_01.prefab using Guid(c0c21b0bdbbc8b34180fa760da53948f) Importer(815301076,1909f56bfc062723c751e8b465ee728b)  -> (artifact id: '105250dfea920b2509b5f3cdd1726e0c') in 0.014198 seconds
Number of updated asset objects reloaded before import = 0
Number of asset objects unloaded after import = 11
========================================================================
Received Import Request.
  Time since last request: 0.000020 seconds.
  path: Assets/PolygonSamurai/Prefabs/Props/SM_Prop_Vegetables_05.prefab
  artifactKey: Guid(81899c45961d2654291b8e76eea29e19) Importer(815301076,1909f56bfc062723c751e8b465ee728b)
Start importing Assets/PolygonSamurai/Prefabs/Props/SM_Prop_Vegetables_05.prefab using Guid(81899c45961d2654291b8e76eea29e19) Importer(815301076,1909f56bfc062723c751e8b465ee728b)  -> (artifact id: 'e1b135ef124c43194d7146ac18ad523c') in 0.016640 seconds
Number of updated asset objects reloaded before import = 0
Number of asset objects unloaded after import = 11
========================================================================
Received Import Request.
  Time since last request: 0.000019 seconds.
  path: Assets/PolygonSamurai/Prefabs/Props/SM_Prop_Vegetables_04.prefab
  artifactKey: Guid(744af4e8823d0d245a50968433135757) Importer(815301076,1909f56bfc062723c751e8b465ee728b)
Start importing Assets/PolygonSamurai/Prefabs/Props/SM_Prop_Vegetables_04.prefab using Guid(744af4e8823d0d245a50968433135757) Importer(815301076,1909f56bfc062723c751e8b465ee728b)  -> (artifact id: '1c02fb912403eec442b9b22c664ccac7') in 0.019325 seconds
Number of updated asset objects reloaded before import = 0
Number of asset objects unloaded after import = 11
========================================================================
Received Import Request.
  Time since last request: 0.025767 seconds.
  path: Assets/PolygonSamurai/Prefabs/Props/SM_Prop_Vegetables_06.prefab
  artifactKey: Guid(c5fd97caccee7674290140f7f67b8c0a) Importer(815301076,1909f56bfc062723c751e8b465ee728b)
Start importing Assets/PolygonSamurai/Prefabs/Props/SM_Prop_Vegetables_06.prefab using Guid(c5fd97caccee7674290140f7f67b8c0a) Importer(815301076,1909f56bfc062723c751e8b465ee728b)  -> (artifact id: 'e4da52a7a45fa8b3b78827acf77fa9c2') in 0.025399 seconds
Number of updated asset objects reloaded before import = 0
Number of asset objects unloaded after import = 11
========================================================================
Received Import Request.
  Time since last request: 0.000026 seconds.
  path: Assets/PolygonSamurai/Prefabs/Props/SM_Prop_Vegetables_08.prefab
  artifactKey: Guid(0c7c634c0d26cb84883997f86bc7d8fc) Importer(815301076,1909f56bfc062723c751e8b465ee728b)
Start importing Assets/PolygonSamurai/Prefabs/Props/SM_Prop_Vegetables_08.prefab using Guid(0c7c634c0d26cb84883997f86bc7d8fc) Importer(815301076,1909f56bfc062723c751e8b465ee728b)  -> (artifact id: 'b09b035f1184cca03e844d7541b0f517') in 0.032974 seconds
Number of updated asset objects reloaded before import = 0
Number of asset objects unloaded after import = 11
========================================================================
Received Import Request.
  Time since last request: 0.000022 seconds.
  path: Assets/PolygonSamurai/Prefabs/Props/SM_Prop_Zen_Bamboo_01.prefab
  artifactKey: Guid(567455270b53ecc40b7114ee7081ee05) Importer(815301076,1909f56bfc062723c751e8b465ee728b)
Start importing Assets/PolygonSamurai/Prefabs/Props/SM_Prop_Zen_Bamboo_01.prefab using Guid(567455270b53ecc40b7114ee7081ee05) Importer(815301076,1909f56bfc062723c751e8b465ee728b)  -> (artifact id: '49c33eec44adae1f0b6116503cdbb0a3') in 0.018851 seconds
Number of updated asset objects reloaded before import = 0
Number of asset objects unloaded after import = 11
========================================================================
Received Import Request.
  Time since last request: 8.690354 seconds.
  path: Assets/PolygonSamurai/Prefabs/Snow/SM_Bld_Snow_Base_Large_02.prefab
  artifactKey: Guid(1b7873c54b0eb964ca6bff53d6c4437f) Importer(815301076,1909f56bfc062723c751e8b465ee728b)
Start importing Assets/PolygonSamurai/Prefabs/Snow/SM_Bld_Snow_Base_Large_02.prefab using Guid(1b7873c54b0eb964ca6bff53d6c4437f) Importer(815301076,1909f56bfc062723c751e8b465ee728b)  -> (artifact id: 'ffee07eb1c790e150918e0b335ed23a1') in 0.019010 seconds
Number of updated asset objects reloaded before import = 0
Number of asset objects unloaded after import = 12
========================================================================
Received Import Request.
  Time since last request: 0.004787 seconds.
  path: Assets/PolygonSamurai/Prefabs/Snow/SM_Bld_Snow_Base_Small_01.prefab
  artifactKey: Guid(5f95195f493ab724386720b29be1f5de) Importer(815301076,1909f56bfc062723c751e8b465ee728b)
Start importing Assets/PolygonSamurai/Prefabs/Snow/SM_Bld_Snow_Base_Small_01.prefab using Guid(5f95195f493ab724386720b29be1f5de) Importer(815301076,1909f56bfc062723c751e8b465ee728b)  -> (artifact id: '27e9f09e083e46f5b1de33129bddf330') in 0.019425 seconds
Number of updated asset objects reloaded before import = 0
Number of asset objects unloaded after import = 11
========================================================================
Received Import Request.
  Time since last request: 0.004716 seconds.
  path: Assets/PolygonSamurai/Prefabs/Snow/SM_Bld_Snow_Block_Stairs_01.prefab
  artifactKey: Guid(1abd4a9dca8bb874997a7a5ff88f3837) Importer(815301076,1909f56bfc062723c751e8b465ee728b)
Start importing Assets/PolygonSamurai/Prefabs/Snow/SM_Bld_Snow_Block_Stairs_01.prefab using Guid(1abd4a9dca8bb874997a7a5ff88f3837) Importer(815301076,1909f56bfc062723c751e8b465ee728b)  -> (artifact id: '0625f5b578c2842bee3f645eb7b67432') in 0.020633 seconds
Number of updated asset objects reloaded before import = 0
Number of asset objects unloaded after import = 11
========================================================================
Received Import Request.
  Time since last request: 0.004316 seconds.
  path: Assets/PolygonSamurai/Prefabs/Snow/SM_Bld_Snow_Castle_Base_Medium_Blank_01.prefab
  artifactKey: Guid(d236caaf3ce7afb4aaebd4d039c0e586) Importer(815301076,1909f56bfc062723c751e8b465ee728b)
Start importing Assets/PolygonSamurai/Prefabs/Snow/SM_Bld_Snow_Castle_Base_Medium_Blank_01.prefab using Guid(d236caaf3ce7afb4aaebd4d039c0e586) Importer(815301076,1909f56bfc062723c751e8b465ee728b)  -> (artifact id: '443eba9c1b8f759f5f280d7e6aa4feb6') in 0.019495 seconds
Number of updated asset objects reloaded before import = 0
Number of asset objects unloaded after import = 10
========================================================================
Received Import Request.
  Time since last request: 0.005463 seconds.
  path: Assets/PolygonSamurai/Prefabs/Snow/SM_Bld_Snow_Castle_Base_Top_01.prefab
  artifactKey: Guid(ed796e7b63035694c92ae30411008218) Importer(815301076,1909f56bfc062723c751e8b465ee728b)
Start importing Assets/PolygonSamurai/Prefabs/Snow/SM_Bld_Snow_Castle_Base_Top_01.prefab using Guid(ed796e7b63035694c92ae30411008218) Importer(815301076,1909f56bfc062723c751e8b465ee728b)  -> (artifact id: '29528a5701b34f536e57c0b919be8e96') in 0.019578 seconds
Number of updated asset objects reloaded before import = 0
Number of asset objects unloaded after import = 10
========================================================================
Received Import Request.
  Time since last request: 0.004611 seconds.
  path: Assets/PolygonSamurai/Prefabs/Snow/SM_Bld_Snow_Castle_Roof_Large_01.prefab
  artifactKey: Guid(092a0134219afca458c98a76afd7579a) Importer(815301076,1909f56bfc062723c751e8b465ee728b)
Start importing Assets/PolygonSamurai/Prefabs/Snow/SM_Bld_Snow_Castle_Roof_Large_01.prefab using Guid(092a0134219afca458c98a76afd7579a) Importer(815301076,1909f56bfc062723c751e8b465ee728b)  -> (artifact id: '1b6205c3bd004469e79f96ee97e3f3c5') in 0.020302 seconds
Number of updated asset objects reloaded before import = 0
Number of asset objects unloaded after import = 12
========================================================================
Received Import Request.
  Time since last request: 0.004760 seconds.
  path: Assets/PolygonSamurai/Prefabs/Snow/SM_Bld_Snow_Castle_Window_01.prefab
  artifactKey: Guid(284869e48fdb70c4c951bec578acd55a) Importer(815301076,1909f56bfc062723c751e8b465ee728b)
Start importing Assets/PolygonSamurai/Prefabs/Snow/SM_Bld_Snow_Castle_Window_01.prefab using Guid(284869e48fdb70c4c951bec578acd55a) Importer(815301076,1909f56bfc062723c751e8b465ee728b)  -> (artifact id: 'd65a9c585d7e46f46688945e10fb0bc7') in 0.020821 seconds
Number of updated asset objects reloaded before import = 0
Number of asset objects unloaded after import = 10
========================================================================
Received Import Request.
  Time since last request: 0.005432 seconds.
  path: Assets/PolygonSamurai/Prefabs/Snow/SM_Bld_Snow_House_Addon_04.prefab
  artifactKey: Guid(8fc9ae903672bfc4ba2e97c0f37bdf92) Importer(815301076,1909f56bfc062723c751e8b465ee728b)
Start importing Assets/PolygonSamurai/Prefabs/Snow/SM_Bld_Snow_House_Addon_04.prefab using Guid(8fc9ae903672bfc4ba2e97c0f37bdf92) Importer(815301076,1909f56bfc062723c751e8b465ee728b)  -> (artifact id: 'cf9347818ca3b6fc7c9125a5bfee94da') in 0.021639 seconds
Number of updated asset objects reloaded before import = 0
Number of asset objects unloaded after import = 18
========================================================================
Received Import Request.
  Time since last request: 0.004035 seconds.
  path: Assets/PolygonSamurai/Prefabs/Snow/SM_Bld_Snow_House_Base_Long_01.prefab
  artifactKey: Guid(30fda1117662d9a4aa534bc355fac96d) Importer(815301076,1909f56bfc062723c751e8b465ee728b)
Start importing Assets/PolygonSamurai/Prefabs/Snow/SM_Bld_Snow_House_Base_Long_01.prefab using Guid(30fda1117662d9a4aa534bc355fac96d) Importer(815301076,1909f56bfc062723c751e8b465ee728b)  -> (artifact id: '94618be576118a4f13ce72c326eaa519') in 0.020932 seconds
Number of updated asset objects reloaded before import = 0
Number of asset objects unloaded after import = 10
========================================================================
Received Import Request.
  Time since last request: 0.005315 seconds.
  path: Assets/PolygonSamurai/Prefabs/Snow/SM_Bld_Snow_House_Base_Long_Extension_01.prefab
  artifactKey: Guid(f76c913a24b03e2468c637f3b063ff98) Importer(815301076,1909f56bfc062723c751e8b465ee728b)
Start importing Assets/PolygonSamurai/Prefabs/Snow/SM_Bld_Snow_House_Base_Long_Extension_01.prefab using Guid(f76c913a24b03e2468c637f3b063ff98) Importer(815301076,1909f56bfc062723c751e8b465ee728b)  -> (artifact id: 'f64f80b93dd3238745234b2ba9f9a2e1') in 0.020937 seconds
Number of updated asset objects reloaded before import = 0
Number of asset objects unloaded after import = 24
Editor requested this worker to shutdown with reason: Scaling down because of idle timeout
TcpMessagingSession - receive error: operation aborted. errorcode: 995, details: The I/O operation has been aborted because of either a thread exit or an application request.
AssetImportWorker is now disconnected from the server
Process exiting
Exiting without the bug reporter. Application will terminate with return code 0