Using pre-set license
Built from '2022.3/staging' branch; Version is '2022.3.17f1 (4fc78088f837) revision 5228416'; Using compiler version '192829333'; Build Type 'Release'
OS: 'Windows 11  (10.0.22631) 64bit Core' Language: 'en' Physical Memory: 15775 MB
BatchMode: 1, IsHumanControllingUs: 0, StartBugReporterOnCrash: 0, Is64bit: 1, IsPro: 1

COMMAND LINE ARGUMENTS:
C:\Program Files\Unity\Hub\Editor\2022.3.17f1\Editor\Unity.exe
-adb2
-batchMode
-noUpm
-name
AssetImportWorker3
-projectPath
C:/Users/ethan/Desktop/upload/From-the-Shadows/From the Shadows
-logFile
Logs/AssetImportWorker3.log
-srvPort
61993
Successfully changed project path to: C:/Users/ethan/Desktop/upload/From-the-Shadows/From the Shadows
C:/Users/ethan/Desktop/upload/From-the-Shadows/From the Shadows
[UnityMemory] Configuration Parameters - Can be set up in boot.config
    "memorysetup-bucket-allocator-granularity=16"
    "memorysetup-bucket-allocator-bucket-count=8"
    "memorysetup-bucket-allocator-block-size=33554432"
    "memorysetup-bucket-allocator-block-count=8"
    "memorysetup-main-allocator-block-size=16777216"
    "memorysetup-thread-allocator-block-size=16777216"
    "memorysetup-gfx-main-allocator-block-size=16777216"
    "memorysetup-gfx-thread-allocator-block-size=16777216"
    "memorysetup-cache-allocator-block-size=4194304"
    "memorysetup-typetree-allocator-block-size=2097152"
    "memorysetup-profiler-bucket-allocator-granularity=16"
    "memorysetup-profiler-bucket-allocator-bucket-count=8"
    "memorysetup-profiler-bucket-allocator-block-size=33554432"
    "memorysetup-profiler-bucket-allocator-block-count=8"
    "memorysetup-profiler-allocator-block-size=16777216"
    "memorysetup-profiler-editor-allocator-block-size=1048576"
    "memorysetup-temp-allocator-size-main=16777216"
    "memorysetup-job-temp-allocator-block-size=2097152"
    "memorysetup-job-temp-allocator-block-size-background=1048576"
    "memorysetup-job-temp-allocator-reduction-small-platforms=262144"
    "memorysetup-allocator-temp-initial-block-size-main=262144"
    "memorysetup-allocator-temp-initial-block-size-worker=262144"
    "memorysetup-temp-allocator-size-background-worker=32768"
    "memorysetup-temp-allocator-size-job-worker=262144"
    "memorysetup-temp-allocator-size-preload-manager=33554432"
    "memorysetup-temp-allocator-size-nav-mesh-worker=65536"
    "memorysetup-temp-allocator-size-audio-worker=65536"
    "memorysetup-temp-allocator-size-cloud-worker=32768"
    "memorysetup-temp-allocator-size-gi-baking-worker=262144"
    "memorysetup-temp-allocator-size-gfx=262144"
Player connection [4928] Host "[IP] 172.21.112.1 [Port] 0 [Flags] 2 [Guid] 814569205 [EditorId] 814569205 [Version] 1048832 [Id] WindowsEditor(7,LAPTOP-BNVI49SF) [Debug] 1 [PackageName] WindowsEditor [ProjectName] Editor" joined multi-casting on [225.0.0.222:54997]...

Player connection [4928] Host "[IP] 172.21.112.1 [Port] 0 [Flags] 2 [Guid] 814569205 [EditorId] 814569205 [Version] 1048832 [Id] WindowsEditor(7,LAPTOP-BNVI49SF) [Debug] 1 [PackageName] WindowsEditor [ProjectName] Editor" joined alternative multi-casting on [225.0.0.222:34997]...

[Physics::Module] Initialized MultithreadedJobDispatcher with 15 workers.
Refreshing native plugins compatible for Editor in 17.56 ms, found 3 plugins.
Preloading 0 native plugins for Editor in 0.00 ms.
Initialize engine version: 2022.3.17f1 (4fc78088f837)
[Subsystems] Discovering subsystems at path C:/Program Files/Unity/Hub/Editor/2022.3.17f1/Editor/Data/Resources/UnitySubsystems
[Subsystems] Discovering subsystems at path C:/Users/ethan/Desktop/upload/From-the-Shadows/From the Shadows/Assets
GfxDevice: creating device client; threaded=0; jobified=0
Direct3D:
    Version:  Direct3D 11.0 [level 11.1]
    Renderer: NVIDIA GeForce GTX 1650 (ID=0x1f9d)
    Vendor:   NVIDIA
    VRAM:     3950 MB
    Driver:   31.0.15.3168
Initialize mono
Mono path[0] = 'C:/Program Files/Unity/Hub/Editor/2022.3.17f1/Editor/Data/Managed'
Mono path[1] = 'C:/Program Files/Unity/Hub/Editor/2022.3.17f1/Editor/Data/MonoBleedingEdge/lib/mono/unityjit-win32'
Mono config path = 'C:/Program Files/Unity/Hub/Editor/2022.3.17f1/Editor/Data/MonoBleedingEdge/etc'
Using monoOptions --debugger-agent=transport=dt_socket,embedding=1,server=y,suspend=n,address=127.0.0.1:56764
Begin MonoManager ReloadAssembly
Registering precompiled unity dll's ...
Register platform support module: C:/Program Files/Unity/Hub/Editor/2022.3.17f1/Editor/Data/PlaybackEngines/WebGLSupport/UnityEditor.WebGL.Extensions.dll
Register platform support module: C:/Program Files/Unity/Hub/Editor/2022.3.17f1/Editor/Data/PlaybackEngines/WindowsStandaloneSupport/UnityEditor.WindowsStandalone.Extensions.dll
Registered in 0.013175 seconds.
- Loaded All Assemblies, in  0.464 seconds
Native extension for WindowsStandalone target not found
Native extension for WebGL target not found
Mono: successfully reloaded assembly
- Finished resetting the current domain, in  0.293 seconds
Domain Reload Profiling: 755ms
	BeginReloadAssembly (193ms)
		ExecutionOrderSort (0ms)
		DisableScriptedObjects (0ms)
		BackupInstance (0ms)
		ReleaseScriptingObjects (0ms)
		CreateAndSetChildDomain (1ms)
	RebuildCommonClasses (39ms)
	RebuildNativeTypeToScriptingClass (12ms)
	initialDomainReloadingComplete (74ms)
	LoadAllAssembliesAndSetupDomain (143ms)
		LoadAssemblies (190ms)
		RebuildTransferFunctionScriptingTraits (0ms)
		AnalyzeDomain (141ms)
			TypeCache.Refresh (139ms)
				TypeCache.ScanAssembly (126ms)
			ScanForSourceGeneratedMonoScriptInfo (0ms)
			ResolveRequiredComponents (0ms)
	FinalizeReload (293ms)
		ReleaseScriptCaches (0ms)
		RebuildScriptCaches (0ms)
		SetupLoadedEditorAssemblies (234ms)
			LogAssemblyErrors (0ms)
			InitializePlatformSupportModulesInManaged (12ms)
			SetLoadedEditorAssemblies (5ms)
			RefreshPlugins (0ms)
			BeforeProcessingInitializeOnLoad (2ms)
			ProcessInitializeOnLoadAttributes (163ms)
			ProcessInitializeOnLoadMethodAttributes (52ms)
			AfterProcessingInitializeOnLoad (0ms)
			EditorAssembliesLoaded (0ms)
		ExecutionOrderSort2 (0ms)
		AwakeInstancesAfterBackupRestoration (0ms)
========================================================================
Worker process is ready to serve import requests
Begin MonoManager ReloadAssembly
- Loaded All Assemblies, in  0.753 seconds
Refreshing native plugins compatible for Editor in 4.72 ms, found 3 plugins.
Native extension for WindowsStandalone target not found
Native extension for WebGL target not found
Package Manager log level set to [2]
[Package Manager] Server::EnsureServerProcessIsRunning -- launch failed, reason: Unity was launched with the -noUpm command-line argument
[Package Manager] UpmClient::Send -- Unable to send message (not connected to UPM process).
[Package Manager] Cannot connect to Unity Package Manager local server
Mono: successfully reloaded assembly
- Finished resetting the current domain, in  0.610 seconds
Domain Reload Profiling: 1358ms
	BeginReloadAssembly (180ms)
		ExecutionOrderSort (0ms)
		DisableScriptedObjects (8ms)
		BackupInstance (0ms)
		ReleaseScriptingObjects (0ms)
		CreateAndSetChildDomain (22ms)
	RebuildCommonClasses (38ms)
	RebuildNativeTypeToScriptingClass (12ms)
	initialDomainReloadingComplete (60ms)
	LoadAllAssembliesAndSetupDomain (457ms)
		LoadAssemblies (391ms)
		RebuildTransferFunctionScriptingTraits (0ms)
		AnalyzeDomain (174ms)
			TypeCache.Refresh (154ms)
				TypeCache.ScanAssembly (140ms)
			ScanForSourceGeneratedMonoScriptInfo (15ms)
			ResolveRequiredComponents (4ms)
	FinalizeReload (611ms)
		ReleaseScriptCaches (0ms)
		RebuildScriptCaches (0ms)
		SetupLoadedEditorAssemblies (461ms)
			LogAssemblyErrors (0ms)
			InitializePlatformSupportModulesInManaged (8ms)
			SetLoadedEditorAssemblies (4ms)
			RefreshPlugins (0ms)
			BeforeProcessingInitializeOnLoad (70ms)
			ProcessInitializeOnLoadAttributes (344ms)
			ProcessInitializeOnLoadMethodAttributes (26ms)
			AfterProcessingInitializeOnLoad (8ms)
			EditorAssembliesLoaded (0ms)
		ExecutionOrderSort2 (0ms)
		AwakeInstancesAfterBackupRestoration (6ms)
Launched and connected shader compiler UnityShaderCompiler.exe after 0.05 seconds
Refreshing native plugins compatible for Editor in 14.73 ms, found 3 plugins.
Preloading 0 native plugins for Editor in 0.00 ms.
Unloading 3178 Unused Serialized files (Serialized files now loaded: 0)
Unloading 32 unused Assets / (57.1 KB). Loaded Objects now: 3642.
Memory consumption went from 131.2 MB to 131.2 MB.
Total: 13.178700 ms (FindLiveObjects: 2.632000 ms CreateObjectMapping: 1.356500 ms MarkObjects: 8.972400 ms  DeleteObjects: 0.215800 ms)

AssetImportParameters requested are different than current active one (requested -> active):
  custom:container-demuxer-ogg: 62fdf1f143b41e24485cea50d1cbac27 -> 
  custom:video-codec-MediaFoundation-h265: 746d11721c4dcdbdad8f713fa42b33f4 -> 
  custom:video-decoder-ogg-theora: a1e56fd34408186e4bbccfd4996cb3dc -> 
  custom:framework-win-MediaFoundation: 216162199b28c13a410421893ffa2e32 -> 
  custom:CustomObjectIndexerAttribute: 6d391050e5a25f67b0a2c618074f2cd9 -> 
  custom:container-demuxer-webm: 4f35f7cbe854078d1ac9338744f61a02 -> 
  custom:container-muxer-webm: aa71ff27fc2769a1b78a27578f13a17b -> 
  custom:video-decoder-webm-vp8: 9c59270c3fd7afecdb556c50c9e8de78 -> 
  custom:SearchIndexIgnoredProperties: e643bd26f0fe6173181afceb89e7c659 -> 
  custom:AudioImporter_EditorPlatform: d09bf68614088b80899f8185d706f6e7 -> 
  custom:video-encoder-webm-vp8: eb34c28f22e8b96e1ab97ce403110664 -> 
  custom:audio-decoder-ogg-vorbis: bf7c407c2cedff20999df2af8eb42d56 -> 
  custom:audio-encoder-webm-vorbis: bf7c407c2cedff20999df2af8eb42d56 -> 
========================================================================
Received Import Request.
  Time since last request: 434582.104591 seconds.
  path: Assets/PolygonSamurai/Prefabs/Environments/SM_Env_Bamboo_Tree_01.prefab
  artifactKey: Guid(4eccd96fd5d470a4ebcf08d6be459c23) Importer(815301076,1909f56bfc062723c751e8b465ee728b)
Start importing Assets/PolygonSamurai/Prefabs/Environments/SM_Env_Bamboo_Tree_01.prefab using Guid(4eccd96fd5d470a4ebcf08d6be459c23) Importer(815301076,1909f56bfc062723c751e8b465ee728b)  -> (artifact id: 'b44ae3dfba44da4a1b58f2e4e83d7913') in 0.142025 seconds
Number of updated asset objects reloaded before import = 0
Number of asset objects unloaded after import = 9
========================================================================
Received Import Request.
  Time since last request: 0.000043 seconds.
  path: Assets/PolygonSamurai/Prefabs/Environments/SM_Env_Bush_01.prefab
  artifactKey: Guid(8c701e5c327022a4ebdc63a77af08f17) Importer(815301076,1909f56bfc062723c751e8b465ee728b)
Start importing Assets/PolygonSamurai/Prefabs/Environments/SM_Env_Bush_01.prefab using Guid(8c701e5c327022a4ebdc63a77af08f17) Importer(815301076,1909f56bfc062723c751e8b465ee728b)  -> (artifact id: 'fdc6603ca28144d84f088acd0a2812c6') in 0.031313 seconds
Number of updated asset objects reloaded before import = 0
Number of asset objects unloaded after import = 9
========================================================================
Received Import Request.
  Time since last request: 0.778205 seconds.
  path: Assets/PolygonSamurai/Prefabs/Environments/SM_Env_DirtPath_02.prefab
  artifactKey: Guid(e5078773fedcadc43b2a5a6e38b714a1) Importer(815301076,1909f56bfc062723c751e8b465ee728b)
Start importing Assets/PolygonSamurai/Prefabs/Environments/SM_Env_DirtPath_02.prefab using Guid(e5078773fedcadc43b2a5a6e38b714a1) Importer(815301076,1909f56bfc062723c751e8b465ee728b)  -> (artifact id: 'd03e8cce3754a970280e2b5acd9fbf98') in 0.014270 seconds
Number of updated asset objects reloaded before import = 0
Number of asset objects unloaded after import = 10
========================================================================
Received Import Request.
  Time since last request: 0.932357 seconds.
  path: Assets/PolygonSamurai/Prefabs/Environments/SM_Env_Flowers_02.prefab
  artifactKey: Guid(8264d38330b69044a8a7dff1b33b4fa7) Importer(815301076,1909f56bfc062723c751e8b465ee728b)
Start importing Assets/PolygonSamurai/Prefabs/Environments/SM_Env_Flowers_02.prefab using Guid(8264d38330b69044a8a7dff1b33b4fa7) Importer(815301076,1909f56bfc062723c751e8b465ee728b)  -> (artifact id: '5fa237bf2c914c22f833afc1d30c5a94') in 0.033820 seconds
Number of updated asset objects reloaded before import = 0
Number of asset objects unloaded after import = 9
========================================================================
Received Import Request.
  Time since last request: 0.000017 seconds.
  path: Assets/PolygonSamurai/Prefabs/Environments/SM_Env_GroundMound_03.prefab
  artifactKey: Guid(a9174db97e3b3dc4f92d2bc47f8b6464) Importer(815301076,1909f56bfc062723c751e8b465ee728b)
Start importing Assets/PolygonSamurai/Prefabs/Environments/SM_Env_GroundMound_03.prefab using Guid(a9174db97e3b3dc4f92d2bc47f8b6464) Importer(815301076,1909f56bfc062723c751e8b465ee728b)  -> (artifact id: '255215272a51b26a3ca1f39a738e1620') in 0.013112 seconds
Number of updated asset objects reloaded before import = 0
Number of asset objects unloaded after import = 10
========================================================================
Received Import Request.
  Time since last request: 0.413295 seconds.
  path: Assets/PolygonSamurai/Prefabs/Environments/SM_Env_Hill_Cascade_03.prefab
  artifactKey: Guid(7fcb882b6013d7c49b689178d3be0317) Importer(815301076,1909f56bfc062723c751e8b465ee728b)
Start importing Assets/PolygonSamurai/Prefabs/Environments/SM_Env_Hill_Cascade_03.prefab using Guid(7fcb882b6013d7c49b689178d3be0317) Importer(815301076,1909f56bfc062723c751e8b465ee728b)  -> (artifact id: '24264249bb6bf868b3c2eaf215f090b4') in 0.017131 seconds
Number of updated asset objects reloaded before import = 0
Number of asset objects unloaded after import = 10
========================================================================
Received Import Request.
  Time since last request: 0.000026 seconds.
  path: Assets/PolygonSamurai/Prefabs/Environments/SM_Env_Lillypad_Large_02.prefab
  artifactKey: Guid(372b396d424dd694ab562de7a7f9bba2) Importer(815301076,1909f56bfc062723c751e8b465ee728b)
Start importing Assets/PolygonSamurai/Prefabs/Environments/SM_Env_Lillypad_Large_02.prefab using Guid(372b396d424dd694ab562de7a7f9bba2) Importer(815301076,1909f56bfc062723c751e8b465ee728b)  -> (artifact id: '0a0c807c4949897f4837b06942215d78') in 0.016531 seconds
Number of updated asset objects reloaded before import = 0
Number of asset objects unloaded after import = 9
========================================================================
Received Import Request.
  Time since last request: 0.606051 seconds.
  path: Assets/PolygonSamurai/Prefabs/Environments/SM_Env_Path_Straight_02.prefab
  artifactKey: Guid(fa137f7d0860a204a9ee3970de8ac823) Importer(815301076,1909f56bfc062723c751e8b465ee728b)
Start importing Assets/PolygonSamurai/Prefabs/Environments/SM_Env_Path_Straight_02.prefab using Guid(fa137f7d0860a204a9ee3970de8ac823) Importer(815301076,1909f56bfc062723c751e8b465ee728b)  -> (artifact id: '55e794ab6680ce3d17269566382629f6') in 0.021978 seconds
Number of updated asset objects reloaded before import = 0
Number of asset objects unloaded after import = 11
========================================================================
Received Import Request.
  Time since last request: 0.000030 seconds.
  path: Assets/PolygonSamurai/Prefabs/Environments/SM_Env_Path_TSection_01.prefab
  artifactKey: Guid(3d776f65859f5b14480d1e7d16384e97) Importer(815301076,1909f56bfc062723c751e8b465ee728b)
Start importing Assets/PolygonSamurai/Prefabs/Environments/SM_Env_Path_TSection_01.prefab using Guid(3d776f65859f5b14480d1e7d16384e97) Importer(815301076,1909f56bfc062723c751e8b465ee728b)  -> (artifact id: '5fae3a8304d8f2991ee31f51169763d1') in 0.020258 seconds
Number of updated asset objects reloaded before import = 0
Number of asset objects unloaded after import = 11
========================================================================
Received Import Request.
  Time since last request: 0.285919 seconds.
  path: Assets/PolygonSamurai/Prefabs/Environments/SM_Env_PondGround_02.prefab
  artifactKey: Guid(995d4e49c487c3949b4f44e01c66e1ab) Importer(815301076,1909f56bfc062723c751e8b465ee728b)
Start importing Assets/PolygonSamurai/Prefabs/Environments/SM_Env_PondGround_02.prefab using Guid(995d4e49c487c3949b4f44e01c66e1ab) Importer(815301076,1909f56bfc062723c751e8b465ee728b)  -> (artifact id: '1c567a12dacac45e14432b120094358c') in 0.015027 seconds
Number of updated asset objects reloaded before import = 0
Number of asset objects unloaded after import = 10
========================================================================
Received Import Request.
  Time since last request: 0.000019 seconds.
  path: Assets/PolygonSamurai/Prefabs/Environments/SM_Env_RicePlant_01.prefab
  artifactKey: Guid(b38971ffd2db94e47a9327178180b5c9) Importer(815301076,1909f56bfc062723c751e8b465ee728b)
Start importing Assets/PolygonSamurai/Prefabs/Environments/SM_Env_RicePlant_01.prefab using Guid(b38971ffd2db94e47a9327178180b5c9) Importer(815301076,1909f56bfc062723c751e8b465ee728b)  -> (artifact id: 'b411d428dcdd095bd7be3f9f624af3fd') in 0.016758 seconds
Number of updated asset objects reloaded before import = 0
Number of asset objects unloaded after import = 9
========================================================================
Received Import Request.
  Time since last request: 2.178084 seconds.
  path: Assets/PolygonSamurai/Prefabs/Environments/SM_Env_SteppingStone_01.prefab
  artifactKey: Guid(accfc68d2a56fbe4a939df14dd3999bf) Importer(815301076,1909f56bfc062723c751e8b465ee728b)
Start importing Assets/PolygonSamurai/Prefabs/Environments/SM_Env_SteppingStone_01.prefab using Guid(accfc68d2a56fbe4a939df14dd3999bf) Importer(815301076,1909f56bfc062723c751e8b465ee728b)  -> (artifact id: '9dfbfb6cd28d9a0d2d08ec67e8c30b41') in 0.019756 seconds
Number of updated asset objects reloaded before import = 0
Number of asset objects unloaded after import = 10
========================================================================
Received Import Request.
  Time since last request: 0.000019 seconds.
  path: Assets/PolygonSamurai/Prefabs/Environments/SM_Env_SteppingStone_02.prefab
  artifactKey: Guid(9d442dbeb186c044cbef98f75585b818) Importer(815301076,1909f56bfc062723c751e8b465ee728b)
Start importing Assets/PolygonSamurai/Prefabs/Environments/SM_Env_SteppingStone_02.prefab using Guid(9d442dbeb186c044cbef98f75585b818) Importer(815301076,1909f56bfc062723c751e8b465ee728b)  -> (artifact id: '64fa8a61b583517b58636ee448fa392b') in 0.027488 seconds
Number of updated asset objects reloaded before import = 0
Number of asset objects unloaded after import = 10
========================================================================
Received Import Request.
  Time since last request: 0.475532 seconds.
  path: Assets/PolygonSamurai/Prefabs/Environments/SM_Env_Tree_02.prefab
  artifactKey: Guid(e5e4bafcab767fc459df0280771e3a88) Importer(815301076,1909f56bfc062723c751e8b465ee728b)
Start importing Assets/PolygonSamurai/Prefabs/Environments/SM_Env_Tree_02.prefab using Guid(e5e4bafcab767fc459df0280771e3a88) Importer(815301076,1909f56bfc062723c751e8b465ee728b)  -> (artifact id: '0828836f9246b1341841190d820207a5') in 0.014410 seconds
Number of updated asset objects reloaded before import = 0
Number of asset objects unloaded after import = 11
========================================================================
Received Import Request.
  Time since last request: 0.000019 seconds.
  path: Assets/PolygonSamurai/Prefabs/Environments/SM_Env_WoodEdge_Corner_01.prefab
  artifactKey: Guid(18c0e8eb46512a548b9ca921ce99df0d) Importer(815301076,1909f56bfc062723c751e8b465ee728b)
Start importing Assets/PolygonSamurai/Prefabs/Environments/SM_Env_WoodEdge_Corner_01.prefab using Guid(18c0e8eb46512a548b9ca921ce99df0d) Importer(815301076,1909f56bfc062723c751e8b465ee728b)  -> (artifact id: 'c4c1a4e680bf73962a0b9108bf1e4f54') in 0.017036 seconds
Number of updated asset objects reloaded before import = 0
Number of asset objects unloaded after import = 10
Editor requested this worker to shutdown with reason: Scaling down because of idle timeout
TcpMessagingSession - receive error: operation aborted. errorcode: 995, details: The I/O operation has been aborted because of either a thread exit or an application request.
AssetImportWorker is now disconnected from the server
Process exiting
Exiting without the bug reporter. Application will terminate with return code 0